CRITICAL - 2024-06-11 12:31:34 --> Call to undefined method Purchases\Controllers\Purchases::respondNoContent()
#0 C:\wamp64\www\inventory-management\vendor\codeigniter4\framework\system\CodeIgniter.php(832): Purchases\Controllers\Purchases->searchProducts()
#1 C:\wamp64\www\inventory-management\vendor\codeigniter4\framework\system\CodeIgniter.php(419): CodeIgniter\CodeIgniter->runController(Object(Purchases\Controllers\Purchases))
#2 C:\wamp64\www\inventory-management\vendor\codeigniter4\framework\system\CodeIgniter.php(326): CodeIgniter\CodeIgniter->handleRequest(NULL, Object(Config\Cache), false)
#3 C:\wamp64\www\inventory-management\public\index.php(37): CodeIgniter\CodeIgniter->run()
#4 {main}
CRITICAL - 2024-06-11 12:31:34 --> Call to undefined method Purchases\Controllers\Purchases::respondNoContent()
#0 C:\wamp64\www\inventory-management\vendor\codeigniter4\framework\system\CodeIgniter.php(832): Purchases\Controllers\Purchases->searchProducts()
#1 C:\wamp64\www\inventory-management\vendor\codeigniter4\framework\system\CodeIgniter.php(419): CodeIgniter\CodeIgniter->runController(Object(Purchases\Controllers\Purchases))
#2 C:\wamp64\www\inventory-management\vendor\codeigniter4\framework\system\CodeIgniter.php(326): CodeIgniter\CodeIgniter->handleRequest(NULL, Object(Config\Cache), false)
#3 C:\wamp64\www\inventory-management\public\index.php(37): CodeIgniter\CodeIgniter->run()
#4 {main}
CRITICAL - 2024-06-11 12:31:35 --> Call to undefined method Purchases\Controllers\Purchases::respondNoContent()
#0 C:\wamp64\www\inventory-management\vendor\codeigniter4\framework\system\CodeIgniter.php(832): Purchases\Controllers\Purchases->searchProducts()
#1 C:\wamp64\www\inventory-management\vendor\codeigniter4\framework\system\CodeIgniter.php(419): CodeIgniter\CodeIgniter->runController(Object(Purchases\Controllers\Purchases))
#2 C:\wamp64\www\inventory-management\vendor\codeigniter4\framework\system\CodeIgniter.php(326): CodeIgniter\CodeIgniter->handleRequest(NULL, Object(Config\Cache), false)
#3 C:\wamp64\www\inventory-management\public\index.php(37): CodeIgniter\CodeIgniter->run()
#4 {main}
CRITICAL - 2024-06-11 12:31:36 --> Cannot use object of type stdClass as array
#0 C:\wamp64\www\inventory-management\vendor\codeigniter4\framework\system\CodeIgniter.php(832): Purchases\Controllers\Purchases->searchProducts()
#1 C:\wamp64\www\inventory-management\vendor\codeigniter4\framework\system\CodeIgniter.php(419): CodeIgniter\CodeIgniter->runController(Object(Purchases\Controllers\Purchases))
#2 C:\wamp64\www\inventory-management\vendor\codeigniter4\framework\system\CodeIgniter.php(326): CodeIgniter\CodeIgniter->handleRequest(NULL, Object(Config\Cache), false)
#3 C:\wamp64\www\inventory-management\public\index.php(37): CodeIgniter\CodeIgniter->run()
#4 {main}
CRITICAL - 2024-06-11 12:31:37 --> Cannot use object of type stdClass as array
#0 C:\wamp64\www\inventory-management\vendor\codeigniter4\framework\system\CodeIgniter.php(832): Purchases\Controllers\Purchases->searchProducts()
#1 C:\wamp64\www\inventory-management\vendor\codeigniter4\framework\system\CodeIgniter.php(419): CodeIgniter\CodeIgniter->runController(Object(Purchases\Controllers\Purchases))
#2 C:\wamp64\www\inventory-management\vendor\codeigniter4\framework\system\CodeIgniter.php(326): CodeIgniter\CodeIgniter->handleRequest(NULL, Object(Config\Cache), false)
#3 C:\wamp64\www\inventory-management\public\index.php(37): CodeIgniter\CodeIgniter->run()
#4 {main}
CRITICAL - 2024-06-11 12:32:24 --> Cannot use object of type stdClass as array
#0 C:\wamp64\www\inventory-management\vendor\codeigniter4\framework\system\CodeIgniter.php(832): Purchases\Controllers\Purchases->searchProducts()
#1 C:\wamp64\www\inventory-management\vendor\codeigniter4\framework\system\CodeIgniter.php(419): CodeIgniter\CodeIgniter->runController(Object(Purchases\Controllers\Purchases))
#2 C:\wamp64\www\inventory-management\vendor\codeigniter4\framework\system\CodeIgniter.php(326): CodeIgniter\CodeIgniter->handleRequest(NULL, Object(Config\Cache), false)
#3 C:\wamp64\www\inventory-management\public\index.php(37): CodeIgniter\CodeIgniter->run()
#4 {main}
CRITICAL - 2024-06-11 12:32:25 --> Cannot use object of type stdClass as array
#0 C:\wamp64\www\inventory-management\vendor\codeigniter4\framework\system\CodeIgniter.php(832): Purchases\Controllers\Purchases->searchProducts()
#1 C:\wamp64\www\inventory-management\vendor\codeigniter4\framework\system\CodeIgniter.php(419): CodeIgniter\CodeIgniter->runController(Object(Purchases\Controllers\Purchases))
#2 C:\wamp64\www\inventory-management\vendor\codeigniter4\framework\system\CodeIgniter.php(326): CodeIgniter\CodeIgniter->handleRequest(NULL, Object(Config\Cache), false)
#3 C:\wamp64\www\inventory-management\public\index.php(37): CodeIgniter\CodeIgniter->run()
#4 {main}
CRITICAL - 2024-06-11 12:32:25 --> Call to undefined method Purchases\Controllers\Purchases::respondNoContent()
#0 C:\wamp64\www\inventory-management\vendor\codeigniter4\framework\system\CodeIgniter.php(832): Purchases\Controllers\Purchases->searchProducts()
#1 C:\wamp64\www\inventory-management\vendor\codeigniter4\framework\system\CodeIgniter.php(419): CodeIgniter\CodeIgniter->runController(Object(Purchases\Controllers\Purchases))
#2 C:\wamp64\www\inventory-management\vendor\codeigniter4\framework\system\CodeIgniter.php(326): CodeIgniter\CodeIgniter->handleRequest(NULL, Object(Config\Cache), false)
#3 C:\wamp64\www\inventory-management\public\index.php(37): CodeIgniter\CodeIgniter->run()
#4 {main}
CRITICAL - 2024-06-11 12:32:25 --> Cannot use object of type stdClass as array
#0 C:\wamp64\www\inventory-management\vendor\codeigniter4\framework\system\CodeIgniter.php(832): Purchases\Controllers\Purchases->searchProducts()
#1 C:\wamp64\www\inventory-management\vendor\codeigniter4\framework\system\CodeIgniter.php(419): CodeIgniter\CodeIgniter->runController(Object(Purchases\Controllers\Purchases))
#2 C:\wamp64\www\inventory-management\vendor\codeigniter4\framework\system\CodeIgniter.php(326): CodeIgniter\CodeIgniter->handleRequest(NULL, Object(Config\Cache), false)
#3 C:\wamp64\www\inventory-management\public\index.php(37): CodeIgniter\CodeIgniter->run()
#4 {main}
CRITICAL - 2024-06-11 12:32:26 --> Cannot use object of type stdClass as array
#0 C:\wamp64\www\inventory-management\vendor\codeigniter4\framework\system\CodeIgniter.php(832): Purchases\Controllers\Purchases->searchProducts()
#1 C:\wamp64\www\inventory-management\vendor\codeigniter4\framework\system\CodeIgniter.php(419): CodeIgniter\CodeIgniter->runController(Object(Purchases\Controllers\Purchases))
#2 C:\wamp64\www\inventory-management\vendor\codeigniter4\framework\system\CodeIgniter.php(326): CodeIgniter\CodeIgniter->handleRequest(NULL, Object(Config\Cache), false)
#3 C:\wamp64\www\inventory-management\public\index.php(37): CodeIgniter\CodeIgniter->run()
#4 {main}
CRITICAL - 2024-06-11 12:32:26 --> Cannot use object of type stdClass as array
#0 C:\wamp64\www\inventory-management\vendor\codeigniter4\framework\system\CodeIgniter.php(832): Purchases\Controllers\Purchases->searchProducts()
#1 C:\wamp64\www\inventory-management\vendor\codeigniter4\framework\system\CodeIgniter.php(419): CodeIgniter\CodeIgniter->runController(Object(Purchases\Controllers\Purchases))
#2 C:\wamp64\www\inventory-management\vendor\codeigniter4\framework\system\CodeIgniter.php(326): CodeIgniter\CodeIgniter->handleRequest(NULL, Object(Config\Cache), false)
#3 C:\wamp64\www\inventory-management\public\index.php(37): CodeIgniter\CodeIgniter->run()
#4 {main}
