CRITICAL - 2024-03-23 20:59:07 --> Invalid file: Product\Views\variations\list.php
#0 C:\wamp64\www\pos\vendor\codeigniter4\framework\system\View\View.php(198): CodeIgniter\Exceptions\FrameworkException::forInvalidFile('Product\\Views\\v...')
#1 C:\wamp64\www\pos\vendor\codeigniter4\framework\system\Common.php(1089): CodeIgniter\View\View->render('Product\\Views\\v...', Array, true)
#2 C:\wamp64\www\pos\Modules\Products\Controllers\Variations.php(18): view('Product\\Views\\v...', Array)
#3 C:\wamp64\www\pos\vendor\codeigniter4\framework\system\CodeIgniter.php(832): Products\Controllers\Variations->variations()
#4 C:\wamp64\www\pos\vendor\codeigniter4\framework\system\CodeIgniter.php(419): CodeIgniter\CodeIgniter->runController(Object(Products\Controllers\Variations))
#5 C:\wamp64\www\pos\vendor\codeigniter4\framework\system\CodeIgniter.php(326): CodeIgniter\CodeIgniter->handleRequest(NULL, Object(Config\Cache), false)
#6 C:\wamp64\www\pos\public\index.php(37): CodeIgniter\CodeIgniter->run()
#7 {main}
CRITICAL - 2024-03-23 20:59:38 --> Invalid file: Product\Views\variations\list.php
#0 C:\wamp64\www\pos\vendor\codeigniter4\framework\system\View\View.php(198): CodeIgniter\Exceptions\FrameworkException::forInvalidFile('Product\\Views\\v...')
#1 C:\wamp64\www\pos\vendor\codeigniter4\framework\system\Common.php(1089): CodeIgniter\View\View->render('Product\\Views\\v...', Array, true)
#2 C:\wamp64\www\pos\Modules\Products\Controllers\Variations.php(18): view('Product\\Views\\v...', Array)
#3 C:\wamp64\www\pos\vendor\codeigniter4\framework\system\CodeIgniter.php(832): Products\Controllers\Variations->variations()
#4 C:\wamp64\www\pos\vendor\codeigniter4\framework\system\CodeIgniter.php(419): CodeIgniter\CodeIgniter->runController(Object(Products\Controllers\Variations))
#5 C:\wamp64\www\pos\vendor\codeigniter4\framework\system\CodeIgniter.php(326): CodeIgniter\CodeIgniter->handleRequest(NULL, Object(Config\Cache), false)
#6 C:\wamp64\www\pos\public\index.php(37): CodeIgniter\CodeIgniter->run()
#7 {main}
CRITICAL - 2024-03-23 21:11:57 --> Invalid file: Product\Views\variations\list.php
#0 C:\wamp64\www\pos\vendor\codeigniter4\framework\system\View\View.php(198): CodeIgniter\Exceptions\FrameworkException::forInvalidFile('Product\\Views\\v...')
#1 C:\wamp64\www\pos\vendor\codeigniter4\framework\system\Common.php(1089): CodeIgniter\View\View->render('Product\\Views\\v...', Array, true)
#2 C:\wamp64\www\pos\Modules\Products\Controllers\Variations.php(18): view('Product\\Views\\v...', Array)
#3 C:\wamp64\www\pos\vendor\codeigniter4\framework\system\CodeIgniter.php(832): Products\Controllers\Variations->variations()
#4 C:\wamp64\www\pos\vendor\codeigniter4\framework\system\CodeIgniter.php(419): CodeIgniter\CodeIgniter->runController(Object(Products\Controllers\Variations))
#5 C:\wamp64\www\pos\vendor\codeigniter4\framework\system\CodeIgniter.php(326): CodeIgniter\CodeIgniter->handleRequest(NULL, Object(Config\Cache), false)
#6 C:\wamp64\www\pos\public\index.php(37): CodeIgniter\CodeIgniter->run()
#7 {main}
CRITICAL - 2024-03-23 21:12:09 --> Invalid file: Product\Views\variations\list.php
#0 C:\wamp64\www\pos\vendor\codeigniter4\framework\system\View\View.php(198): CodeIgniter\Exceptions\FrameworkException::forInvalidFile('Product\\Views\\v...')
#1 C:\wamp64\www\pos\vendor\codeigniter4\framework\system\Common.php(1089): CodeIgniter\View\View->render('Product\\Views\\v...', Array, true)
#2 C:\wamp64\www\pos\Modules\Products\Controllers\Variations.php(18): view('Product\\Views\\v...', Array)
#3 C:\wamp64\www\pos\vendor\codeigniter4\framework\system\CodeIgniter.php(832): Products\Controllers\Variations->variations()
#4 C:\wamp64\www\pos\vendor\codeigniter4\framework\system\CodeIgniter.php(419): CodeIgniter\CodeIgniter->runController(Object(Products\Controllers\Variations))
#5 C:\wamp64\www\pos\vendor\codeigniter4\framework\system\CodeIgniter.php(326): CodeIgniter\CodeIgniter->handleRequest(NULL, Object(Config\Cache), false)
#6 C:\wamp64\www\pos\public\index.php(37): CodeIgniter\CodeIgniter->run()
#7 {main}
CRITICAL - 2024-03-23 21:24:01 --> Undefined property: stdClass::$variation_values
#0 C:\wamp64\www\pos\Modules\Products\Views\variations\edit.php(52): CodeIgniter\Debug\Exceptions->errorHandler(8, 'Undefined prope...', 'C:\\wamp64\\www\\p...', 52, Array)
#1 C:\wamp64\www\pos\vendor\codeigniter4\framework\system\View\View.php(210): include('C:\\wamp64\\www\\p...')
#2 C:\wamp64\www\pos\vendor\codeigniter4\framework\system\View\View.php(213): CodeIgniter\View\View->CodeIgniter\View\{closure}()
#3 C:\wamp64\www\pos\vendor\codeigniter4\framework\system\Common.php(1089): CodeIgniter\View\View->render('Products\\Views\\...', Array, true)
#4 C:\wamp64\www\pos\Modules\Products\Controllers\Variations.php(61): view('Products\\Views\\...', Array)
#5 C:\wamp64\www\pos\vendor\codeigniter4\framework\system\CodeIgniter.php(832): Products\Controllers\Variations->editVariations('3')
#6 C:\wamp64\www\pos\vendor\codeigniter4\framework\system\CodeIgniter.php(419): CodeIgniter\CodeIgniter->runController(Object(Products\Controllers\Variations))
#7 C:\wamp64\www\pos\vendor\codeigniter4\framework\system\CodeIgniter.php(326): CodeIgniter\CodeIgniter->handleRequest(NULL, Object(Config\Cache), false)
#8 C:\wamp64\www\pos\public\index.php(37): CodeIgniter\CodeIgniter->run()
#9 {main}
