CRITICAL - 2024-06-16 10:26:47 --> Undefined variable: totalTime
#0 C:\wamp64\www\inventory-management\vendor\codeigniter4\framework\system\Debug\Toolbar\Views\toolbar.tpl.php(40): CodeIgniter\Debug\Exceptions->errorHandler(8, 'Undefined varia...', 'C:\\wamp64\\www\\i...', 40, Array)
#1 C:\wamp64\www\inventory-management\vendor\codeigniter4\framework\system\Debug\Toolbar.php(501): include('C:\\wamp64\\www\\i...')
#2 C:\wamp64\www\inventory-management\vendor\codeigniter4\framework\system\Debug\Toolbar.php(464): CodeIgniter\Debug\Toolbar->format(Array, 'html')
#3 C:\wamp64\www\inventory-management\app\Config\Events.php(48): CodeIgniter\Debug\Toolbar->respond()
#4 C:\wamp64\www\inventory-management\vendor\codeigniter4\framework\system\Events\Events.php(149): CodeIgniter\Events\Events::Config\{closure}()
#5 C:\wamp64\www\inventory-management\vendor\codeigniter4\framework\system\CodeIgniter.php(308): CodeIgniter\Events\Events::trigger('pre_system')
#6 C:\wamp64\www\inventory-management\public\index.php(37): CodeIgniter\CodeIgniter->run()
#7 {main}
CRITICAL - 2024-06-16 10:26:47 --> Undefined variable: totalTime
#0 C:\wamp64\www\inventory-management\vendor\codeigniter4\framework\system\Debug\Toolbar\Views\toolbar.tpl.php(40): CodeIgniter\Debug\Exceptions->errorHandler(8, 'Undefined varia...', 'C:\\wamp64\\www\\i...', 40, Array)
#1 C:\wamp64\www\inventory-management\vendor\codeigniter4\framework\system\Debug\Toolbar.php(501): include('C:\\wamp64\\www\\i...')
#2 C:\wamp64\www\inventory-management\vendor\codeigniter4\framework\system\Debug\Toolbar.php(464): CodeIgniter\Debug\Toolbar->format(Array, 'html')
#3 C:\wamp64\www\inventory-management\app\Config\Events.php(48): CodeIgniter\Debug\Toolbar->respond()
#4 C:\wamp64\www\inventory-management\vendor\codeigniter4\framework\system\Events\Events.php(149): CodeIgniter\Events\Events::Config\{closure}()
#5 C:\wamp64\www\inventory-management\vendor\codeigniter4\framework\system\CodeIgniter.php(308): CodeIgniter\Events\Events::trigger('pre_system')
#6 C:\wamp64\www\inventory-management\public\index.php(37): CodeIgniter\CodeIgniter->run()
#7 {main}
CRITICAL - 2024-06-16 12:10:04 --> Undefined offset: 0
#0 C:\wamp64\www\inventory-management\vendor\codeigniter4\framework\system\Router\RouteCollection.php(1091): CodeIgniter\Debug\Exceptions->errorHandler(8, 'Undefined offse...', 'C:\\wamp64\\www\\i...', 1091, Array)
#1 C:\wamp64\www\inventory-management\vendor\codeigniter4\framework\system\Router\RouteCollection.php(971): CodeIgniter\Router\RouteCollection->fillRouteParams('customers/custo...', Array)
#2 C:\wamp64\www\inventory-management\vendor\codeigniter4\framework\system\Common.php(882): CodeIgniter\Router\RouteCollection->reverseRoute('customers.trans...')
#3 C:\wamp64\www\inventory-management\app\Views\admin\layout\partials\aside-nav.php(441): route_to('customers.trans...')
#4 C:\wamp64\www\inventory-management\vendor\codeigniter4\framework\system\View\View.php(210): include('C:\\wamp64\\www\\i...')
#5 C:\wamp64\www\inventory-management\vendor\codeigniter4\framework\system\View\View.php(213): CodeIgniter\View\View->CodeIgniter\View\{closure}()
#6 C:\wamp64\www\inventory-management\vendor\codeigniter4\framework\system\View\View.php(424): CodeIgniter\View\View->render('admin/layout/pa...', NULL, true)
#7 C:\wamp64\www\inventory-management\app\Views\admin\layout\partials\header.php(237): CodeIgniter\View\View->include('admin/layout/pa...')
#8 C:\wamp64\www\inventory-management\vendor\codeigniter4\framework\system\View\View.php(210): include('C:\\wamp64\\www\\i...')
#9 C:\wamp64\www\inventory-management\vendor\codeigniter4\framework\system\View\View.php(213): CodeIgniter\View\View->CodeIgniter\View\{closure}()
#10 C:\wamp64\www\inventory-management\vendor\codeigniter4\framework\system\View\View.php(424): CodeIgniter\View\View->render('admin/layout/pa...', NULL, true)
#11 C:\wamp64\www\inventory-management\app\Views\admin\layout\default.php(16): CodeIgniter\View\View->include('admin/layout/pa...')
#12 C:\wamp64\www\inventory-management\vendor\codeigniter4\framework\system\View\View.php(210): include('C:\\wamp64\\www\\i...')
#13 C:\wamp64\www\inventory-management\vendor\codeigniter4\framework\system\View\View.php(213): CodeIgniter\View\View->CodeIgniter\View\{closure}()
#14 C:\wamp64\www\inventory-management\vendor\codeigniter4\framework\system\View\View.php(226): CodeIgniter\View\View->render('admin/layout/de...', Array, true)
#15 C:\wamp64\www\inventory-management\vendor\codeigniter4\framework\system\Common.php(1089): CodeIgniter\View\View->render('Customers\\Views...', Array, true)
#16 C:\wamp64\www\inventory-management\Modules\Customers\Controllers\Customers.php(227): view('Customers\\Views...', Array)
#17 C:\wamp64\www\inventory-management\vendor\codeigniter4\framework\system\CodeIgniter.php(832): Customers\Controllers\Customers->customerBalances('2')
#18 C:\wamp64\www\inventory-management\vendor\codeigniter4\framework\system\CodeIgniter.php(419): CodeIgniter\CodeIgniter->runController(Object(Customers\Controllers\Customers))
#19 C:\wamp64\www\inventory-management\vendor\codeigniter4\framework\system\CodeIgniter.php(326): CodeIgniter\CodeIgniter->handleRequest(NULL, Object(Config\Cache), false)
#20 C:\wamp64\www\inventory-management\public\index.php(37): CodeIgniter\CodeIgniter->run()
#21 {main}
CRITICAL - 2024-06-16 12:10:15 --> Undefined offset: 0
#0 C:\wamp64\www\inventory-management\vendor\codeigniter4\framework\system\Router\RouteCollection.php(1091): CodeIgniter\Debug\Exceptions->errorHandler(8, 'Undefined offse...', 'C:\\wamp64\\www\\i...', 1091, Array)
#1 C:\wamp64\www\inventory-management\vendor\codeigniter4\framework\system\Router\RouteCollection.php(971): CodeIgniter\Router\RouteCollection->fillRouteParams('customers/custo...', Array)
#2 C:\wamp64\www\inventory-management\vendor\codeigniter4\framework\system\Common.php(882): CodeIgniter\Router\RouteCollection->reverseRoute('customers.trans...')
#3 C:\wamp64\www\inventory-management\app\Views\admin\layout\partials\aside-nav.php(441): route_to('customers.trans...')
#4 C:\wamp64\www\inventory-management\vendor\codeigniter4\framework\system\View\View.php(210): include('C:\\wamp64\\www\\i...')
#5 C:\wamp64\www\inventory-management\vendor\codeigniter4\framework\system\View\View.php(213): CodeIgniter\View\View->CodeIgniter\View\{closure}()
#6 C:\wamp64\www\inventory-management\vendor\codeigniter4\framework\system\View\View.php(424): CodeIgniter\View\View->render('admin/layout/pa...', NULL, true)
#7 C:\wamp64\www\inventory-management\app\Views\admin\layout\partials\header.php(237): CodeIgniter\View\View->include('admin/layout/pa...')
#8 C:\wamp64\www\inventory-management\vendor\codeigniter4\framework\system\View\View.php(210): include('C:\\wamp64\\www\\i...')
#9 C:\wamp64\www\inventory-management\vendor\codeigniter4\framework\system\View\View.php(213): CodeIgniter\View\View->CodeIgniter\View\{closure}()
#10 C:\wamp64\www\inventory-management\vendor\codeigniter4\framework\system\View\View.php(424): CodeIgniter\View\View->render('admin/layout/pa...', NULL, true)
#11 C:\wamp64\www\inventory-management\app\Views\admin\layout\default.php(16): CodeIgniter\View\View->include('admin/layout/pa...')
#12 C:\wamp64\www\inventory-management\vendor\codeigniter4\framework\system\View\View.php(210): include('C:\\wamp64\\www\\i...')
#13 C:\wamp64\www\inventory-management\vendor\codeigniter4\framework\system\View\View.php(213): CodeIgniter\View\View->CodeIgniter\View\{closure}()
#14 C:\wamp64\www\inventory-management\vendor\codeigniter4\framework\system\View\View.php(226): CodeIgniter\View\View->render('admin/layout/de...', Array, true)
#15 C:\wamp64\www\inventory-management\vendor\codeigniter4\framework\system\Common.php(1089): CodeIgniter\View\View->render('Customers\\Views...', Array, true)
#16 C:\wamp64\www\inventory-management\Modules\Customers\Controllers\Customers.php(227): view('Customers\\Views...', Array)
#17 C:\wamp64\www\inventory-management\vendor\codeigniter4\framework\system\CodeIgniter.php(832): Customers\Controllers\Customers->customerBalances('2')
#18 C:\wamp64\www\inventory-management\vendor\codeigniter4\framework\system\CodeIgniter.php(419): CodeIgniter\CodeIgniter->runController(Object(Customers\Controllers\Customers))
#19 C:\wamp64\www\inventory-management\vendor\codeigniter4\framework\system\CodeIgniter.php(326): CodeIgniter\CodeIgniter->handleRequest(NULL, Object(Config\Cache), false)
#20 C:\wamp64\www\inventory-management\public\index.php(37): CodeIgniter\CodeIgniter->run()
#21 {main}
CRITICAL - 2024-06-16 12:10:35 --> Undefined offset: 0
#0 C:\wamp64\www\inventory-management\vendor\codeigniter4\framework\system\Router\RouteCollection.php(1091): CodeIgniter\Debug\Exceptions->errorHandler(8, 'Undefined offse...', 'C:\\wamp64\\www\\i...', 1091, Array)
#1 C:\wamp64\www\inventory-management\vendor\codeigniter4\framework\system\Router\RouteCollection.php(971): CodeIgniter\Router\RouteCollection->fillRouteParams('customers/custo...', Array)
#2 C:\wamp64\www\inventory-management\vendor\codeigniter4\framework\system\Common.php(882): CodeIgniter\Router\RouteCollection->reverseRoute('customers.trans...')
#3 C:\wamp64\www\inventory-management\app\Views\admin\layout\partials\aside-nav.php(441): route_to('customers.trans...')
#4 C:\wamp64\www\inventory-management\vendor\codeigniter4\framework\system\View\View.php(210): include('C:\\wamp64\\www\\i...')
#5 C:\wamp64\www\inventory-management\vendor\codeigniter4\framework\system\View\View.php(213): CodeIgniter\View\View->CodeIgniter\View\{closure}()
#6 C:\wamp64\www\inventory-management\vendor\codeigniter4\framework\system\View\View.php(424): CodeIgniter\View\View->render('admin/layout/pa...', NULL, true)
#7 C:\wamp64\www\inventory-management\app\Views\admin\layout\partials\header.php(237): CodeIgniter\View\View->include('admin/layout/pa...')
#8 C:\wamp64\www\inventory-management\vendor\codeigniter4\framework\system\View\View.php(210): include('C:\\wamp64\\www\\i...')
#9 C:\wamp64\www\inventory-management\vendor\codeigniter4\framework\system\View\View.php(213): CodeIgniter\View\View->CodeIgniter\View\{closure}()
#10 C:\wamp64\www\inventory-management\vendor\codeigniter4\framework\system\View\View.php(424): CodeIgniter\View\View->render('admin/layout/pa...', NULL, true)
#11 C:\wamp64\www\inventory-management\app\Views\admin\layout\default.php(16): CodeIgniter\View\View->include('admin/layout/pa...')
#12 C:\wamp64\www\inventory-management\vendor\codeigniter4\framework\system\View\View.php(210): include('C:\\wamp64\\www\\i...')
#13 C:\wamp64\www\inventory-management\vendor\codeigniter4\framework\system\View\View.php(213): CodeIgniter\View\View->CodeIgniter\View\{closure}()
#14 C:\wamp64\www\inventory-management\vendor\codeigniter4\framework\system\View\View.php(226): CodeIgniter\View\View->render('admin/layout/de...', Array, true)
#15 C:\wamp64\www\inventory-management\vendor\codeigniter4\framework\system\Common.php(1089): CodeIgniter\View\View->render('Customers\\Views...', Array, true)
#16 C:\wamp64\www\inventory-management\Modules\Customers\Controllers\Customers.php(227): view('Customers\\Views...', Array)
#17 C:\wamp64\www\inventory-management\vendor\codeigniter4\framework\system\CodeIgniter.php(832): Customers\Controllers\Customers->customerBalances('2')
#18 C:\wamp64\www\inventory-management\vendor\codeigniter4\framework\system\CodeIgniter.php(419): CodeIgniter\CodeIgniter->runController(Object(Customers\Controllers\Customers))
#19 C:\wamp64\www\inventory-management\vendor\codeigniter4\framework\system\CodeIgniter.php(326): CodeIgniter\CodeIgniter->handleRequest(NULL, Object(Config\Cache), false)
#20 C:\wamp64\www\inventory-management\public\index.php(37): CodeIgniter\CodeIgniter->run()
#21 {main}
CRITICAL - 2024-06-16 12:12:16 --> Undefined offset: 0
#0 C:\wamp64\www\inventory-management\vendor\codeigniter4\framework\system\Router\RouteCollection.php(1091): CodeIgniter\Debug\Exceptions->errorHandler(8, 'Undefined offse...', 'C:\\wamp64\\www\\i...', 1091, Array)
#1 C:\wamp64\www\inventory-management\vendor\codeigniter4\framework\system\Router\RouteCollection.php(971): CodeIgniter\Router\RouteCollection->fillRouteParams('customers/trans...', Array)
#2 C:\wamp64\www\inventory-management\vendor\codeigniter4\framework\system\Common.php(882): CodeIgniter\Router\RouteCollection->reverseRoute('customers.trans...')
#3 C:\wamp64\www\inventory-management\app\Views\admin\layout\partials\aside-nav.php(441): route_to('customers.trans...')
#4 C:\wamp64\www\inventory-management\vendor\codeigniter4\framework\system\View\View.php(210): include('C:\\wamp64\\www\\i...')
#5 C:\wamp64\www\inventory-management\vendor\codeigniter4\framework\system\View\View.php(213): CodeIgniter\View\View->CodeIgniter\View\{closure}()
#6 C:\wamp64\www\inventory-management\vendor\codeigniter4\framework\system\View\View.php(424): CodeIgniter\View\View->render('admin/layout/pa...', NULL, true)
#7 C:\wamp64\www\inventory-management\app\Views\admin\layout\partials\header.php(237): CodeIgniter\View\View->include('admin/layout/pa...')
#8 C:\wamp64\www\inventory-management\vendor\codeigniter4\framework\system\View\View.php(210): include('C:\\wamp64\\www\\i...')
#9 C:\wamp64\www\inventory-management\vendor\codeigniter4\framework\system\View\View.php(213): CodeIgniter\View\View->CodeIgniter\View\{closure}()
#10 C:\wamp64\www\inventory-management\vendor\codeigniter4\framework\system\View\View.php(424): CodeIgniter\View\View->render('admin/layout/pa...', NULL, true)
#11 C:\wamp64\www\inventory-management\app\Views\admin\layout\default.php(16): CodeIgniter\View\View->include('admin/layout/pa...')
#12 C:\wamp64\www\inventory-management\vendor\codeigniter4\framework\system\View\View.php(210): include('C:\\wamp64\\www\\i...')
#13 C:\wamp64\www\inventory-management\vendor\codeigniter4\framework\system\View\View.php(213): CodeIgniter\View\View->CodeIgniter\View\{closure}()
#14 C:\wamp64\www\inventory-management\vendor\codeigniter4\framework\system\View\View.php(226): CodeIgniter\View\View->render('admin/layout/de...', Array, true)
#15 C:\wamp64\www\inventory-management\vendor\codeigniter4\framework\system\Common.php(1089): CodeIgniter\View\View->render('Customers\\Views...', Array, true)
#16 C:\wamp64\www\inventory-management\Modules\Customers\Controllers\Customers.php(227): view('Customers\\Views...', Array)
#17 C:\wamp64\www\inventory-management\vendor\codeigniter4\framework\system\CodeIgniter.php(832): Customers\Controllers\Customers->customerBalances('2')
#18 C:\wamp64\www\inventory-management\vendor\codeigniter4\framework\system\CodeIgniter.php(419): CodeIgniter\CodeIgniter->runController(Object(Customers\Controllers\Customers))
#19 C:\wamp64\www\inventory-management\vendor\codeigniter4\framework\system\CodeIgniter.php(326): CodeIgniter\CodeIgniter->handleRequest(NULL, Object(Config\Cache), false)
#20 C:\wamp64\www\inventory-management\public\index.php(37): CodeIgniter\CodeIgniter->run()
#21 {main}
CRITICAL - 2024-06-16 12:50:26 --> Undefined offset: 0
#0 C:\wamp64\www\inventory-management\vendor\codeigniter4\framework\system\Router\RouteCollection.php(1091): CodeIgniter\Debug\Exceptions->errorHandler(8, 'Undefined offse...', 'C:\\wamp64\\www\\i...', 1091, Array)
#1 C:\wamp64\www\inventory-management\vendor\codeigniter4\framework\system\Router\RouteCollection.php(971): CodeIgniter\Router\RouteCollection->fillRouteParams('customers/trans...', Array)
#2 C:\wamp64\www\inventory-management\vendor\codeigniter4\framework\system\Common.php(882): CodeIgniter\Router\RouteCollection->reverseRoute('customers.trans...')
#3 C:\wamp64\www\inventory-management\app\Views\admin\layout\partials\aside-nav.php(452): route_to('customers.trans...')
#4 C:\wamp64\www\inventory-management\vendor\codeigniter4\framework\system\View\View.php(210): include('C:\\wamp64\\www\\i...')
#5 C:\wamp64\www\inventory-management\vendor\codeigniter4\framework\system\View\View.php(213): CodeIgniter\View\View->CodeIgniter\View\{closure}()
#6 C:\wamp64\www\inventory-management\vendor\codeigniter4\framework\system\View\View.php(424): CodeIgniter\View\View->render('admin/layout/pa...', NULL, true)
#7 C:\wamp64\www\inventory-management\app\Views\admin\layout\partials\header.php(237): CodeIgniter\View\View->include('admin/layout/pa...')
#8 C:\wamp64\www\inventory-management\vendor\codeigniter4\framework\system\View\View.php(210): include('C:\\wamp64\\www\\i...')
#9 C:\wamp64\www\inventory-management\vendor\codeigniter4\framework\system\View\View.php(213): CodeIgniter\View\View->CodeIgniter\View\{closure}()
#10 C:\wamp64\www\inventory-management\vendor\codeigniter4\framework\system\View\View.php(424): CodeIgniter\View\View->render('admin/layout/pa...', NULL, true)
#11 C:\wamp64\www\inventory-management\app\Views\admin\layout\default.php(16): CodeIgniter\View\View->include('admin/layout/pa...')
#12 C:\wamp64\www\inventory-management\vendor\codeigniter4\framework\system\View\View.php(210): include('C:\\wamp64\\www\\i...')
#13 C:\wamp64\www\inventory-management\vendor\codeigniter4\framework\system\View\View.php(213): CodeIgniter\View\View->CodeIgniter\View\{closure}()
#14 C:\wamp64\www\inventory-management\vendor\codeigniter4\framework\system\View\View.php(226): CodeIgniter\View\View->render('admin/layout/de...', Array, true)
#15 C:\wamp64\www\inventory-management\vendor\codeigniter4\framework\system\Common.php(1089): CodeIgniter\View\View->render('Customers\\Views...', Array, true)
#16 C:\wamp64\www\inventory-management\Modules\Customers\Controllers\Customers.php(227): view('Customers\\Views...', Array)
#17 C:\wamp64\www\inventory-management\vendor\codeigniter4\framework\system\CodeIgniter.php(832): Customers\Controllers\Customers->customerBalances()
#18 C:\wamp64\www\inventory-management\vendor\codeigniter4\framework\system\CodeIgniter.php(419): CodeIgniter\CodeIgniter->runController(Object(Customers\Controllers\Customers))
#19 C:\wamp64\www\inventory-management\vendor\codeigniter4\framework\system\CodeIgniter.php(326): CodeIgniter\CodeIgniter->handleRequest(NULL, Object(Config\Cache), false)
#20 C:\wamp64\www\inventory-management\public\index.php(37): CodeIgniter\CodeIgniter->run()
#21 {main}
CRITICAL - 2024-06-16 12:51:17 --> Undefined offset: 0
#0 C:\wamp64\www\inventory-management\vendor\codeigniter4\framework\system\Router\RouteCollection.php(1091): CodeIgniter\Debug\Exceptions->errorHandler(8, 'Undefined offse...', 'C:\\wamp64\\www\\i...', 1091, Array)
#1 C:\wamp64\www\inventory-management\vendor\codeigniter4\framework\system\Router\RouteCollection.php(971): CodeIgniter\Router\RouteCollection->fillRouteParams('customers/trans...', Array)
#2 C:\wamp64\www\inventory-management\vendor\codeigniter4\framework\system\Common.php(882): CodeIgniter\Router\RouteCollection->reverseRoute('customers.trans...')
#3 C:\wamp64\www\inventory-management\app\Views\admin\layout\partials\aside-nav.php(452): route_to('customers.trans...')
#4 C:\wamp64\www\inventory-management\vendor\codeigniter4\framework\system\View\View.php(210): include('C:\\wamp64\\www\\i...')
#5 C:\wamp64\www\inventory-management\vendor\codeigniter4\framework\system\View\View.php(213): CodeIgniter\View\View->CodeIgniter\View\{closure}()
#6 C:\wamp64\www\inventory-management\vendor\codeigniter4\framework\system\View\View.php(424): CodeIgniter\View\View->render('admin/layout/pa...', NULL, true)
#7 C:\wamp64\www\inventory-management\app\Views\admin\layout\partials\header.php(237): CodeIgniter\View\View->include('admin/layout/pa...')
#8 C:\wamp64\www\inventory-management\vendor\codeigniter4\framework\system\View\View.php(210): include('C:\\wamp64\\www\\i...')
#9 C:\wamp64\www\inventory-management\vendor\codeigniter4\framework\system\View\View.php(213): CodeIgniter\View\View->CodeIgniter\View\{closure}()
#10 C:\wamp64\www\inventory-management\vendor\codeigniter4\framework\system\View\View.php(424): CodeIgniter\View\View->render('admin/layout/pa...', NULL, true)
#11 C:\wamp64\www\inventory-management\app\Views\admin\layout\default.php(16): CodeIgniter\View\View->include('admin/layout/pa...')
#12 C:\wamp64\www\inventory-management\vendor\codeigniter4\framework\system\View\View.php(210): include('C:\\wamp64\\www\\i...')
#13 C:\wamp64\www\inventory-management\vendor\codeigniter4\framework\system\View\View.php(213): CodeIgniter\View\View->CodeIgniter\View\{closure}()
#14 C:\wamp64\www\inventory-management\vendor\codeigniter4\framework\system\View\View.php(226): CodeIgniter\View\View->render('admin/layout/de...', Array, true)
#15 C:\wamp64\www\inventory-management\vendor\codeigniter4\framework\system\Common.php(1089): CodeIgniter\View\View->render('Customers\\Views...', Array, true)
#16 C:\wamp64\www\inventory-management\Modules\Customers\Controllers\Customers.php(227): view('Customers\\Views...', Array)
#17 C:\wamp64\www\inventory-management\vendor\codeigniter4\framework\system\CodeIgniter.php(832): Customers\Controllers\Customers->customerBalances()
#18 C:\wamp64\www\inventory-management\vendor\codeigniter4\framework\system\CodeIgniter.php(419): CodeIgniter\CodeIgniter->runController(Object(Customers\Controllers\Customers))
#19 C:\wamp64\www\inventory-management\vendor\codeigniter4\framework\system\CodeIgniter.php(326): CodeIgniter\CodeIgniter->handleRequest(NULL, Object(Config\Cache), false)
#20 C:\wamp64\www\inventory-management\public\index.php(37): CodeIgniter\CodeIgniter->run()
#21 {main}
CRITICAL - 2024-06-16 12:51:32 --> Undefined offset: 0
#0 C:\wamp64\www\inventory-management\vendor\codeigniter4\framework\system\Router\RouteCollection.php(1091): CodeIgniter\Debug\Exceptions->errorHandler(8, 'Undefined offse...', 'C:\\wamp64\\www\\i...', 1091, Array)
#1 C:\wamp64\www\inventory-management\vendor\codeigniter4\framework\system\Router\RouteCollection.php(971): CodeIgniter\Router\RouteCollection->fillRouteParams('customers/trans...', Array)
#2 C:\wamp64\www\inventory-management\vendor\codeigniter4\framework\system\Common.php(882): CodeIgniter\Router\RouteCollection->reverseRoute('customers.trans...')
#3 C:\wamp64\www\inventory-management\app\Views\admin\layout\partials\aside-nav.php(452): route_to('customers.trans...')
#4 C:\wamp64\www\inventory-management\vendor\codeigniter4\framework\system\View\View.php(210): include('C:\\wamp64\\www\\i...')
#5 C:\wamp64\www\inventory-management\vendor\codeigniter4\framework\system\View\View.php(213): CodeIgniter\View\View->CodeIgniter\View\{closure}()
#6 C:\wamp64\www\inventory-management\vendor\codeigniter4\framework\system\View\View.php(424): CodeIgniter\View\View->render('admin/layout/pa...', NULL, true)
#7 C:\wamp64\www\inventory-management\app\Views\admin\layout\partials\header.php(237): CodeIgniter\View\View->include('admin/layout/pa...')
#8 C:\wamp64\www\inventory-management\vendor\codeigniter4\framework\system\View\View.php(210): include('C:\\wamp64\\www\\i...')
#9 C:\wamp64\www\inventory-management\vendor\codeigniter4\framework\system\View\View.php(213): CodeIgniter\View\View->CodeIgniter\View\{closure}()
#10 C:\wamp64\www\inventory-management\vendor\codeigniter4\framework\system\View\View.php(424): CodeIgniter\View\View->render('admin/layout/pa...', NULL, true)
#11 C:\wamp64\www\inventory-management\app\Views\admin\layout\default.php(16): CodeIgniter\View\View->include('admin/layout/pa...')
#12 C:\wamp64\www\inventory-management\vendor\codeigniter4\framework\system\View\View.php(210): include('C:\\wamp64\\www\\i...')
#13 C:\wamp64\www\inventory-management\vendor\codeigniter4\framework\system\View\View.php(213): CodeIgniter\View\View->CodeIgniter\View\{closure}()
#14 C:\wamp64\www\inventory-management\vendor\codeigniter4\framework\system\View\View.php(226): CodeIgniter\View\View->render('admin/layout/de...', Array, true)
#15 C:\wamp64\www\inventory-management\vendor\codeigniter4\framework\system\Common.php(1089): CodeIgniter\View\View->render('Customers\\Views...', Array, true)
#16 C:\wamp64\www\inventory-management\Modules\Customers\Controllers\Customers.php(227): view('Customers\\Views...', Array)
#17 C:\wamp64\www\inventory-management\vendor\codeigniter4\framework\system\CodeIgniter.php(832): Customers\Controllers\Customers->customerBalances()
#18 C:\wamp64\www\inventory-management\vendor\codeigniter4\framework\system\CodeIgniter.php(419): CodeIgniter\CodeIgniter->runController(Object(Customers\Controllers\Customers))
#19 C:\wamp64\www\inventory-management\vendor\codeigniter4\framework\system\CodeIgniter.php(326): CodeIgniter\CodeIgniter->handleRequest(NULL, Object(Config\Cache), false)
#20 C:\wamp64\www\inventory-management\public\index.php(37): CodeIgniter\CodeIgniter->run()
#21 {main}
CRITICAL - 2024-06-16 12:51:55 --> Undefined offset: 0
#0 C:\wamp64\www\inventory-management\vendor\codeigniter4\framework\system\Router\RouteCollection.php(1091): CodeIgniter\Debug\Exceptions->errorHandler(8, 'Undefined offse...', 'C:\\wamp64\\www\\i...', 1091, Array)
#1 C:\wamp64\www\inventory-management\vendor\codeigniter4\framework\system\Router\RouteCollection.php(971): CodeIgniter\Router\RouteCollection->fillRouteParams('customers/trans...', Array)
#2 C:\wamp64\www\inventory-management\vendor\codeigniter4\framework\system\Common.php(882): CodeIgniter\Router\RouteCollection->reverseRoute('customers.trans...')
#3 C:\wamp64\www\inventory-management\app\Views\admin\layout\partials\aside-nav.php(452): route_to('customers.trans...')
#4 C:\wamp64\www\inventory-management\vendor\codeigniter4\framework\system\View\View.php(210): include('C:\\wamp64\\www\\i...')
#5 C:\wamp64\www\inventory-management\vendor\codeigniter4\framework\system\View\View.php(213): CodeIgniter\View\View->CodeIgniter\View\{closure}()
#6 C:\wamp64\www\inventory-management\vendor\codeigniter4\framework\system\View\View.php(424): CodeIgniter\View\View->render('admin/layout/pa...', NULL, true)
#7 C:\wamp64\www\inventory-management\app\Views\admin\layout\partials\header.php(237): CodeIgniter\View\View->include('admin/layout/pa...')
#8 C:\wamp64\www\inventory-management\vendor\codeigniter4\framework\system\View\View.php(210): include('C:\\wamp64\\www\\i...')
#9 C:\wamp64\www\inventory-management\vendor\codeigniter4\framework\system\View\View.php(213): CodeIgniter\View\View->CodeIgniter\View\{closure}()
#10 C:\wamp64\www\inventory-management\vendor\codeigniter4\framework\system\View\View.php(424): CodeIgniter\View\View->render('admin/layout/pa...', NULL, true)
#11 C:\wamp64\www\inventory-management\app\Views\admin\layout\default.php(16): CodeIgniter\View\View->include('admin/layout/pa...')
#12 C:\wamp64\www\inventory-management\vendor\codeigniter4\framework\system\View\View.php(210): include('C:\\wamp64\\www\\i...')
#13 C:\wamp64\www\inventory-management\vendor\codeigniter4\framework\system\View\View.php(213): CodeIgniter\View\View->CodeIgniter\View\{closure}()
#14 C:\wamp64\www\inventory-management\vendor\codeigniter4\framework\system\View\View.php(226): CodeIgniter\View\View->render('admin/layout/de...', Array, true)
#15 C:\wamp64\www\inventory-management\vendor\codeigniter4\framework\system\Common.php(1089): CodeIgniter\View\View->render('Customers\\Views...', Array, true)
#16 C:\wamp64\www\inventory-management\Modules\Customers\Controllers\Customers.php(227): view('Customers\\Views...', Array)
#17 C:\wamp64\www\inventory-management\vendor\codeigniter4\framework\system\CodeIgniter.php(832): Customers\Controllers\Customers->customerBalances()
#18 C:\wamp64\www\inventory-management\vendor\codeigniter4\framework\system\CodeIgniter.php(419): CodeIgniter\CodeIgniter->runController(Object(Customers\Controllers\Customers))
#19 C:\wamp64\www\inventory-management\vendor\codeigniter4\framework\system\CodeIgniter.php(326): CodeIgniter\CodeIgniter->handleRequest(NULL, Object(Config\Cache), false)
#20 C:\wamp64\www\inventory-management\public\index.php(37): CodeIgniter\CodeIgniter->run()
#21 {main}
CRITICAL - 2024-06-16 12:52:04 --> Undefined offset: 0
#0 C:\wamp64\www\inventory-management\vendor\codeigniter4\framework\system\Router\RouteCollection.php(1091): CodeIgniter\Debug\Exceptions->errorHandler(8, 'Undefined offse...', 'C:\\wamp64\\www\\i...', 1091, Array)
#1 C:\wamp64\www\inventory-management\vendor\codeigniter4\framework\system\Router\RouteCollection.php(971): CodeIgniter\Router\RouteCollection->fillRouteParams('customers/trans...', Array)
#2 C:\wamp64\www\inventory-management\vendor\codeigniter4\framework\system\Common.php(882): CodeIgniter\Router\RouteCollection->reverseRoute('customers.trans...')
#3 C:\wamp64\www\inventory-management\app\Views\admin\layout\partials\aside-nav.php(441): route_to('customers.trans...')
#4 C:\wamp64\www\inventory-management\vendor\codeigniter4\framework\system\View\View.php(210): include('C:\\wamp64\\www\\i...')
#5 C:\wamp64\www\inventory-management\vendor\codeigniter4\framework\system\View\View.php(213): CodeIgniter\View\View->CodeIgniter\View\{closure}()
#6 C:\wamp64\www\inventory-management\vendor\codeigniter4\framework\system\View\View.php(424): CodeIgniter\View\View->render('admin/layout/pa...', NULL, true)
#7 C:\wamp64\www\inventory-management\app\Views\admin\layout\partials\header.php(237): CodeIgniter\View\View->include('admin/layout/pa...')
#8 C:\wamp64\www\inventory-management\vendor\codeigniter4\framework\system\View\View.php(210): include('C:\\wamp64\\www\\i...')
#9 C:\wamp64\www\inventory-management\vendor\codeigniter4\framework\system\View\View.php(213): CodeIgniter\View\View->CodeIgniter\View\{closure}()
#10 C:\wamp64\www\inventory-management\vendor\codeigniter4\framework\system\View\View.php(424): CodeIgniter\View\View->render('admin/layout/pa...', NULL, true)
#11 C:\wamp64\www\inventory-management\app\Views\admin\layout\default.php(16): CodeIgniter\View\View->include('admin/layout/pa...')
#12 C:\wamp64\www\inventory-management\vendor\codeigniter4\framework\system\View\View.php(210): include('C:\\wamp64\\www\\i...')
#13 C:\wamp64\www\inventory-management\vendor\codeigniter4\framework\system\View\View.php(213): CodeIgniter\View\View->CodeIgniter\View\{closure}()
#14 C:\wamp64\www\inventory-management\vendor\codeigniter4\framework\system\View\View.php(226): CodeIgniter\View\View->render('admin/layout/de...', Array, true)
#15 C:\wamp64\www\inventory-management\vendor\codeigniter4\framework\system\Common.php(1089): CodeIgniter\View\View->render('Customers\\Views...', Array, true)
#16 C:\wamp64\www\inventory-management\Modules\Customers\Controllers\Customers.php(227): view('Customers\\Views...', Array)
#17 C:\wamp64\www\inventory-management\vendor\codeigniter4\framework\system\CodeIgniter.php(832): Customers\Controllers\Customers->customerBalances()
#18 C:\wamp64\www\inventory-management\vendor\codeigniter4\framework\system\CodeIgniter.php(419): CodeIgniter\CodeIgniter->runController(Object(Customers\Controllers\Customers))
#19 C:\wamp64\www\inventory-management\vendor\codeigniter4\framework\system\CodeIgniter.php(326): CodeIgniter\CodeIgniter->handleRequest(NULL, Object(Config\Cache), false)
#20 C:\wamp64\www\inventory-management\public\index.php(37): CodeIgniter\CodeIgniter->run()
#21 {main}
CRITICAL - 2024-06-16 12:52:34 --> Undefined offset: 0
#0 C:\wamp64\www\inventory-management\vendor\codeigniter4\framework\system\Router\RouteCollection.php(1091): CodeIgniter\Debug\Exceptions->errorHandler(8, 'Undefined offse...', 'C:\\wamp64\\www\\i...', 1091, Array)
#1 C:\wamp64\www\inventory-management\vendor\codeigniter4\framework\system\Router\RouteCollection.php(971): CodeIgniter\Router\RouteCollection->fillRouteParams('customers/trans...', Array)
#2 C:\wamp64\www\inventory-management\vendor\codeigniter4\framework\system\Common.php(882): CodeIgniter\Router\RouteCollection->reverseRoute('customers.trans...')
#3 C:\wamp64\www\inventory-management\app\Views\admin\layout\partials\aside-nav.php(441): route_to('customers.trans...')
#4 C:\wamp64\www\inventory-management\vendor\codeigniter4\framework\system\View\View.php(210): include('C:\\wamp64\\www\\i...')
#5 C:\wamp64\www\inventory-management\vendor\codeigniter4\framework\system\View\View.php(213): CodeIgniter\View\View->CodeIgniter\View\{closure}()
#6 C:\wamp64\www\inventory-management\vendor\codeigniter4\framework\system\View\View.php(424): CodeIgniter\View\View->render('admin/layout/pa...', NULL, true)
#7 C:\wamp64\www\inventory-management\app\Views\admin\layout\partials\header.php(237): CodeIgniter\View\View->include('admin/layout/pa...')
#8 C:\wamp64\www\inventory-management\vendor\codeigniter4\framework\system\View\View.php(210): include('C:\\wamp64\\www\\i...')
#9 C:\wamp64\www\inventory-management\vendor\codeigniter4\framework\system\View\View.php(213): CodeIgniter\View\View->CodeIgniter\View\{closure}()
#10 C:\wamp64\www\inventory-management\vendor\codeigniter4\framework\system\View\View.php(424): CodeIgniter\View\View->render('admin/layout/pa...', NULL, true)
#11 C:\wamp64\www\inventory-management\app\Views\admin\layout\default.php(16): CodeIgniter\View\View->include('admin/layout/pa...')
#12 C:\wamp64\www\inventory-management\vendor\codeigniter4\framework\system\View\View.php(210): include('C:\\wamp64\\www\\i...')
#13 C:\wamp64\www\inventory-management\vendor\codeigniter4\framework\system\View\View.php(213): CodeIgniter\View\View->CodeIgniter\View\{closure}()
#14 C:\wamp64\www\inventory-management\vendor\codeigniter4\framework\system\View\View.php(226): CodeIgniter\View\View->render('admin/layout/de...', Array, true)
#15 C:\wamp64\www\inventory-management\vendor\codeigniter4\framework\system\Common.php(1089): CodeIgniter\View\View->render('Customers\\Views...', Array, true)
#16 C:\wamp64\www\inventory-management\Modules\Customers\Controllers\Customers.php(227): view('Customers\\Views...', Array)
#17 C:\wamp64\www\inventory-management\vendor\codeigniter4\framework\system\CodeIgniter.php(832): Customers\Controllers\Customers->customerBalances()
#18 C:\wamp64\www\inventory-management\vendor\codeigniter4\framework\system\CodeIgniter.php(419): CodeIgniter\CodeIgniter->runController(Object(Customers\Controllers\Customers))
#19 C:\wamp64\www\inventory-management\vendor\codeigniter4\framework\system\CodeIgniter.php(326): CodeIgniter\CodeIgniter->handleRequest(NULL, Object(Config\Cache), false)
#20 C:\wamp64\www\inventory-management\public\index.php(37): CodeIgniter\CodeIgniter->run()
#21 {main}
CRITICAL - 2024-06-16 12:52:57 --> Undefined offset: 0
#0 C:\wamp64\www\inventory-management\vendor\codeigniter4\framework\system\Router\RouteCollection.php(1091): CodeIgniter\Debug\Exceptions->errorHandler(8, 'Undefined offse...', 'C:\\wamp64\\www\\i...', 1091, Array)
#1 C:\wamp64\www\inventory-management\vendor\codeigniter4\framework\system\Router\RouteCollection.php(971): CodeIgniter\Router\RouteCollection->fillRouteParams('customers/trans...', Array)
#2 C:\wamp64\www\inventory-management\vendor\codeigniter4\framework\system\Common.php(882): CodeIgniter\Router\RouteCollection->reverseRoute('customers.trans...')
#3 C:\wamp64\www\inventory-management\app\Views\admin\layout\partials\aside-nav.php(441): route_to('customers.trans...')
#4 C:\wamp64\www\inventory-management\vendor\codeigniter4\framework\system\View\View.php(210): include('C:\\wamp64\\www\\i...')
#5 C:\wamp64\www\inventory-management\vendor\codeigniter4\framework\system\View\View.php(213): CodeIgniter\View\View->CodeIgniter\View\{closure}()
#6 C:\wamp64\www\inventory-management\vendor\codeigniter4\framework\system\View\View.php(424): CodeIgniter\View\View->render('admin/layout/pa...', NULL, true)
#7 C:\wamp64\www\inventory-management\app\Views\admin\layout\partials\header.php(237): CodeIgniter\View\View->include('admin/layout/pa...')
#8 C:\wamp64\www\inventory-management\vendor\codeigniter4\framework\system\View\View.php(210): include('C:\\wamp64\\www\\i...')
#9 C:\wamp64\www\inventory-management\vendor\codeigniter4\framework\system\View\View.php(213): CodeIgniter\View\View->CodeIgniter\View\{closure}()
#10 C:\wamp64\www\inventory-management\vendor\codeigniter4\framework\system\View\View.php(424): CodeIgniter\View\View->render('admin/layout/pa...', NULL, true)
#11 C:\wamp64\www\inventory-management\app\Views\admin\layout\default.php(16): CodeIgniter\View\View->include('admin/layout/pa...')
#12 C:\wamp64\www\inventory-management\vendor\codeigniter4\framework\system\View\View.php(210): include('C:\\wamp64\\www\\i...')
#13 C:\wamp64\www\inventory-management\vendor\codeigniter4\framework\system\View\View.php(213): CodeIgniter\View\View->CodeIgniter\View\{closure}()
#14 C:\wamp64\www\inventory-management\vendor\codeigniter4\framework\system\View\View.php(226): CodeIgniter\View\View->render('admin/layout/de...', Array, true)
#15 C:\wamp64\www\inventory-management\vendor\codeigniter4\framework\system\Common.php(1089): CodeIgniter\View\View->render('Customers\\Views...', Array, true)
#16 C:\wamp64\www\inventory-management\Modules\Customers\Controllers\Customers.php(227): view('Customers\\Views...', Array)
#17 C:\wamp64\www\inventory-management\vendor\codeigniter4\framework\system\CodeIgniter.php(832): Customers\Controllers\Customers->customerBalances()
#18 C:\wamp64\www\inventory-management\vendor\codeigniter4\framework\system\CodeIgniter.php(419): CodeIgniter\CodeIgniter->runController(Object(Customers\Controllers\Customers))
#19 C:\wamp64\www\inventory-management\vendor\codeigniter4\framework\system\CodeIgniter.php(326): CodeIgniter\CodeIgniter->handleRequest(NULL, Object(Config\Cache), false)
#20 C:\wamp64\www\inventory-management\public\index.php(37): CodeIgniter\CodeIgniter->run()
#21 {main}
CRITICAL - 2024-06-16 13:16:58 --> Undefined offset: 0
#0 C:\wamp64\www\inventory-management\vendor\codeigniter4\framework\system\Router\RouteCollection.php(1091): CodeIgniter\Debug\Exceptions->errorHandler(8, 'Undefined offse...', 'C:\\wamp64\\www\\i...', 1091, Array)
#1 C:\wamp64\www\inventory-management\vendor\codeigniter4\framework\system\Router\RouteCollection.php(971): CodeIgniter\Router\RouteCollection->fillRouteParams('customers/trans...', Array)
#2 C:\wamp64\www\inventory-management\vendor\codeigniter4\framework\system\Common.php(882): CodeIgniter\Router\RouteCollection->reverseRoute('customers.trans...')
#3 C:\wamp64\www\inventory-management\app\Views\admin\layout\partials\aside-nav.php(441): route_to('customers.trans...')
#4 C:\wamp64\www\inventory-management\vendor\codeigniter4\framework\system\View\View.php(210): include('C:\\wamp64\\www\\i...')
#5 C:\wamp64\www\inventory-management\vendor\codeigniter4\framework\system\View\View.php(213): CodeIgniter\View\View->CodeIgniter\View\{closure}()
#6 C:\wamp64\www\inventory-management\vendor\codeigniter4\framework\system\View\View.php(424): CodeIgniter\View\View->render('admin/layout/pa...', NULL, true)
#7 C:\wamp64\www\inventory-management\app\Views\admin\layout\partials\header.php(237): CodeIgniter\View\View->include('admin/layout/pa...')
#8 C:\wamp64\www\inventory-management\vendor\codeigniter4\framework\system\View\View.php(210): include('C:\\wamp64\\www\\i...')
#9 C:\wamp64\www\inventory-management\vendor\codeigniter4\framework\system\View\View.php(213): CodeIgniter\View\View->CodeIgniter\View\{closure}()
#10 C:\wamp64\www\inventory-management\vendor\codeigniter4\framework\system\View\View.php(424): CodeIgniter\View\View->render('admin/layout/pa...', NULL, true)
#11 C:\wamp64\www\inventory-management\app\Views\admin\layout\default.php(16): CodeIgniter\View\View->include('admin/layout/pa...')
#12 C:\wamp64\www\inventory-management\vendor\codeigniter4\framework\system\View\View.php(210): include('C:\\wamp64\\www\\i...')
#13 C:\wamp64\www\inventory-management\vendor\codeigniter4\framework\system\View\View.php(213): CodeIgniter\View\View->CodeIgniter\View\{closure}()
#14 C:\wamp64\www\inventory-management\vendor\codeigniter4\framework\system\View\View.php(226): CodeIgniter\View\View->render('admin/layout/de...', Array, true)
#15 C:\wamp64\www\inventory-management\vendor\codeigniter4\framework\system\Common.php(1089): CodeIgniter\View\View->render('Customers\\Views...', Array, true)
#16 C:\wamp64\www\inventory-management\Modules\Customers\Controllers\Customers.php(227): view('Customers\\Views...', Array)
#17 C:\wamp64\www\inventory-management\vendor\codeigniter4\framework\system\CodeIgniter.php(832): Customers\Controllers\Customers->customerBalances()
#18 C:\wamp64\www\inventory-management\vendor\codeigniter4\framework\system\CodeIgniter.php(419): CodeIgniter\CodeIgniter->runController(Object(Customers\Controllers\Customers))
#19 C:\wamp64\www\inventory-management\vendor\codeigniter4\framework\system\CodeIgniter.php(326): CodeIgniter\CodeIgniter->handleRequest(NULL, Object(Config\Cache), false)
#20 C:\wamp64\www\inventory-management\public\index.php(37): CodeIgniter\CodeIgniter->run()
#21 {main}
CRITICAL - 2024-06-16 13:21:35 --> Undefined offset: 0
#0 C:\wamp64\www\inventory-management\vendor\codeigniter4\framework\system\Router\RouteCollection.php(1091): CodeIgniter\Debug\Exceptions->errorHandler(8, 'Undefined offse...', 'C:\\wamp64\\www\\i...', 1091, Array)
#1 C:\wamp64\www\inventory-management\vendor\codeigniter4\framework\system\Router\RouteCollection.php(971): CodeIgniter\Router\RouteCollection->fillRouteParams('customers/trans...', Array)
#2 C:\wamp64\www\inventory-management\vendor\codeigniter4\framework\system\Common.php(882): CodeIgniter\Router\RouteCollection->reverseRoute('customers.trans...')
#3 C:\wamp64\www\inventory-management\app\Views\admin\layout\partials\aside-nav.php(441): route_to('customers.trans...')
#4 C:\wamp64\www\inventory-management\vendor\codeigniter4\framework\system\View\View.php(210): include('C:\\wamp64\\www\\i...')
#5 C:\wamp64\www\inventory-management\vendor\codeigniter4\framework\system\View\View.php(213): CodeIgniter\View\View->CodeIgniter\View\{closure}()
#6 C:\wamp64\www\inventory-management\vendor\codeigniter4\framework\system\View\View.php(424): CodeIgniter\View\View->render('admin/layout/pa...', NULL, true)
#7 C:\wamp64\www\inventory-management\app\Views\admin\layout\partials\header.php(237): CodeIgniter\View\View->include('admin/layout/pa...')
#8 C:\wamp64\www\inventory-management\vendor\codeigniter4\framework\system\View\View.php(210): include('C:\\wamp64\\www\\i...')
#9 C:\wamp64\www\inventory-management\vendor\codeigniter4\framework\system\View\View.php(213): CodeIgniter\View\View->CodeIgniter\View\{closure}()
#10 C:\wamp64\www\inventory-management\vendor\codeigniter4\framework\system\View\View.php(424): CodeIgniter\View\View->render('admin/layout/pa...', NULL, true)
#11 C:\wamp64\www\inventory-management\app\Views\admin\layout\default.php(16): CodeIgniter\View\View->include('admin/layout/pa...')
#12 C:\wamp64\www\inventory-management\vendor\codeigniter4\framework\system\View\View.php(210): include('C:\\wamp64\\www\\i...')
#13 C:\wamp64\www\inventory-management\vendor\codeigniter4\framework\system\View\View.php(213): CodeIgniter\View\View->CodeIgniter\View\{closure}()
#14 C:\wamp64\www\inventory-management\vendor\codeigniter4\framework\system\View\View.php(226): CodeIgniter\View\View->render('admin/layout/de...', Array, true)
#15 C:\wamp64\www\inventory-management\vendor\codeigniter4\framework\system\Common.php(1089): CodeIgniter\View\View->render('Customers\\Views...', Array, true)
#16 C:\wamp64\www\inventory-management\Modules\Customers\Controllers\Customers.php(227): view('Customers\\Views...', Array)
#17 C:\wamp64\www\inventory-management\vendor\codeigniter4\framework\system\CodeIgniter.php(832): Customers\Controllers\Customers->customerBalances()
#18 C:\wamp64\www\inventory-management\vendor\codeigniter4\framework\system\CodeIgniter.php(419): CodeIgniter\CodeIgniter->runController(Object(Customers\Controllers\Customers))
#19 C:\wamp64\www\inventory-management\vendor\codeigniter4\framework\system\CodeIgniter.php(326): CodeIgniter\CodeIgniter->handleRequest(NULL, Object(Config\Cache), false)
#20 C:\wamp64\www\inventory-management\public\index.php(37): CodeIgniter\CodeIgniter->run()
#21 {main}
CRITICAL - 2024-06-16 13:21:48 --> Undefined offset: 0
#0 C:\wamp64\www\inventory-management\vendor\codeigniter4\framework\system\Router\RouteCollection.php(1091): CodeIgniter\Debug\Exceptions->errorHandler(8, 'Undefined offse...', 'C:\\wamp64\\www\\i...', 1091, Array)
#1 C:\wamp64\www\inventory-management\vendor\codeigniter4\framework\system\Router\RouteCollection.php(971): CodeIgniter\Router\RouteCollection->fillRouteParams('customers/trans...', Array)
#2 C:\wamp64\www\inventory-management\vendor\codeigniter4\framework\system\Common.php(882): CodeIgniter\Router\RouteCollection->reverseRoute('customers.trans...')
#3 C:\wamp64\www\inventory-management\app\Views\admin\layout\partials\aside-nav.php(441): route_to('customers.trans...')
#4 C:\wamp64\www\inventory-management\vendor\codeigniter4\framework\system\View\View.php(210): include('C:\\wamp64\\www\\i...')
#5 C:\wamp64\www\inventory-management\vendor\codeigniter4\framework\system\View\View.php(213): CodeIgniter\View\View->CodeIgniter\View\{closure}()
#6 C:\wamp64\www\inventory-management\vendor\codeigniter4\framework\system\View\View.php(424): CodeIgniter\View\View->render('admin/layout/pa...', NULL, true)
#7 C:\wamp64\www\inventory-management\app\Views\admin\layout\partials\header.php(237): CodeIgniter\View\View->include('admin/layout/pa...')
#8 C:\wamp64\www\inventory-management\vendor\codeigniter4\framework\system\View\View.php(210): include('C:\\wamp64\\www\\i...')
#9 C:\wamp64\www\inventory-management\vendor\codeigniter4\framework\system\View\View.php(213): CodeIgniter\View\View->CodeIgniter\View\{closure}()
#10 C:\wamp64\www\inventory-management\vendor\codeigniter4\framework\system\View\View.php(424): CodeIgniter\View\View->render('admin/layout/pa...', NULL, true)
#11 C:\wamp64\www\inventory-management\app\Views\admin\layout\default.php(16): CodeIgniter\View\View->include('admin/layout/pa...')
#12 C:\wamp64\www\inventory-management\vendor\codeigniter4\framework\system\View\View.php(210): include('C:\\wamp64\\www\\i...')
#13 C:\wamp64\www\inventory-management\vendor\codeigniter4\framework\system\View\View.php(213): CodeIgniter\View\View->CodeIgniter\View\{closure}()
#14 C:\wamp64\www\inventory-management\vendor\codeigniter4\framework\system\View\View.php(226): CodeIgniter\View\View->render('admin/layout/de...', Array, true)
#15 C:\wamp64\www\inventory-management\vendor\codeigniter4\framework\system\Common.php(1089): CodeIgniter\View\View->render('Customers\\Views...', Array, true)
#16 C:\wamp64\www\inventory-management\Modules\Customers\Controllers\Customers.php(29): view('Customers\\Views...', Array)
#17 C:\wamp64\www\inventory-management\vendor\codeigniter4\framework\system\CodeIgniter.php(832): Customers\Controllers\Customers->customers()
#18 C:\wamp64\www\inventory-management\vendor\codeigniter4\framework\system\CodeIgniter.php(419): CodeIgniter\CodeIgniter->runController(Object(Customers\Controllers\Customers))
#19 C:\wamp64\www\inventory-management\vendor\codeigniter4\framework\system\CodeIgniter.php(326): CodeIgniter\CodeIgniter->handleRequest(NULL, Object(Config\Cache), false)
#20 C:\wamp64\www\inventory-management\public\index.php(37): CodeIgniter\CodeIgniter->run()
#21 {main}
CRITICAL - 2024-06-16 13:21:49 --> Undefined offset: 0
#0 C:\wamp64\www\inventory-management\vendor\codeigniter4\framework\system\Router\RouteCollection.php(1091): CodeIgniter\Debug\Exceptions->errorHandler(8, 'Undefined offse...', 'C:\\wamp64\\www\\i...', 1091, Array)
#1 C:\wamp64\www\inventory-management\vendor\codeigniter4\framework\system\Router\RouteCollection.php(971): CodeIgniter\Router\RouteCollection->fillRouteParams('customers/trans...', Array)
#2 C:\wamp64\www\inventory-management\vendor\codeigniter4\framework\system\Common.php(882): CodeIgniter\Router\RouteCollection->reverseRoute('customers.trans...')
#3 C:\wamp64\www\inventory-management\app\Views\admin\layout\partials\aside-nav.php(441): route_to('customers.trans...')
#4 C:\wamp64\www\inventory-management\vendor\codeigniter4\framework\system\View\View.php(210): include('C:\\wamp64\\www\\i...')
#5 C:\wamp64\www\inventory-management\vendor\codeigniter4\framework\system\View\View.php(213): CodeIgniter\View\View->CodeIgniter\View\{closure}()
#6 C:\wamp64\www\inventory-management\vendor\codeigniter4\framework\system\View\View.php(424): CodeIgniter\View\View->render('admin/layout/pa...', NULL, true)
#7 C:\wamp64\www\inventory-management\app\Views\admin\layout\partials\header.php(237): CodeIgniter\View\View->include('admin/layout/pa...')
#8 C:\wamp64\www\inventory-management\vendor\codeigniter4\framework\system\View\View.php(210): include('C:\\wamp64\\www\\i...')
#9 C:\wamp64\www\inventory-management\vendor\codeigniter4\framework\system\View\View.php(213): CodeIgniter\View\View->CodeIgniter\View\{closure}()
#10 C:\wamp64\www\inventory-management\vendor\codeigniter4\framework\system\View\View.php(424): CodeIgniter\View\View->render('admin/layout/pa...', NULL, true)
#11 C:\wamp64\www\inventory-management\app\Views\admin\layout\default.php(16): CodeIgniter\View\View->include('admin/layout/pa...')
#12 C:\wamp64\www\inventory-management\vendor\codeigniter4\framework\system\View\View.php(210): include('C:\\wamp64\\www\\i...')
#13 C:\wamp64\www\inventory-management\vendor\codeigniter4\framework\system\View\View.php(213): CodeIgniter\View\View->CodeIgniter\View\{closure}()
#14 C:\wamp64\www\inventory-management\vendor\codeigniter4\framework\system\View\View.php(226): CodeIgniter\View\View->render('admin/layout/de...', Array, true)
#15 C:\wamp64\www\inventory-management\vendor\codeigniter4\framework\system\Common.php(1089): CodeIgniter\View\View->render('Customers\\Views...', Array, true)
#16 C:\wamp64\www\inventory-management\Modules\Customers\Controllers\Customers.php(48): view('Customers\\Views...', Array)
#17 C:\wamp64\www\inventory-management\vendor\codeigniter4\framework\system\CodeIgniter.php(832): Customers\Controllers\Customers->addCustomers()
#18 C:\wamp64\www\inventory-management\vendor\codeigniter4\framework\system\CodeIgniter.php(419): CodeIgniter\CodeIgniter->runController(Object(Customers\Controllers\Customers))
#19 C:\wamp64\www\inventory-management\vendor\codeigniter4\framework\system\CodeIgniter.php(326): CodeIgniter\CodeIgniter->handleRequest(NULL, Object(Config\Cache), false)
#20 C:\wamp64\www\inventory-management\public\index.php(37): CodeIgniter\CodeIgniter->run()
#21 {main}
CRITICAL - 2024-06-16 13:21:54 --> Undefined offset: 0
#0 C:\wamp64\www\inventory-management\vendor\codeigniter4\framework\system\Router\RouteCollection.php(1091): CodeIgniter\Debug\Exceptions->errorHandler(8, 'Undefined offse...', 'C:\\wamp64\\www\\i...', 1091, Array)
#1 C:\wamp64\www\inventory-management\vendor\codeigniter4\framework\system\Router\RouteCollection.php(971): CodeIgniter\Router\RouteCollection->fillRouteParams('customers/trans...', Array)
#2 C:\wamp64\www\inventory-management\vendor\codeigniter4\framework\system\Common.php(882): CodeIgniter\Router\RouteCollection->reverseRoute('customers.trans...')
#3 C:\wamp64\www\inventory-management\app\Views\admin\layout\partials\aside-nav.php(441): route_to('customers.trans...')
#4 C:\wamp64\www\inventory-management\vendor\codeigniter4\framework\system\View\View.php(210): include('C:\\wamp64\\www\\i...')
#5 C:\wamp64\www\inventory-management\vendor\codeigniter4\framework\system\View\View.php(213): CodeIgniter\View\View->CodeIgniter\View\{closure}()
#6 C:\wamp64\www\inventory-management\vendor\codeigniter4\framework\system\View\View.php(424): CodeIgniter\View\View->render('admin/layout/pa...', NULL, true)
#7 C:\wamp64\www\inventory-management\app\Views\admin\layout\partials\header.php(237): CodeIgniter\View\View->include('admin/layout/pa...')
#8 C:\wamp64\www\inventory-management\vendor\codeigniter4\framework\system\View\View.php(210): include('C:\\wamp64\\www\\i...')
#9 C:\wamp64\www\inventory-management\vendor\codeigniter4\framework\system\View\View.php(213): CodeIgniter\View\View->CodeIgniter\View\{closure}()
#10 C:\wamp64\www\inventory-management\vendor\codeigniter4\framework\system\View\View.php(424): CodeIgniter\View\View->render('admin/layout/pa...', NULL, true)
#11 C:\wamp64\www\inventory-management\app\Views\admin\layout\default.php(16): CodeIgniter\View\View->include('admin/layout/pa...')
#12 C:\wamp64\www\inventory-management\vendor\codeigniter4\framework\system\View\View.php(210): include('C:\\wamp64\\www\\i...')
#13 C:\wamp64\www\inventory-management\vendor\codeigniter4\framework\system\View\View.php(213): CodeIgniter\View\View->CodeIgniter\View\{closure}()
#14 C:\wamp64\www\inventory-management\vendor\codeigniter4\framework\system\View\View.php(226): CodeIgniter\View\View->render('admin/layout/de...', Array, true)
#15 C:\wamp64\www\inventory-management\vendor\codeigniter4\framework\system\Common.php(1089): CodeIgniter\View\View->render('Customers\\Views...', Array, true)
#16 C:\wamp64\www\inventory-management\Modules\Customers\Controllers\Customers.php(48): view('Customers\\Views...', Array)
#17 C:\wamp64\www\inventory-management\vendor\codeigniter4\framework\system\CodeIgniter.php(832): Customers\Controllers\Customers->addCustomers()
#18 C:\wamp64\www\inventory-management\vendor\codeigniter4\framework\system\CodeIgniter.php(419): CodeIgniter\CodeIgniter->runController(Object(Customers\Controllers\Customers))
#19 C:\wamp64\www\inventory-management\vendor\codeigniter4\framework\system\CodeIgniter.php(326): CodeIgniter\CodeIgniter->handleRequest(NULL, Object(Config\Cache), false)
#20 C:\wamp64\www\inventory-management\public\index.php(37): CodeIgniter\CodeIgniter->run()
#21 {main}
CRITICAL - 2024-06-16 18:15:27 --> Undefined offset: 0
#0 C:\wamp64\www\inventory-management\vendor\codeigniter4\framework\system\Router\RouteCollection.php(1091): CodeIgniter\Debug\Exceptions->errorHandler(8, 'Undefined offse...', 'C:\\wamp64\\www\\i...', 1091, Array)
#1 C:\wamp64\www\inventory-management\vendor\codeigniter4\framework\system\Router\RouteCollection.php(971): CodeIgniter\Router\RouteCollection->fillRouteParams('customers/add_t...', Array)
#2 C:\wamp64\www\inventory-management\vendor\codeigniter4\framework\system\Common.php(882): CodeIgniter\Router\RouteCollection->reverseRoute('customers.add_t...')
#3 C:\wamp64\www\inventory-management\Modules\Customers\Views\list_transactions.php(31): route_to('customers.add_t...')
#4 C:\wamp64\www\inventory-management\vendor\codeigniter4\framework\system\View\View.php(210): include('C:\\wamp64\\www\\i...')
#5 C:\wamp64\www\inventory-management\vendor\codeigniter4\framework\system\View\View.php(213): CodeIgniter\View\View->CodeIgniter\View\{closure}()
#6 C:\wamp64\www\inventory-management\vendor\codeigniter4\framework\system\Common.php(1089): CodeIgniter\View\View->render('Customers\\Views...', Array, true)
#7 C:\wamp64\www\inventory-management\Modules\Customers\Controllers\Customers.php(257): view('Customers\\Views...', Array)
#8 C:\wamp64\www\inventory-management\vendor\codeigniter4\framework\system\CodeIgniter.php(832): Customers\Controllers\Customers->transactions('2')
#9 C:\wamp64\www\inventory-management\vendor\codeigniter4\framework\system\CodeIgniter.php(419): CodeIgniter\CodeIgniter->runController(Object(Customers\Controllers\Customers))
#10 C:\wamp64\www\inventory-management\vendor\codeigniter4\framework\system\CodeIgniter.php(326): CodeIgniter\CodeIgniter->handleRequest(NULL, Object(Config\Cache), false)
#11 C:\wamp64\www\inventory-management\public\index.php(37): CodeIgniter\CodeIgniter->run()
#12 {main}
CRITICAL - 2024-06-16 18:17:33 --> Undefined offset: 0
#0 C:\wamp64\www\inventory-management\vendor\codeigniter4\framework\system\Router\RouteCollection.php(1091): CodeIgniter\Debug\Exceptions->errorHandler(8, 'Undefined offse...', 'C:\\wamp64\\www\\i...', 1091, Array)
#1 C:\wamp64\www\inventory-management\vendor\codeigniter4\framework\system\Router\RouteCollection.php(971): CodeIgniter\Router\RouteCollection->fillRouteParams('customers/add_t...', Array)
#2 C:\wamp64\www\inventory-management\vendor\codeigniter4\framework\system\Common.php(882): CodeIgniter\Router\RouteCollection->reverseRoute('customers.add_t...')
#3 C:\wamp64\www\inventory-management\Modules\Customers\Views\list_transactions.php(31): route_to('customers.add_t...')
#4 C:\wamp64\www\inventory-management\vendor\codeigniter4\framework\system\View\View.php(210): include('C:\\wamp64\\www\\i...')
#5 C:\wamp64\www\inventory-management\vendor\codeigniter4\framework\system\View\View.php(213): CodeIgniter\View\View->CodeIgniter\View\{closure}()
#6 C:\wamp64\www\inventory-management\vendor\codeigniter4\framework\system\Common.php(1089): CodeIgniter\View\View->render('Customers\\Views...', Array, true)
#7 C:\wamp64\www\inventory-management\Modules\Customers\Controllers\Customers.php(257): view('Customers\\Views...', Array)
#8 C:\wamp64\www\inventory-management\vendor\codeigniter4\framework\system\CodeIgniter.php(832): Customers\Controllers\Customers->transactions('2')
#9 C:\wamp64\www\inventory-management\vendor\codeigniter4\framework\system\CodeIgniter.php(419): CodeIgniter\CodeIgniter->runController(Object(Customers\Controllers\Customers))
#10 C:\wamp64\www\inventory-management\vendor\codeigniter4\framework\system\CodeIgniter.php(326): CodeIgniter\CodeIgniter->handleRequest(NULL, Object(Config\Cache), false)
#11 C:\wamp64\www\inventory-management\public\index.php(37): CodeIgniter\CodeIgniter->run()
#12 {main}
CRITICAL - 2024-06-16 18:17:41 --> Undefined offset: 0
#0 C:\wamp64\www\inventory-management\vendor\codeigniter4\framework\system\Router\RouteCollection.php(1091): CodeIgniter\Debug\Exceptions->errorHandler(8, 'Undefined offse...', 'C:\\wamp64\\www\\i...', 1091, Array)
#1 C:\wamp64\www\inventory-management\vendor\codeigniter4\framework\system\Router\RouteCollection.php(971): CodeIgniter\Router\RouteCollection->fillRouteParams('customers/add_t...', Array)
#2 C:\wamp64\www\inventory-management\vendor\codeigniter4\framework\system\Common.php(882): CodeIgniter\Router\RouteCollection->reverseRoute('customers.add_t...')
#3 C:\wamp64\www\inventory-management\Modules\Customers\Views\list_transactions.php(31): route_to('customers.add_t...')
#4 C:\wamp64\www\inventory-management\vendor\codeigniter4\framework\system\View\View.php(210): include('C:\\wamp64\\www\\i...')
#5 C:\wamp64\www\inventory-management\vendor\codeigniter4\framework\system\View\View.php(213): CodeIgniter\View\View->CodeIgniter\View\{closure}()
#6 C:\wamp64\www\inventory-management\vendor\codeigniter4\framework\system\Common.php(1089): CodeIgniter\View\View->render('Customers\\Views...', Array, true)
#7 C:\wamp64\www\inventory-management\Modules\Customers\Controllers\Customers.php(257): view('Customers\\Views...', Array)
#8 C:\wamp64\www\inventory-management\vendor\codeigniter4\framework\system\CodeIgniter.php(832): Customers\Controllers\Customers->transactions('2')
#9 C:\wamp64\www\inventory-management\vendor\codeigniter4\framework\system\CodeIgniter.php(419): CodeIgniter\CodeIgniter->runController(Object(Customers\Controllers\Customers))
#10 C:\wamp64\www\inventory-management\vendor\codeigniter4\framework\system\CodeIgniter.php(326): CodeIgniter\CodeIgniter->handleRequest(NULL, Object(Config\Cache), false)
#11 C:\wamp64\www\inventory-management\public\index.php(37): CodeIgniter\CodeIgniter->run()
#12 {main}
CRITICAL - 2024-06-16 18:19:00 --> Undefined offset: 0
#0 C:\wamp64\www\inventory-management\vendor\codeigniter4\framework\system\Router\RouteCollection.php(1091): CodeIgniter\Debug\Exceptions->errorHandler(8, 'Undefined offse...', 'C:\\wamp64\\www\\i...', 1091, Array)
#1 C:\wamp64\www\inventory-management\vendor\codeigniter4\framework\system\Router\RouteCollection.php(971): CodeIgniter\Router\RouteCollection->fillRouteParams('customers/add_t...', Array)
#2 C:\wamp64\www\inventory-management\vendor\codeigniter4\framework\system\Common.php(882): CodeIgniter\Router\RouteCollection->reverseRoute('customers.add_t...')
#3 C:\wamp64\www\inventory-management\Modules\Customers\Views\list_transactions.php(31): route_to('customers.add_t...')
#4 C:\wamp64\www\inventory-management\vendor\codeigniter4\framework\system\View\View.php(210): include('C:\\wamp64\\www\\i...')
#5 C:\wamp64\www\inventory-management\vendor\codeigniter4\framework\system\View\View.php(213): CodeIgniter\View\View->CodeIgniter\View\{closure}()
#6 C:\wamp64\www\inventory-management\vendor\codeigniter4\framework\system\Common.php(1089): CodeIgniter\View\View->render('Customers\\Views...', Array, true)
#7 C:\wamp64\www\inventory-management\Modules\Customers\Controllers\Customers.php(257): view('Customers\\Views...', Array)
#8 C:\wamp64\www\inventory-management\vendor\codeigniter4\framework\system\CodeIgniter.php(832): Customers\Controllers\Customers->transactions('2')
#9 C:\wamp64\www\inventory-management\vendor\codeigniter4\framework\system\CodeIgniter.php(419): CodeIgniter\CodeIgniter->runController(Object(Customers\Controllers\Customers))
#10 C:\wamp64\www\inventory-management\vendor\codeigniter4\framework\system\CodeIgniter.php(326): CodeIgniter\CodeIgniter->handleRequest(NULL, Object(Config\Cache), false)
#11 C:\wamp64\www\inventory-management\public\index.php(37): CodeIgniter\CodeIgniter->run()
#12 {main}
CRITICAL - 2024-06-16 18:20:29 --> Undefined offset: 0
#0 C:\wamp64\www\inventory-management\vendor\codeigniter4\framework\system\Router\RouteCollection.php(1091): CodeIgniter\Debug\Exceptions->errorHandler(8, 'Undefined offse...', 'C:\\wamp64\\www\\i...', 1091, Array)
#1 C:\wamp64\www\inventory-management\vendor\codeigniter4\framework\system\Router\RouteCollection.php(971): CodeIgniter\Router\RouteCollection->fillRouteParams('customers/add_t...', Array)
#2 C:\wamp64\www\inventory-management\vendor\codeigniter4\framework\system\Common.php(882): CodeIgniter\Router\RouteCollection->reverseRoute('customers.add_t...')
#3 C:\wamp64\www\inventory-management\Modules\Customers\Views\list_transactions.php(31): route_to('customers.add_t...')
#4 C:\wamp64\www\inventory-management\vendor\codeigniter4\framework\system\View\View.php(210): include('C:\\wamp64\\www\\i...')
#5 C:\wamp64\www\inventory-management\vendor\codeigniter4\framework\system\View\View.php(213): CodeIgniter\View\View->CodeIgniter\View\{closure}()
#6 C:\wamp64\www\inventory-management\vendor\codeigniter4\framework\system\Common.php(1089): CodeIgniter\View\View->render('Customers\\Views...', Array, true)
#7 C:\wamp64\www\inventory-management\Modules\Customers\Controllers\Customers.php(257): view('Customers\\Views...', Array)
#8 C:\wamp64\www\inventory-management\vendor\codeigniter4\framework\system\CodeIgniter.php(832): Customers\Controllers\Customers->transactions('2')
#9 C:\wamp64\www\inventory-management\vendor\codeigniter4\framework\system\CodeIgniter.php(419): CodeIgniter\CodeIgniter->runController(Object(Customers\Controllers\Customers))
#10 C:\wamp64\www\inventory-management\vendor\codeigniter4\framework\system\CodeIgniter.php(326): CodeIgniter\CodeIgniter->handleRequest(NULL, Object(Config\Cache), false)
#11 C:\wamp64\www\inventory-management\public\index.php(37): CodeIgniter\CodeIgniter->run()
#12 {main}
CRITICAL - 2024-06-16 18:31:07 --> Undefined offset: 0
#0 C:\wamp64\www\inventory-management\vendor\codeigniter4\framework\system\Router\RouteCollection.php(1091): CodeIgniter\Debug\Exceptions->errorHandler(8, 'Undefined offse...', 'C:\\wamp64\\www\\i...', 1091, Array)
#1 C:\wamp64\www\inventory-management\vendor\codeigniter4\framework\system\Router\RouteCollection.php(971): CodeIgniter\Router\RouteCollection->fillRouteParams('customers/add_t...', Array)
#2 C:\wamp64\www\inventory-management\vendor\codeigniter4\framework\system\Common.php(882): CodeIgniter\Router\RouteCollection->reverseRoute('customers.add_t...')
#3 C:\wamp64\www\inventory-management\Modules\Customers\Views\list_transactions.php(31): route_to('customers.add_t...')
#4 C:\wamp64\www\inventory-management\vendor\codeigniter4\framework\system\View\View.php(210): include('C:\\wamp64\\www\\i...')
#5 C:\wamp64\www\inventory-management\vendor\codeigniter4\framework\system\View\View.php(213): CodeIgniter\View\View->CodeIgniter\View\{closure}()
#6 C:\wamp64\www\inventory-management\vendor\codeigniter4\framework\system\Common.php(1089): CodeIgniter\View\View->render('Customers\\Views...', Array, true)
#7 C:\wamp64\www\inventory-management\Modules\Customers\Controllers\Customers.php(257): view('Customers\\Views...', Array)
#8 C:\wamp64\www\inventory-management\vendor\codeigniter4\framework\system\CodeIgniter.php(832): Customers\Controllers\Customers->transactions('2')
#9 C:\wamp64\www\inventory-management\vendor\codeigniter4\framework\system\CodeIgniter.php(419): CodeIgniter\CodeIgniter->runController(Object(Customers\Controllers\Customers))
#10 C:\wamp64\www\inventory-management\vendor\codeigniter4\framework\system\CodeIgniter.php(326): CodeIgniter\CodeIgniter->handleRequest(NULL, Object(Config\Cache), false)
#11 C:\wamp64\www\inventory-management\public\index.php(37): CodeIgniter\CodeIgniter->run()
#12 {main}
CRITICAL - 2024-06-16 18:31:10 --> Undefined offset: 0
#0 C:\wamp64\www\inventory-management\vendor\codeigniter4\framework\system\Router\RouteCollection.php(1091): CodeIgniter\Debug\Exceptions->errorHandler(8, 'Undefined offse...', 'C:\\wamp64\\www\\i...', 1091, Array)
#1 C:\wamp64\www\inventory-management\vendor\codeigniter4\framework\system\Router\RouteCollection.php(971): CodeIgniter\Router\RouteCollection->fillRouteParams('customers/add_t...', Array)
#2 C:\wamp64\www\inventory-management\vendor\codeigniter4\framework\system\Common.php(882): CodeIgniter\Router\RouteCollection->reverseRoute('customers.add_t...')
#3 C:\wamp64\www\inventory-management\Modules\Customers\Views\list_transactions.php(31): route_to('customers.add_t...')
#4 C:\wamp64\www\inventory-management\vendor\codeigniter4\framework\system\View\View.php(210): include('C:\\wamp64\\www\\i...')
#5 C:\wamp64\www\inventory-management\vendor\codeigniter4\framework\system\View\View.php(213): CodeIgniter\View\View->CodeIgniter\View\{closure}()
#6 C:\wamp64\www\inventory-management\vendor\codeigniter4\framework\system\Common.php(1089): CodeIgniter\View\View->render('Customers\\Views...', Array, true)
#7 C:\wamp64\www\inventory-management\Modules\Customers\Controllers\Customers.php(257): view('Customers\\Views...', Array)
#8 C:\wamp64\www\inventory-management\vendor\codeigniter4\framework\system\CodeIgniter.php(832): Customers\Controllers\Customers->transactions('2')
#9 C:\wamp64\www\inventory-management\vendor\codeigniter4\framework\system\CodeIgniter.php(419): CodeIgniter\CodeIgniter->runController(Object(Customers\Controllers\Customers))
#10 C:\wamp64\www\inventory-management\vendor\codeigniter4\framework\system\CodeIgniter.php(326): CodeIgniter\CodeIgniter->handleRequest(NULL, Object(Config\Cache), false)
#11 C:\wamp64\www\inventory-management\public\index.php(37): CodeIgniter\CodeIgniter->run()
#12 {main}
CRITICAL - 2024-06-16 18:31:12 --> Undefined offset: 0
#0 C:\wamp64\www\inventory-management\vendor\codeigniter4\framework\system\Router\RouteCollection.php(1091): CodeIgniter\Debug\Exceptions->errorHandler(8, 'Undefined offse...', 'C:\\wamp64\\www\\i...', 1091, Array)
#1 C:\wamp64\www\inventory-management\vendor\codeigniter4\framework\system\Router\RouteCollection.php(971): CodeIgniter\Router\RouteCollection->fillRouteParams('customers/add_t...', Array)
#2 C:\wamp64\www\inventory-management\vendor\codeigniter4\framework\system\Common.php(882): CodeIgniter\Router\RouteCollection->reverseRoute('customers.add_t...')
#3 C:\wamp64\www\inventory-management\Modules\Customers\Views\list_transactions.php(31): route_to('customers.add_t...')
#4 C:\wamp64\www\inventory-management\vendor\codeigniter4\framework\system\View\View.php(210): include('C:\\wamp64\\www\\i...')
#5 C:\wamp64\www\inventory-management\vendor\codeigniter4\framework\system\View\View.php(213): CodeIgniter\View\View->CodeIgniter\View\{closure}()
#6 C:\wamp64\www\inventory-management\vendor\codeigniter4\framework\system\Common.php(1089): CodeIgniter\View\View->render('Customers\\Views...', Array, true)
#7 C:\wamp64\www\inventory-management\Modules\Customers\Controllers\Customers.php(257): view('Customers\\Views...', Array)
#8 C:\wamp64\www\inventory-management\vendor\codeigniter4\framework\system\CodeIgniter.php(832): Customers\Controllers\Customers->transactions('2')
#9 C:\wamp64\www\inventory-management\vendor\codeigniter4\framework\system\CodeIgniter.php(419): CodeIgniter\CodeIgniter->runController(Object(Customers\Controllers\Customers))
#10 C:\wamp64\www\inventory-management\vendor\codeigniter4\framework\system\CodeIgniter.php(326): CodeIgniter\CodeIgniter->handleRequest(NULL, Object(Config\Cache), false)
#11 C:\wamp64\www\inventory-management\public\index.php(37): CodeIgniter\CodeIgniter->run()
#12 {main}
CRITICAL - 2024-06-16 18:33:39 --> Undefined variable: customerId
#0 C:\wamp64\www\inventory-management\Modules\Customers\Views\list_transactions.php(31): CodeIgniter\Debug\Exceptions->errorHandler(8, 'Undefined varia...', 'C:\\wamp64\\www\\i...', 31, Array)
#1 C:\wamp64\www\inventory-management\vendor\codeigniter4\framework\system\View\View.php(210): include('C:\\wamp64\\www\\i...')
#2 C:\wamp64\www\inventory-management\vendor\codeigniter4\framework\system\View\View.php(213): CodeIgniter\View\View->CodeIgniter\View\{closure}()
#3 C:\wamp64\www\inventory-management\vendor\codeigniter4\framework\system\Common.php(1089): CodeIgniter\View\View->render('Customers\\Views...', Array, true)
#4 C:\wamp64\www\inventory-management\Modules\Customers\Controllers\Customers.php(257): view('Customers\\Views...', Array)
#5 C:\wamp64\www\inventory-management\vendor\codeigniter4\framework\system\CodeIgniter.php(832): Customers\Controllers\Customers->transactions('2')
#6 C:\wamp64\www\inventory-management\vendor\codeigniter4\framework\system\CodeIgniter.php(419): CodeIgniter\CodeIgniter->runController(Object(Customers\Controllers\Customers))
#7 C:\wamp64\www\inventory-management\vendor\codeigniter4\framework\system\CodeIgniter.php(326): CodeIgniter\CodeIgniter->handleRequest(NULL, Object(Config\Cache), false)
#8 C:\wamp64\www\inventory-management\public\index.php(37): CodeIgniter\CodeIgniter->run()
#9 {main}
CRITICAL - 2024-06-16 18:33:55 --> Undefined variable: customerId
#0 C:\wamp64\www\inventory-management\Modules\Customers\Views\list_transactions.php(33): CodeIgniter\Debug\Exceptions->errorHandler(8, 'Undefined varia...', 'C:\\wamp64\\www\\i...', 33, Array)
#1 C:\wamp64\www\inventory-management\vendor\codeigniter4\framework\system\View\View.php(210): include('C:\\wamp64\\www\\i...')
#2 C:\wamp64\www\inventory-management\vendor\codeigniter4\framework\system\View\View.php(213): CodeIgniter\View\View->CodeIgniter\View\{closure}()
#3 C:\wamp64\www\inventory-management\vendor\codeigniter4\framework\system\Common.php(1089): CodeIgniter\View\View->render('Customers\\Views...', Array, true)
#4 C:\wamp64\www\inventory-management\Modules\Customers\Controllers\Customers.php(257): view('Customers\\Views...', Array)
#5 C:\wamp64\www\inventory-management\vendor\codeigniter4\framework\system\CodeIgniter.php(832): Customers\Controllers\Customers->transactions('2')
#6 C:\wamp64\www\inventory-management\vendor\codeigniter4\framework\system\CodeIgniter.php(419): CodeIgniter\CodeIgniter->runController(Object(Customers\Controllers\Customers))
#7 C:\wamp64\www\inventory-management\vendor\codeigniter4\framework\system\CodeIgniter.php(326): CodeIgniter\CodeIgniter->handleRequest(NULL, Object(Config\Cache), false)
#8 C:\wamp64\www\inventory-management\public\index.php(37): CodeIgniter\CodeIgniter->run()
#9 {main}
CRITICAL - 2024-06-16 18:34:54 --> Undefined variable: customerId
#0 C:\wamp64\www\inventory-management\Modules\Customers\Views\list_transactions.php(33): CodeIgniter\Debug\Exceptions->errorHandler(8, 'Undefined varia...', 'C:\\wamp64\\www\\i...', 33, Array)
#1 C:\wamp64\www\inventory-management\vendor\codeigniter4\framework\system\View\View.php(210): include('C:\\wamp64\\www\\i...')
#2 C:\wamp64\www\inventory-management\vendor\codeigniter4\framework\system\View\View.php(213): CodeIgniter\View\View->CodeIgniter\View\{closure}()
#3 C:\wamp64\www\inventory-management\vendor\codeigniter4\framework\system\Common.php(1089): CodeIgniter\View\View->render('Customers\\Views...', Array, true)
#4 C:\wamp64\www\inventory-management\Modules\Customers\Controllers\Customers.php(257): view('Customers\\Views...', Array)
#5 C:\wamp64\www\inventory-management\vendor\codeigniter4\framework\system\CodeIgniter.php(832): Customers\Controllers\Customers->transactions('2')
#6 C:\wamp64\www\inventory-management\vendor\codeigniter4\framework\system\CodeIgniter.php(419): CodeIgniter\CodeIgniter->runController(Object(Customers\Controllers\Customers))
#7 C:\wamp64\www\inventory-management\vendor\codeigniter4\framework\system\CodeIgniter.php(326): CodeIgniter\CodeIgniter->handleRequest(NULL, Object(Config\Cache), false)
#8 C:\wamp64\www\inventory-management\public\index.php(37): CodeIgniter\CodeIgniter->run()
#9 {main}
CRITICAL - 2024-06-16 18:35:56 --> Undefined variable: customerId
#0 C:\wamp64\www\inventory-management\Modules\Customers\Views\list_transactions.php(33): CodeIgniter\Debug\Exceptions->errorHandler(8, 'Undefined varia...', 'C:\\wamp64\\www\\i...', 33, Array)
#1 C:\wamp64\www\inventory-management\vendor\codeigniter4\framework\system\View\View.php(210): include('C:\\wamp64\\www\\i...')
#2 C:\wamp64\www\inventory-management\vendor\codeigniter4\framework\system\View\View.php(213): CodeIgniter\View\View->CodeIgniter\View\{closure}()
#3 C:\wamp64\www\inventory-management\vendor\codeigniter4\framework\system\Common.php(1089): CodeIgniter\View\View->render('Customers\\Views...', Array, true)
#4 C:\wamp64\www\inventory-management\Modules\Customers\Controllers\Customers.php(259): view('Customers\\Views...', Array)
#5 C:\wamp64\www\inventory-management\vendor\codeigniter4\framework\system\CodeIgniter.php(832): Customers\Controllers\Customers->transactions('2')
#6 C:\wamp64\www\inventory-management\vendor\codeigniter4\framework\system\CodeIgniter.php(419): CodeIgniter\CodeIgniter->runController(Object(Customers\Controllers\Customers))
#7 C:\wamp64\www\inventory-management\vendor\codeigniter4\framework\system\CodeIgniter.php(326): CodeIgniter\CodeIgniter->handleRequest(NULL, Object(Config\Cache), false)
#8 C:\wamp64\www\inventory-management\public\index.php(37): CodeIgniter\CodeIgniter->run()
#9 {main}
CRITICAL - 2024-06-16 18:36:43 --> Class 'Customers\Controllers\UsersModel' not found
#0 C:\wamp64\www\inventory-management\vendor\codeigniter4\framework\system\CodeIgniter.php(832): Customers\Controllers\Customers->transactions('2')
#1 C:\wamp64\www\inventory-management\vendor\codeigniter4\framework\system\CodeIgniter.php(419): CodeIgniter\CodeIgniter->runController(Object(Customers\Controllers\Customers))
#2 C:\wamp64\www\inventory-management\vendor\codeigniter4\framework\system\CodeIgniter.php(326): CodeIgniter\CodeIgniter->handleRequest(NULL, Object(Config\Cache), false)
#3 C:\wamp64\www\inventory-management\public\index.php(37): CodeIgniter\CodeIgniter->run()
#4 {main}
CRITICAL - 2024-06-16 18:37:25 --> Undefined variable: customerId
#0 C:\wamp64\www\inventory-management\Modules\Customers\Views\list_transactions.php(33): CodeIgniter\Debug\Exceptions->errorHandler(8, 'Undefined varia...', 'C:\\wamp64\\www\\i...', 33, Array)
#1 C:\wamp64\www\inventory-management\vendor\codeigniter4\framework\system\View\View.php(210): include('C:\\wamp64\\www\\i...')
#2 C:\wamp64\www\inventory-management\vendor\codeigniter4\framework\system\View\View.php(213): CodeIgniter\View\View->CodeIgniter\View\{closure}()
#3 C:\wamp64\www\inventory-management\vendor\codeigniter4\framework\system\Common.php(1089): CodeIgniter\View\View->render('Customers\\Views...', Array, true)
#4 C:\wamp64\www\inventory-management\Modules\Customers\Controllers\Customers.php(259): view('Customers\\Views...', Array)
#5 C:\wamp64\www\inventory-management\vendor\codeigniter4\framework\system\CodeIgniter.php(832): Customers\Controllers\Customers->transactions('2')
#6 C:\wamp64\www\inventory-management\vendor\codeigniter4\framework\system\CodeIgniter.php(419): CodeIgniter\CodeIgniter->runController(Object(Customers\Controllers\Customers))
#7 C:\wamp64\www\inventory-management\vendor\codeigniter4\framework\system\CodeIgniter.php(326): CodeIgniter\CodeIgniter->handleRequest(NULL, Object(Config\Cache), false)
#8 C:\wamp64\www\inventory-management\public\index.php(37): CodeIgniter\CodeIgniter->run()
#9 {main}
CRITICAL - 2024-06-16 18:39:01 --> Undefined variable: customerId
#0 C:\wamp64\www\inventory-management\Modules\Customers\Views\list_transactions.php(33): CodeIgniter\Debug\Exceptions->errorHandler(8, 'Undefined varia...', 'C:\\wamp64\\www\\i...', 33, Array)
#1 C:\wamp64\www\inventory-management\vendor\codeigniter4\framework\system\View\View.php(210): include('C:\\wamp64\\www\\i...')
#2 C:\wamp64\www\inventory-management\vendor\codeigniter4\framework\system\View\View.php(213): CodeIgniter\View\View->CodeIgniter\View\{closure}()
#3 C:\wamp64\www\inventory-management\vendor\codeigniter4\framework\system\Common.php(1089): CodeIgniter\View\View->render('Customers\\Views...', Array, true)
#4 C:\wamp64\www\inventory-management\Modules\Customers\Controllers\Customers.php(259): view('Customers\\Views...', Array)
#5 C:\wamp64\www\inventory-management\vendor\codeigniter4\framework\system\CodeIgniter.php(832): Customers\Controllers\Customers->transactions('2')
#6 C:\wamp64\www\inventory-management\vendor\codeigniter4\framework\system\CodeIgniter.php(419): CodeIgniter\CodeIgniter->runController(Object(Customers\Controllers\Customers))
#7 C:\wamp64\www\inventory-management\vendor\codeigniter4\framework\system\CodeIgniter.php(326): CodeIgniter\CodeIgniter->handleRequest(NULL, Object(Config\Cache), false)
#8 C:\wamp64\www\inventory-management\public\index.php(37): CodeIgniter\CodeIgniter->run()
#9 {main}
CRITICAL - 2024-06-16 18:41:13 --> Undefined variable: totalBalance
#0 C:\wamp64\www\inventory-management\Modules\Customers\Views\list_transactions.php(45): CodeIgniter\Debug\Exceptions->errorHandler(8, 'Undefined varia...', 'C:\\wamp64\\www\\i...', 45, Array)
#1 C:\wamp64\www\inventory-management\vendor\codeigniter4\framework\system\View\View.php(210): include('C:\\wamp64\\www\\i...')
#2 C:\wamp64\www\inventory-management\vendor\codeigniter4\framework\system\View\View.php(213): CodeIgniter\View\View->CodeIgniter\View\{closure}()
#3 C:\wamp64\www\inventory-management\vendor\codeigniter4\framework\system\Common.php(1089): CodeIgniter\View\View->render('Customers\\Views...', Array, true)
#4 C:\wamp64\www\inventory-management\Modules\Customers\Controllers\Customers.php(257): view('Customers\\Views...', Array)
#5 C:\wamp64\www\inventory-management\vendor\codeigniter4\framework\system\CodeIgniter.php(832): Customers\Controllers\Customers->transactions('2')
#6 C:\wamp64\www\inventory-management\vendor\codeigniter4\framework\system\CodeIgniter.php(419): CodeIgniter\CodeIgniter->runController(Object(Customers\Controllers\Customers))
#7 C:\wamp64\www\inventory-management\vendor\codeigniter4\framework\system\CodeIgniter.php(326): CodeIgniter\CodeIgniter->handleRequest(NULL, Object(Config\Cache), false)
#8 C:\wamp64\www\inventory-management\public\index.php(37): CodeIgniter\CodeIgniter->run()
#9 {main}
CRITICAL - 2024-06-16 18:41:55 --> Undefined variable: totalBalance
#0 C:\wamp64\www\inventory-management\Modules\Customers\Views\list_transactions.php(45): CodeIgniter\Debug\Exceptions->errorHandler(8, 'Undefined varia...', 'C:\\wamp64\\www\\i...', 45, Array)
#1 C:\wamp64\www\inventory-management\vendor\codeigniter4\framework\system\View\View.php(210): include('C:\\wamp64\\www\\i...')
#2 C:\wamp64\www\inventory-management\vendor\codeigniter4\framework\system\View\View.php(213): CodeIgniter\View\View->CodeIgniter\View\{closure}()
#3 C:\wamp64\www\inventory-management\vendor\codeigniter4\framework\system\Common.php(1089): CodeIgniter\View\View->render('Customers\\Views...', Array, true)
#4 C:\wamp64\www\inventory-management\Modules\Customers\Controllers\Customers.php(259): view('Customers\\Views...', Array)
#5 C:\wamp64\www\inventory-management\vendor\codeigniter4\framework\system\CodeIgniter.php(832): Customers\Controllers\Customers->transactions('2')
#6 C:\wamp64\www\inventory-management\vendor\codeigniter4\framework\system\CodeIgniter.php(419): CodeIgniter\CodeIgniter->runController(Object(Customers\Controllers\Customers))
#7 C:\wamp64\www\inventory-management\vendor\codeigniter4\framework\system\CodeIgniter.php(326): CodeIgniter\CodeIgniter->handleRequest(NULL, Object(Config\Cache), false)
#8 C:\wamp64\www\inventory-management\public\index.php(37): CodeIgniter\CodeIgniter->run()
#9 {main}
CRITICAL - 2024-06-16 18:45:23 --> Invalid file: Customers\Views\add_transaction.php
#0 C:\wamp64\www\inventory-management\vendor\codeigniter4\framework\system\View\View.php(198): CodeIgniter\Exceptions\FrameworkException::forInvalidFile('Customers\\Views...')
#1 C:\wamp64\www\inventory-management\vendor\codeigniter4\framework\system\Common.php(1089): CodeIgniter\View\View->render('Customers\\Views...', Array, true)
#2 C:\wamp64\www\inventory-management\Modules\Customers\Controllers\Customers.php(280): view('Customers\\Views...', Array)
#3 C:\wamp64\www\inventory-management\vendor\codeigniter4\framework\system\CodeIgniter.php(832): Customers\Controllers\Customers->addTransactions('2')
#4 C:\wamp64\www\inventory-management\vendor\codeigniter4\framework\system\CodeIgniter.php(419): CodeIgniter\CodeIgniter->runController(Object(Customers\Controllers\Customers))
#5 C:\wamp64\www\inventory-management\vendor\codeigniter4\framework\system\CodeIgniter.php(326): CodeIgniter\CodeIgniter->handleRequest(NULL, Object(Config\Cache), false)
#6 C:\wamp64\www\inventory-management\public\index.php(37): CodeIgniter\CodeIgniter->run()
#7 {main}
CRITICAL - 2024-06-16 20:13:43 --> Undefined variable: customer
#0 C:\wamp64\www\inventory-management\Modules\Customers\Views\add_transactions.php(46): CodeIgniter\Debug\Exceptions->errorHandler(8, 'Undefined varia...', 'C:\\wamp64\\www\\i...', 46, Array)
#1 C:\wamp64\www\inventory-management\vendor\codeigniter4\framework\system\View\View.php(210): include('C:\\wamp64\\www\\i...')
#2 C:\wamp64\www\inventory-management\vendor\codeigniter4\framework\system\View\View.php(213): CodeIgniter\View\View->CodeIgniter\View\{closure}()
#3 C:\wamp64\www\inventory-management\vendor\codeigniter4\framework\system\Common.php(1089): CodeIgniter\View\View->render('Customers\\Views...', Array, true)
#4 C:\wamp64\www\inventory-management\Modules\Customers\Controllers\Customers.php(277): view('Customers\\Views...', Array)
#5 C:\wamp64\www\inventory-management\vendor\codeigniter4\framework\system\CodeIgniter.php(832): Customers\Controllers\Customers->addTransactions('2')
#6 C:\wamp64\www\inventory-management\vendor\codeigniter4\framework\system\CodeIgniter.php(419): CodeIgniter\CodeIgniter->runController(Object(Customers\Controllers\Customers))
#7 C:\wamp64\www\inventory-management\vendor\codeigniter4\framework\system\CodeIgniter.php(326): CodeIgniter\CodeIgniter->handleRequest(NULL, Object(Config\Cache), false)
#8 C:\wamp64\www\inventory-management\public\index.php(37): CodeIgniter\CodeIgniter->run()
#9 {main}
CRITICAL - 2024-06-16 20:48:23 --> Too few arguments to function Customers\Controllers\Customers::storeTransactions(), 0 passed in C:\wamp64\www\inventory-management\vendor\codeigniter4\framework\system\CodeIgniter.php on line 832 and exactly 1 expected
#0 C:\wamp64\www\inventory-management\vendor\codeigniter4\framework\system\CodeIgniter.php(832): Customers\Controllers\Customers->storeTransactions()
#1 C:\wamp64\www\inventory-management\vendor\codeigniter4\framework\system\CodeIgniter.php(419): CodeIgniter\CodeIgniter->runController(Object(Customers\Controllers\Customers))
#2 C:\wamp64\www\inventory-management\vendor\codeigniter4\framework\system\CodeIgniter.php(326): CodeIgniter\CodeIgniter->handleRequest(NULL, Object(Config\Cache), false)
#3 C:\wamp64\www\inventory-management\public\index.php(37): CodeIgniter\CodeIgniter->run()
#4 {main}
