CRITICAL - 2024-09-21 19:54:13 --> Undefined array key "product_name"
#0 C:\wamp64\www\inventory-management\Modules\Purchases\Controllers\Purchases.php(101): CodeIgniter\Debug\Exceptions->errorHandler(2, 'Undefined array...', 'C:\\wamp64\\www\\i...', 101)
#1 C:\wamp64\www\inventory-management\vendor\codeigniter4\framework\system\CodeIgniter.php(832): Purchases\Controllers\Purchases->storePurchases()
#2 C:\wamp64\www\inventory-management\vendor\codeigniter4\framework\system\CodeIgniter.php(419): CodeIgniter\CodeIgniter->runController(Object(Purchases\Controllers\Purchases))
#3 C:\wamp64\www\inventory-management\vendor\codeigniter4\framework\system\CodeIgniter.php(326): CodeIgniter\CodeIgniter->handleRequest(NULL, Object(Config\Cache), false)
#4 C:\wamp64\www\inventory-management\public\index.php(37): CodeIgniter\CodeIgniter->run()
#5 {main}
CRITICAL - 2024-09-21 19:57:02 --> Undefined array key "product_name"
#0 C:\wamp64\www\inventory-management\Modules\Purchases\Controllers\Purchases.php(101): CodeIgniter\Debug\Exceptions->errorHandler(2, 'Undefined array...', 'C:\\wamp64\\www\\i...', 101)
#1 C:\wamp64\www\inventory-management\vendor\codeigniter4\framework\system\CodeIgniter.php(832): Purchases\Controllers\Purchases->storePurchases()
#2 C:\wamp64\www\inventory-management\vendor\codeigniter4\framework\system\CodeIgniter.php(419): CodeIgniter\CodeIgniter->runController(Object(Purchases\Controllers\Purchases))
#3 C:\wamp64\www\inventory-management\vendor\codeigniter4\framework\system\CodeIgniter.php(326): CodeIgniter\CodeIgniter->handleRequest(NULL, Object(Config\Cache), false)
#4 C:\wamp64\www\inventory-management\public\index.php(37): CodeIgniter\CodeIgniter->run()
#5 {main}
CRITICAL - 2024-09-21 19:58:40 --> Undefined array key "product_name"
#0 C:\wamp64\www\inventory-management\Modules\Purchases\Controllers\Purchases.php(101): CodeIgniter\Debug\Exceptions->errorHandler(2, 'Undefined array...', 'C:\\wamp64\\www\\i...', 101)
#1 C:\wamp64\www\inventory-management\vendor\codeigniter4\framework\system\CodeIgniter.php(832): Purchases\Controllers\Purchases->storePurchases()
#2 C:\wamp64\www\inventory-management\vendor\codeigniter4\framework\system\CodeIgniter.php(419): CodeIgniter\CodeIgniter->runController(Object(Purchases\Controllers\Purchases))
#3 C:\wamp64\www\inventory-management\vendor\codeigniter4\framework\system\CodeIgniter.php(326): CodeIgniter\CodeIgniter->handleRequest(NULL, Object(Config\Cache), false)
#4 C:\wamp64\www\inventory-management\public\index.php(37): CodeIgniter\CodeIgniter->run()
#5 {main}
CRITICAL - 2024-09-21 20:00:52 --> Undefined array key "variation_product_name"
#0 C:\wamp64\www\inventory-management\Modules\Purchases\Controllers\Purchases.php(101): CodeIgniter\Debug\Exceptions->errorHandler(2, 'Undefined array...', 'C:\\wamp64\\www\\i...', 101)
#1 C:\wamp64\www\inventory-management\vendor\codeigniter4\framework\system\CodeIgniter.php(832): Purchases\Controllers\Purchases->storePurchases()
#2 C:\wamp64\www\inventory-management\vendor\codeigniter4\framework\system\CodeIgniter.php(419): CodeIgniter\CodeIgniter->runController(Object(Purchases\Controllers\Purchases))
#3 C:\wamp64\www\inventory-management\vendor\codeigniter4\framework\system\CodeIgniter.php(326): CodeIgniter\CodeIgniter->handleRequest(NULL, Object(Config\Cache), false)
#4 C:\wamp64\www\inventory-management\public\index.php(37): CodeIgniter\CodeIgniter->run()
#5 {main}
CRITICAL - 2024-09-21 20:01:06 --> Undefined array key "variation_product_name"
#0 C:\wamp64\www\inventory-management\Modules\Purchases\Controllers\Purchases.php(101): CodeIgniter\Debug\Exceptions->errorHandler(2, 'Undefined array...', 'C:\\wamp64\\www\\i...', 101)
#1 C:\wamp64\www\inventory-management\vendor\codeigniter4\framework\system\CodeIgniter.php(832): Purchases\Controllers\Purchases->storePurchases()
#2 C:\wamp64\www\inventory-management\vendor\codeigniter4\framework\system\CodeIgniter.php(419): CodeIgniter\CodeIgniter->runController(Object(Purchases\Controllers\Purchases))
#3 C:\wamp64\www\inventory-management\vendor\codeigniter4\framework\system\CodeIgniter.php(326): CodeIgniter\CodeIgniter->handleRequest(NULL, Object(Config\Cache), false)
#4 C:\wamp64\www\inventory-management\public\index.php(37): CodeIgniter\CodeIgniter->run()
#5 {main}
CRITICAL - 2024-09-21 20:03:04 --> Undefined array key "variation_product_name"
#0 C:\wamp64\www\inventory-management\Modules\Purchases\Controllers\Purchases.php(101): CodeIgniter\Debug\Exceptions->errorHandler(2, 'Undefined array...', 'C:\\wamp64\\www\\i...', 101)
#1 C:\wamp64\www\inventory-management\vendor\codeigniter4\framework\system\CodeIgniter.php(832): Purchases\Controllers\Purchases->storePurchases()
#2 C:\wamp64\www\inventory-management\vendor\codeigniter4\framework\system\CodeIgniter.php(419): CodeIgniter\CodeIgniter->runController(Object(Purchases\Controllers\Purchases))
#3 C:\wamp64\www\inventory-management\vendor\codeigniter4\framework\system\CodeIgniter.php(326): CodeIgniter\CodeIgniter->handleRequest(NULL, Object(Config\Cache), false)
#4 C:\wamp64\www\inventory-management\public\index.php(37): CodeIgniter\CodeIgniter->run()
#5 {main}
CRITICAL - 2024-09-21 20:04:17 --> Undefined array key "variation_product_name"
#0 C:\wamp64\www\inventory-management\Modules\Purchases\Controllers\Purchases.php(101): CodeIgniter\Debug\Exceptions->errorHandler(2, 'Undefined array...', 'C:\\wamp64\\www\\i...', 101)
#1 C:\wamp64\www\inventory-management\vendor\codeigniter4\framework\system\CodeIgniter.php(832): Purchases\Controllers\Purchases->storePurchases()
#2 C:\wamp64\www\inventory-management\vendor\codeigniter4\framework\system\CodeIgniter.php(419): CodeIgniter\CodeIgniter->runController(Object(Purchases\Controllers\Purchases))
#3 C:\wamp64\www\inventory-management\vendor\codeigniter4\framework\system\CodeIgniter.php(326): CodeIgniter\CodeIgniter->handleRequest(NULL, Object(Config\Cache), false)
#4 C:\wamp64\www\inventory-management\public\index.php(37): CodeIgniter\CodeIgniter->run()
#5 {main}
