CRITICAL - 2024-05-26 18:22:37 --> Undefined variable: variation_values
#0 C:\wamp64\www\inventory-management\Modules\Products\Views\products\add.php(381): CodeIgniter\Debug\Exceptions->errorHandler(8, 'Undefined varia...', 'C:\\wamp64\\www\\i...', 381, Array)
#1 C:\wamp64\www\inventory-management\vendor\codeigniter4\framework\system\View\View.php(210): include('C:\\wamp64\\www\\i...')
#2 C:\wamp64\www\inventory-management\vendor\codeigniter4\framework\system\View\View.php(213): CodeIgniter\View\View->CodeIgniter\View\{closure}()
#3 C:\wamp64\www\inventory-management\vendor\codeigniter4\framework\system\Common.php(1089): CodeIgniter\View\View->render('Products\\Views\\...', Array, true)
#4 C:\wamp64\www\inventory-management\Modules\Products\Controllers\Products.php(68): view('Products\\Views\\...', Array)
#5 C:\wamp64\www\inventory-management\vendor\codeigniter4\framework\system\CodeIgniter.php(832): Products\Controllers\Products->addProducts()
#6 C:\wamp64\www\inventory-management\vendor\codeigniter4\framework\system\CodeIgniter.php(419): CodeIgniter\CodeIgniter->runController(Object(Products\Controllers\Products))
#7 C:\wamp64\www\inventory-management\vendor\codeigniter4\framework\system\CodeIgniter.php(326): CodeIgniter\CodeIgniter->handleRequest(NULL, Object(Config\Cache), false)
#8 C:\wamp64\www\inventory-management\public\index.php(37): CodeIgniter\CodeIgniter->run()
#9 {main}
CRITICAL - 2024-05-26 20:59:16 --> The action you requested is not allowed.
#0 C:\wamp64\www\inventory-management\vendor\codeigniter4\framework\system\Security\Security.php(289): CodeIgniter\Security\Exceptions\SecurityException::forDisallowedAction()
#1 C:\wamp64\www\inventory-management\vendor\codeigniter4\framework\system\Filters\CSRF.php(53): CodeIgniter\Security\Security->verify(Object(CodeIgniter\HTTP\IncomingRequest))
#2 C:\wamp64\www\inventory-management\vendor\codeigniter4\framework\system\Filters\Filters.php(173): CodeIgniter\Filters\CSRF->before(Object(CodeIgniter\HTTP\IncomingRequest), NULL)
#3 C:\wamp64\www\inventory-management\vendor\codeigniter4\framework\system\CodeIgniter.php(393): CodeIgniter\Filters\Filters->run('/product-manage...', 'before')
#4 C:\wamp64\www\inventory-management\vendor\codeigniter4\framework\system\CodeIgniter.php(326): CodeIgniter\CodeIgniter->handleRequest(NULL, Object(Config\Cache), false)
#5 C:\wamp64\www\inventory-management\public\index.php(37): CodeIgniter\CodeIgniter->run()
#6 {main}
CRITICAL - 2024-05-26 20:59:38 --> The action you requested is not allowed.
#0 C:\wamp64\www\inventory-management\vendor\codeigniter4\framework\system\Security\Security.php(289): CodeIgniter\Security\Exceptions\SecurityException::forDisallowedAction()
#1 C:\wamp64\www\inventory-management\vendor\codeigniter4\framework\system\Filters\CSRF.php(53): CodeIgniter\Security\Security->verify(Object(CodeIgniter\HTTP\IncomingRequest))
#2 C:\wamp64\www\inventory-management\vendor\codeigniter4\framework\system\Filters\Filters.php(173): CodeIgniter\Filters\CSRF->before(Object(CodeIgniter\HTTP\IncomingRequest), NULL)
#3 C:\wamp64\www\inventory-management\vendor\codeigniter4\framework\system\CodeIgniter.php(393): CodeIgniter\Filters\Filters->run('/product-manage...', 'before')
#4 C:\wamp64\www\inventory-management\vendor\codeigniter4\framework\system\CodeIgniter.php(326): CodeIgniter\CodeIgniter->handleRequest(NULL, Object(Config\Cache), false)
#5 C:\wamp64\www\inventory-management\public\index.php(37): CodeIgniter\CodeIgniter->run()
#6 {main}
CRITICAL - 2024-05-26 21:16:38 --> The action you requested is not allowed.
#0 C:\wamp64\www\inventory-management\vendor\codeigniter4\framework\system\Security\Security.php(289): CodeIgniter\Security\Exceptions\SecurityException::forDisallowedAction()
#1 C:\wamp64\www\inventory-management\vendor\codeigniter4\framework\system\Filters\CSRF.php(53): CodeIgniter\Security\Security->verify(Object(CodeIgniter\HTTP\IncomingRequest))
#2 C:\wamp64\www\inventory-management\vendor\codeigniter4\framework\system\Filters\Filters.php(173): CodeIgniter\Filters\CSRF->before(Object(CodeIgniter\HTTP\IncomingRequest), NULL)
#3 C:\wamp64\www\inventory-management\vendor\codeigniter4\framework\system\CodeIgniter.php(393): CodeIgniter\Filters\Filters->run('/product-manage...', 'before')
#4 C:\wamp64\www\inventory-management\vendor\codeigniter4\framework\system\CodeIgniter.php(326): CodeIgniter\CodeIgniter->handleRequest(NULL, Object(Config\Cache), false)
#5 C:\wamp64\www\inventory-management\public\index.php(37): CodeIgniter\CodeIgniter->run()
#6 {main}
CRITICAL - 2024-05-26 21:16:58 --> The action you requested is not allowed.
#0 C:\wamp64\www\inventory-management\vendor\codeigniter4\framework\system\Security\Security.php(289): CodeIgniter\Security\Exceptions\SecurityException::forDisallowedAction()
#1 C:\wamp64\www\inventory-management\vendor\codeigniter4\framework\system\Filters\CSRF.php(53): CodeIgniter\Security\Security->verify(Object(CodeIgniter\HTTP\IncomingRequest))
#2 C:\wamp64\www\inventory-management\vendor\codeigniter4\framework\system\Filters\Filters.php(173): CodeIgniter\Filters\CSRF->before(Object(CodeIgniter\HTTP\IncomingRequest), NULL)
#3 C:\wamp64\www\inventory-management\vendor\codeigniter4\framework\system\CodeIgniter.php(393): CodeIgniter\Filters\Filters->run('/product-manage...', 'before')
#4 C:\wamp64\www\inventory-management\vendor\codeigniter4\framework\system\CodeIgniter.php(326): CodeIgniter\CodeIgniter->handleRequest(NULL, Object(Config\Cache), false)
#5 C:\wamp64\www\inventory-management\public\index.php(37): CodeIgniter\CodeIgniter->run()
#6 {main}
