CRITICAL - 2024-07-17 10:09:38 --> Undefined property: stdClass::$variation_name
#0 C:\wamp64\www\inventory-management\Modules\Products\Views\products\details.php(67): CodeIgniter\Debug\Exceptions->errorHandler(8, 'Undefined prope...', 'C:\\wamp64\\www\\i...', 67, Array)
#1 C:\wamp64\www\inventory-management\vendor\codeigniter4\framework\system\View\View.php(210): include('C:\\wamp64\\www\\i...')
#2 C:\wamp64\www\inventory-management\vendor\codeigniter4\framework\system\View\View.php(213): CodeIgniter\View\View->CodeIgniter\View\{closure}()
#3 C:\wamp64\www\inventory-management\vendor\codeigniter4\framework\system\Common.php(1089): CodeIgniter\View\View->render('Products\\Views\\...', Array, true)
#4 C:\wamp64\www\inventory-management\Modules\Products\Controllers\Products.php(66): view('Products\\Views\\...', Array)
#5 C:\wamp64\www\inventory-management\vendor\codeigniter4\framework\system\CodeIgniter.php(832): Products\Controllers\Products->getProductsDetails('4')
#6 C:\wamp64\www\inventory-management\vendor\codeigniter4\framework\system\CodeIgniter.php(419): CodeIgniter\CodeIgniter->runController(Object(Products\Controllers\Products))
#7 C:\wamp64\www\inventory-management\vendor\codeigniter4\framework\system\CodeIgniter.php(326): CodeIgniter\CodeIgniter->handleRequest(NULL, Object(Config\Cache), false)
#8 C:\wamp64\www\inventory-management\public\index.php(37): CodeIgniter\CodeIgniter->run()
#9 {main}
CRITICAL - 2024-07-17 10:09:48 --> Undefined property: stdClass::$variation_value_name
#0 C:\wamp64\www\inventory-management\Modules\Products\Views\products\details.php(68): CodeIgniter\Debug\Exceptions->errorHandler(8, 'Undefined prope...', 'C:\\wamp64\\www\\i...', 68, Array)
#1 C:\wamp64\www\inventory-management\vendor\codeigniter4\framework\system\View\View.php(210): include('C:\\wamp64\\www\\i...')
#2 C:\wamp64\www\inventory-management\vendor\codeigniter4\framework\system\View\View.php(213): CodeIgniter\View\View->CodeIgniter\View\{closure}()
#3 C:\wamp64\www\inventory-management\vendor\codeigniter4\framework\system\Common.php(1089): CodeIgniter\View\View->render('Products\\Views\\...', Array, true)
#4 C:\wamp64\www\inventory-management\Modules\Products\Controllers\Products.php(66): view('Products\\Views\\...', Array)
#5 C:\wamp64\www\inventory-management\vendor\codeigniter4\framework\system\CodeIgniter.php(832): Products\Controllers\Products->getProductsDetails('4')
#6 C:\wamp64\www\inventory-management\vendor\codeigniter4\framework\system\CodeIgniter.php(419): CodeIgniter\CodeIgniter->runController(Object(Products\Controllers\Products))
#7 C:\wamp64\www\inventory-management\vendor\codeigniter4\framework\system\CodeIgniter.php(326): CodeIgniter\CodeIgniter->handleRequest(NULL, Object(Config\Cache), false)
#8 C:\wamp64\www\inventory-management\public\index.php(37): CodeIgniter\CodeIgniter->run()
#9 {main}
CRITICAL - 2024-07-17 10:09:56 --> Undefined property: stdClass::$variation_unit_name
#0 C:\wamp64\www\inventory-management\Modules\Products\Views\products\details.php(70): CodeIgniter\Debug\Exceptions->errorHandler(8, 'Undefined prope...', 'C:\\wamp64\\www\\i...', 70, Array)
#1 C:\wamp64\www\inventory-management\vendor\codeigniter4\framework\system\View\View.php(210): include('C:\\wamp64\\www\\i...')
#2 C:\wamp64\www\inventory-management\vendor\codeigniter4\framework\system\View\View.php(213): CodeIgniter\View\View->CodeIgniter\View\{closure}()
#3 C:\wamp64\www\inventory-management\vendor\codeigniter4\framework\system\Common.php(1089): CodeIgniter\View\View->render('Products\\Views\\...', Array, true)
#4 C:\wamp64\www\inventory-management\Modules\Products\Controllers\Products.php(66): view('Products\\Views\\...', Array)
#5 C:\wamp64\www\inventory-management\vendor\codeigniter4\framework\system\CodeIgniter.php(832): Products\Controllers\Products->getProductsDetails('4')
#6 C:\wamp64\www\inventory-management\vendor\codeigniter4\framework\system\CodeIgniter.php(419): CodeIgniter\CodeIgniter->runController(Object(Products\Controllers\Products))
#7 C:\wamp64\www\inventory-management\vendor\codeigniter4\framework\system\CodeIgniter.php(326): CodeIgniter\CodeIgniter->handleRequest(NULL, Object(Config\Cache), false)
#8 C:\wamp64\www\inventory-management\public\index.php(37): CodeIgniter\CodeIgniter->run()
#9 {main}
CRITICAL - 2024-07-17 10:46:53 --> Undefined variable: listProducts
#0 C:\wamp64\www\inventory-management\Modules\Products\Views\products\product_variation_details.php(58): CodeIgniter\Debug\Exceptions->errorHandler(8, 'Undefined varia...', 'C:\\wamp64\\www\\i...', 58, Array)
#1 C:\wamp64\www\inventory-management\vendor\codeigniter4\framework\system\View\View.php(210): include('C:\\wamp64\\www\\i...')
#2 C:\wamp64\www\inventory-management\vendor\codeigniter4\framework\system\View\View.php(213): CodeIgniter\View\View->CodeIgniter\View\{closure}()
#3 C:\wamp64\www\inventory-management\vendor\codeigniter4\framework\system\Common.php(1089): CodeIgniter\View\View->render('Products\\Views\\...', Array, true)
#4 C:\wamp64\www\inventory-management\Modules\Products\Controllers\Products.php(69): view('Products\\Views\\...', Array)
#5 C:\wamp64\www\inventory-management\vendor\codeigniter4\framework\system\CodeIgniter.php(832): Products\Controllers\Products->getProductsDetails('4')
#6 C:\wamp64\www\inventory-management\vendor\codeigniter4\framework\system\CodeIgniter.php(419): CodeIgniter\CodeIgniter->runController(Object(Products\Controllers\Products))
#7 C:\wamp64\www\inventory-management\vendor\codeigniter4\framework\system\CodeIgniter.php(326): CodeIgniter\CodeIgniter->handleRequest(NULL, Object(Config\Cache), false)
#8 C:\wamp64\www\inventory-management\public\index.php(37): CodeIgniter\CodeIgniter->run()
#9 {main}
CRITICAL - 2024-07-17 14:04:41 --> Undefined variable: product
#0 C:\wamp64\www\inventory-management\Modules\Products\Views\products\single_product_details.php(35): CodeIgniter\Debug\Exceptions->errorHandler(8, 'Undefined varia...', 'C:\\wamp64\\www\\i...', 35, Array)
#1 C:\wamp64\www\inventory-management\vendor\codeigniter4\framework\system\View\View.php(210): include('C:\\wamp64\\www\\i...')
#2 C:\wamp64\www\inventory-management\vendor\codeigniter4\framework\system\View\View.php(213): CodeIgniter\View\View->CodeIgniter\View\{closure}()
#3 C:\wamp64\www\inventory-management\vendor\codeigniter4\framework\system\Common.php(1089): CodeIgniter\View\View->render('Products\\Views\\...', Array, true)
#4 C:\wamp64\www\inventory-management\Modules\Products\Controllers\Products.php(67): view('Products\\Views\\...', Array)
#5 C:\wamp64\www\inventory-management\vendor\codeigniter4\framework\system\CodeIgniter.php(832): Products\Controllers\Products->getProductsDetails('5')
#6 C:\wamp64\www\inventory-management\vendor\codeigniter4\framework\system\CodeIgniter.php(419): CodeIgniter\CodeIgniter->runController(Object(Products\Controllers\Products))
#7 C:\wamp64\www\inventory-management\vendor\codeigniter4\framework\system\CodeIgniter.php(326): CodeIgniter\CodeIgniter->handleRequest(NULL, Object(Config\Cache), false)
#8 C:\wamp64\www\inventory-management\public\index.php(37): CodeIgniter\CodeIgniter->run()
#9 {main}
CRITICAL - 2024-07-17 14:07:16 --> Undefined variable: data
#0 C:\wamp64\www\inventory-management\Modules\Products\Views\products\details.php(62): CodeIgniter\Debug\Exceptions->errorHandler(8, 'Undefined varia...', 'C:\\wamp64\\www\\i...', 62, Array)
#1 C:\wamp64\www\inventory-management\vendor\codeigniter4\framework\system\View\View.php(210): include('C:\\wamp64\\www\\i...')
#2 C:\wamp64\www\inventory-management\vendor\codeigniter4\framework\system\View\View.php(213): CodeIgniter\View\View->CodeIgniter\View\{closure}()
#3 C:\wamp64\www\inventory-management\vendor\codeigniter4\framework\system\Common.php(1089): CodeIgniter\View\View->render('Products\\Views\\...', Array, true)
#4 C:\wamp64\www\inventory-management\Modules\Products\Controllers\Products.php(84): view('Products\\Views\\...', Array)
#5 C:\wamp64\www\inventory-management\vendor\codeigniter4\framework\system\CodeIgniter.php(832): Products\Controllers\Products->getProductsDetails('1')
#6 C:\wamp64\www\inventory-management\vendor\codeigniter4\framework\system\CodeIgniter.php(419): CodeIgniter\CodeIgniter->runController(Object(Products\Controllers\Products))
#7 C:\wamp64\www\inventory-management\vendor\codeigniter4\framework\system\CodeIgniter.php(326): CodeIgniter\CodeIgniter->handleRequest(NULL, Object(Config\Cache), false)
#8 C:\wamp64\www\inventory-management\public\index.php(37): CodeIgniter\CodeIgniter->run()
#9 {main}
CRITICAL - 2024-07-17 14:08:36 --> Undefined property: stdClass::$unit_name
#0 C:\wamp64\www\inventory-management\Modules\Products\Views\products\single_product_details.php(47): CodeIgniter\Debug\Exceptions->errorHandler(8, 'Undefined prope...', 'C:\\wamp64\\www\\i...', 47, Array)
#1 C:\wamp64\www\inventory-management\vendor\codeigniter4\framework\system\View\View.php(210): include('C:\\wamp64\\www\\i...')
#2 C:\wamp64\www\inventory-management\vendor\codeigniter4\framework\system\View\View.php(213): CodeIgniter\View\View->CodeIgniter\View\{closure}()
#3 C:\wamp64\www\inventory-management\vendor\codeigniter4\framework\system\Common.php(1089): CodeIgniter\View\View->render('Products\\Views\\...', Array, true)
#4 C:\wamp64\www\inventory-management\Modules\Products\Controllers\Products.php(84): view('Products\\Views\\...', Array)
#5 C:\wamp64\www\inventory-management\vendor\codeigniter4\framework\system\CodeIgniter.php(832): Products\Controllers\Products->getProductsDetails('1')
#6 C:\wamp64\www\inventory-management\vendor\codeigniter4\framework\system\CodeIgniter.php(419): CodeIgniter\CodeIgniter->runController(Object(Products\Controllers\Products))
#7 C:\wamp64\www\inventory-management\vendor\codeigniter4\framework\system\CodeIgniter.php(326): CodeIgniter\CodeIgniter->handleRequest(NULL, Object(Config\Cache), false)
#8 C:\wamp64\www\inventory-management\public\index.php(37): CodeIgniter\CodeIgniter->run()
#9 {main}
CRITICAL - 2024-07-17 14:15:22 --> Undefined property: stdClass::$unit_name
#0 C:\wamp64\www\inventory-management\Modules\Products\Views\products\single_product_details.php(47): CodeIgniter\Debug\Exceptions->errorHandler(8, 'Undefined prope...', 'C:\\wamp64\\www\\i...', 47, Array)
#1 C:\wamp64\www\inventory-management\vendor\codeigniter4\framework\system\View\View.php(210): include('C:\\wamp64\\www\\i...')
#2 C:\wamp64\www\inventory-management\vendor\codeigniter4\framework\system\View\View.php(213): CodeIgniter\View\View->CodeIgniter\View\{closure}()
#3 C:\wamp64\www\inventory-management\vendor\codeigniter4\framework\system\Common.php(1089): CodeIgniter\View\View->render('Products\\Views\\...', Array, true)
#4 C:\wamp64\www\inventory-management\Modules\Products\Controllers\Products.php(84): view('Products\\Views\\...', Array)
#5 C:\wamp64\www\inventory-management\vendor\codeigniter4\framework\system\CodeIgniter.php(832): Products\Controllers\Products->getProductsDetails('3')
#6 C:\wamp64\www\inventory-management\vendor\codeigniter4\framework\system\CodeIgniter.php(419): CodeIgniter\CodeIgniter->runController(Object(Products\Controllers\Products))
#7 C:\wamp64\www\inventory-management\vendor\codeigniter4\framework\system\CodeIgniter.php(326): CodeIgniter\CodeIgniter->handleRequest(NULL, Object(Config\Cache), false)
#8 C:\wamp64\www\inventory-management\public\index.php(37): CodeIgniter\CodeIgniter->run()
#9 {main}
CRITICAL - 2024-07-17 14:17:02 --> Undefined property: stdClass::$unit_name
#0 C:\wamp64\www\inventory-management\Modules\Products\Views\products\single_product_details.php(47): CodeIgniter\Debug\Exceptions->errorHandler(8, 'Undefined prope...', 'C:\\wamp64\\www\\i...', 47, Array)
#1 C:\wamp64\www\inventory-management\vendor\codeigniter4\framework\system\View\View.php(210): include('C:\\wamp64\\www\\i...')
#2 C:\wamp64\www\inventory-management\vendor\codeigniter4\framework\system\View\View.php(213): CodeIgniter\View\View->CodeIgniter\View\{closure}()
#3 C:\wamp64\www\inventory-management\vendor\codeigniter4\framework\system\Common.php(1089): CodeIgniter\View\View->render('Products\\Views\\...', Array, true)
#4 C:\wamp64\www\inventory-management\Modules\Products\Controllers\Products.php(84): view('Products\\Views\\...', Array)
#5 C:\wamp64\www\inventory-management\vendor\codeigniter4\framework\system\CodeIgniter.php(832): Products\Controllers\Products->getProductsDetails('3')
#6 C:\wamp64\www\inventory-management\vendor\codeigniter4\framework\system\CodeIgniter.php(419): CodeIgniter\CodeIgniter->runController(Object(Products\Controllers\Products))
#7 C:\wamp64\www\inventory-management\vendor\codeigniter4\framework\system\CodeIgniter.php(326): CodeIgniter\CodeIgniter->handleRequest(NULL, Object(Config\Cache), false)
#8 C:\wamp64\www\inventory-management\public\index.php(37): CodeIgniter\CodeIgniter->run()
#9 {main}
CRITICAL - 2024-07-17 14:17:08 --> Undefined property: stdClass::$unit_name
#0 C:\wamp64\www\inventory-management\Modules\Products\Views\products\single_product_details.php(47): CodeIgniter\Debug\Exceptions->errorHandler(8, 'Undefined prope...', 'C:\\wamp64\\www\\i...', 47, Array)
#1 C:\wamp64\www\inventory-management\vendor\codeigniter4\framework\system\View\View.php(210): include('C:\\wamp64\\www\\i...')
#2 C:\wamp64\www\inventory-management\vendor\codeigniter4\framework\system\View\View.php(213): CodeIgniter\View\View->CodeIgniter\View\{closure}()
#3 C:\wamp64\www\inventory-management\vendor\codeigniter4\framework\system\Common.php(1089): CodeIgniter\View\View->render('Products\\Views\\...', Array, true)
#4 C:\wamp64\www\inventory-management\Modules\Products\Controllers\Products.php(84): view('Products\\Views\\...', Array)
#5 C:\wamp64\www\inventory-management\vendor\codeigniter4\framework\system\CodeIgniter.php(832): Products\Controllers\Products->getProductsDetails('4')
#6 C:\wamp64\www\inventory-management\vendor\codeigniter4\framework\system\CodeIgniter.php(419): CodeIgniter\CodeIgniter->runController(Object(Products\Controllers\Products))
#7 C:\wamp64\www\inventory-management\vendor\codeigniter4\framework\system\CodeIgniter.php(326): CodeIgniter\CodeIgniter->handleRequest(NULL, Object(Config\Cache), false)
#8 C:\wamp64\www\inventory-management\public\index.php(37): CodeIgniter\CodeIgniter->run()
#9 {main}
CRITICAL - 2024-07-17 14:17:35 --> Undefined property: stdClass::$unit_name
#0 C:\wamp64\www\inventory-management\Modules\Products\Views\products\single_product_details.php(47): CodeIgniter\Debug\Exceptions->errorHandler(8, 'Undefined prope...', 'C:\\wamp64\\www\\i...', 47, Array)
#1 C:\wamp64\www\inventory-management\vendor\codeigniter4\framework\system\View\View.php(210): include('C:\\wamp64\\www\\i...')
#2 C:\wamp64\www\inventory-management\vendor\codeigniter4\framework\system\View\View.php(213): CodeIgniter\View\View->CodeIgniter\View\{closure}()
#3 C:\wamp64\www\inventory-management\vendor\codeigniter4\framework\system\Common.php(1089): CodeIgniter\View\View->render('Products\\Views\\...', Array, true)
#4 C:\wamp64\www\inventory-management\Modules\Products\Controllers\Products.php(84): view('Products\\Views\\...', Array)
#5 C:\wamp64\www\inventory-management\vendor\codeigniter4\framework\system\CodeIgniter.php(832): Products\Controllers\Products->getProductsDetails('4')
#6 C:\wamp64\www\inventory-management\vendor\codeigniter4\framework\system\CodeIgniter.php(419): CodeIgniter\CodeIgniter->runController(Object(Products\Controllers\Products))
#7 C:\wamp64\www\inventory-management\vendor\codeigniter4\framework\system\CodeIgniter.php(326): CodeIgniter\CodeIgniter->handleRequest(NULL, Object(Config\Cache), false)
#8 C:\wamp64\www\inventory-management\public\index.php(37): CodeIgniter\CodeIgniter->run()
#9 {main}
CRITICAL - 2024-07-17 14:17:47 --> Undefined property: stdClass::$unit_name
#0 C:\wamp64\www\inventory-management\Modules\Products\Views\products\single_product_details.php(47): CodeIgniter\Debug\Exceptions->errorHandler(8, 'Undefined prope...', 'C:\\wamp64\\www\\i...', 47, Array)
#1 C:\wamp64\www\inventory-management\vendor\codeigniter4\framework\system\View\View.php(210): include('C:\\wamp64\\www\\i...')
#2 C:\wamp64\www\inventory-management\vendor\codeigniter4\framework\system\View\View.php(213): CodeIgniter\View\View->CodeIgniter\View\{closure}()
#3 C:\wamp64\www\inventory-management\vendor\codeigniter4\framework\system\Common.php(1089): CodeIgniter\View\View->render('Products\\Views\\...', Array, true)
#4 C:\wamp64\www\inventory-management\Modules\Products\Controllers\Products.php(84): view('Products\\Views\\...', Array)
#5 C:\wamp64\www\inventory-management\vendor\codeigniter4\framework\system\CodeIgniter.php(832): Products\Controllers\Products->getProductsDetails('3')
#6 C:\wamp64\www\inventory-management\vendor\codeigniter4\framework\system\CodeIgniter.php(419): CodeIgniter\CodeIgniter->runController(Object(Products\Controllers\Products))
#7 C:\wamp64\www\inventory-management\vendor\codeigniter4\framework\system\CodeIgniter.php(326): CodeIgniter\CodeIgniter->handleRequest(NULL, Object(Config\Cache), false)
#8 C:\wamp64\www\inventory-management\public\index.php(37): CodeIgniter\CodeIgniter->run()
#9 {main}
CRITICAL - 2024-07-17 14:18:39 --> Undefined property: stdClass::$unit_name
#0 C:\wamp64\www\inventory-management\Modules\Products\Views\products\single_product_details.php(47): CodeIgniter\Debug\Exceptions->errorHandler(8, 'Undefined prope...', 'C:\\wamp64\\www\\i...', 47, Array)
#1 C:\wamp64\www\inventory-management\vendor\codeigniter4\framework\system\View\View.php(210): include('C:\\wamp64\\www\\i...')
#2 C:\wamp64\www\inventory-management\vendor\codeigniter4\framework\system\View\View.php(213): CodeIgniter\View\View->CodeIgniter\View\{closure}()
#3 C:\wamp64\www\inventory-management\vendor\codeigniter4\framework\system\Common.php(1089): CodeIgniter\View\View->render('Products\\Views\\...', Array, true)
#4 C:\wamp64\www\inventory-management\Modules\Products\Controllers\Products.php(84): view('Products\\Views\\...', Array)
#5 C:\wamp64\www\inventory-management\vendor\codeigniter4\framework\system\CodeIgniter.php(832): Products\Controllers\Products->getProductsDetails('3')
#6 C:\wamp64\www\inventory-management\vendor\codeigniter4\framework\system\CodeIgniter.php(419): CodeIgniter\CodeIgniter->runController(Object(Products\Controllers\Products))
#7 C:\wamp64\www\inventory-management\vendor\codeigniter4\framework\system\CodeIgniter.php(326): CodeIgniter\CodeIgniter->handleRequest(NULL, Object(Config\Cache), false)
#8 C:\wamp64\www\inventory-management\public\index.php(37): CodeIgniter\CodeIgniter->run()
#9 {main}
ERROR - 2024-07-17 14:18:55 --> Unknown column 'product_variations.sub_category_id' in 'on clause'
CRITICAL - 2024-07-17 14:18:55 --> Unknown column 'product_variations.sub_category_id' in 'on clause'
#0 C:\wamp64\www\inventory-management\vendor\codeigniter4\framework\system\Database\MySQLi\Connection.php(292): mysqli->query('SELECT `product...', 0)
#1 C:\wamp64\www\inventory-management\vendor\codeigniter4\framework\system\Database\BaseConnection.php(670): CodeIgniter\Database\MySQLi\Connection->execute('SELECT `product...')
#2 C:\wamp64\www\inventory-management\vendor\codeigniter4\framework\system\Database\BaseConnection.php(598): CodeIgniter\Database\BaseConnection->simpleQuery('SELECT `product...')
#3 C:\wamp64\www\inventory-management\vendor\codeigniter4\framework\system\Database\BaseBuilder.php(1455): CodeIgniter\Database\BaseConnection->query('SELECT `product...', Array, false)
#4 C:\wamp64\www\inventory-management\vendor\codeigniter4\framework\system\Model.php(183): CodeIgniter\Database\BaseBuilder->get()
#5 C:\wamp64\www\inventory-management\vendor\codeigniter4\framework\system\BaseModel.php(584): CodeIgniter\Model->doFindAll(0, 0)
#6 C:\wamp64\www\inventory-management\Modules\Products\Controllers\Products.php(107): CodeIgniter\BaseModel->findAll()
#7 C:\wamp64\www\inventory-management\vendor\codeigniter4\framework\system\CodeIgniter.php(832): Products\Controllers\Products->getProductVariations('3')
#8 C:\wamp64\www\inventory-management\vendor\codeigniter4\framework\system\CodeIgniter.php(419): CodeIgniter\CodeIgniter->runController(Object(Products\Controllers\Products))
#9 C:\wamp64\www\inventory-management\vendor\codeigniter4\framework\system\CodeIgniter.php(326): CodeIgniter\CodeIgniter->handleRequest(NULL, Object(Config\Cache), false)
#10 C:\wamp64\www\inventory-management\public\index.php(37): CodeIgniter\CodeIgniter->run()
#11 {main}
CRITICAL - 2024-07-17 14:20:19 --> Invalid file: Products\Views\products\variation_product_details.php
#0 C:\wamp64\www\inventory-management\vendor\codeigniter4\framework\system\View\View.php(198): CodeIgniter\Exceptions\FrameworkException::forInvalidFile('Products\\Views\\...')
#1 C:\wamp64\www\inventory-management\vendor\codeigniter4\framework\system\Common.php(1089): CodeIgniter\View\View->render('Products\\Views\\...', Array, true)
#2 C:\wamp64\www\inventory-management\Modules\Products\Controllers\Products.php(117): view('Products\\Views\\...', Array)
#3 C:\wamp64\www\inventory-management\vendor\codeigniter4\framework\system\CodeIgniter.php(832): Products\Controllers\Products->getProductVariations('3')
#4 C:\wamp64\www\inventory-management\vendor\codeigniter4\framework\system\CodeIgniter.php(419): CodeIgniter\CodeIgniter->runController(Object(Products\Controllers\Products))
#5 C:\wamp64\www\inventory-management\vendor\codeigniter4\framework\system\CodeIgniter.php(326): CodeIgniter\CodeIgniter->handleRequest(NULL, Object(Config\Cache), false)
#6 C:\wamp64\www\inventory-management\public\index.php(37): CodeIgniter\CodeIgniter->run()
#7 {main}
CRITICAL - 2024-07-17 14:54:39 --> Trying to get property 'id' of non-object
#0 C:\wamp64\www\inventory-management\Modules\Products\Views\products\single_product_details.php(54): CodeIgniter\Debug\Exceptions->errorHandler(8, 'Trying to get p...', 'C:\\wamp64\\www\\i...', 54, Array)
#1 C:\wamp64\www\inventory-management\vendor\codeigniter4\framework\system\View\View.php(210): include('C:\\wamp64\\www\\i...')
#2 C:\wamp64\www\inventory-management\vendor\codeigniter4\framework\system\View\View.php(213): CodeIgniter\View\View->CodeIgniter\View\{closure}()
#3 C:\wamp64\www\inventory-management\vendor\codeigniter4\framework\system\Common.php(1089): CodeIgniter\View\View->render('Products\\Views\\...', Array, true)
#4 C:\wamp64\www\inventory-management\Modules\Products\Controllers\Products.php(84): view('Products\\Views\\...', Array)
#5 C:\wamp64\www\inventory-management\vendor\codeigniter4\framework\system\CodeIgniter.php(832): Products\Controllers\Products->getProductsDetails('1')
#6 C:\wamp64\www\inventory-management\vendor\codeigniter4\framework\system\CodeIgniter.php(419): CodeIgniter\CodeIgniter->runController(Object(Products\Controllers\Products))
#7 C:\wamp64\www\inventory-management\vendor\codeigniter4\framework\system\CodeIgniter.php(326): CodeIgniter\CodeIgniter->handleRequest(NULL, Object(Config\Cache), false)
#8 C:\wamp64\www\inventory-management\public\index.php(37): CodeIgniter\CodeIgniter->run()
#9 {main}
CRITICAL - 2024-07-17 14:55:01 --> Trying to get property 'sku_code' of non-object
#0 C:\wamp64\www\inventory-management\Modules\Products\Views\products\single_product_details.php(54): CodeIgniter\Debug\Exceptions->errorHandler(8, 'Trying to get p...', 'C:\\wamp64\\www\\i...', 54, Array)
#1 C:\wamp64\www\inventory-management\vendor\codeigniter4\framework\system\View\View.php(210): include('C:\\wamp64\\www\\i...')
#2 C:\wamp64\www\inventory-management\vendor\codeigniter4\framework\system\View\View.php(213): CodeIgniter\View\View->CodeIgniter\View\{closure}()
#3 C:\wamp64\www\inventory-management\vendor\codeigniter4\framework\system\Common.php(1089): CodeIgniter\View\View->render('Products\\Views\\...', Array, true)
#4 C:\wamp64\www\inventory-management\Modules\Products\Controllers\Products.php(84): view('Products\\Views\\...', Array)
#5 C:\wamp64\www\inventory-management\vendor\codeigniter4\framework\system\CodeIgniter.php(832): Products\Controllers\Products->getProductsDetails('1')
#6 C:\wamp64\www\inventory-management\vendor\codeigniter4\framework\system\CodeIgniter.php(419): CodeIgniter\CodeIgniter->runController(Object(Products\Controllers\Products))
#7 C:\wamp64\www\inventory-management\vendor\codeigniter4\framework\system\CodeIgniter.php(326): CodeIgniter\CodeIgniter->handleRequest(NULL, Object(Config\Cache), false)
#8 C:\wamp64\www\inventory-management\public\index.php(37): CodeIgniter\CodeIgniter->run()
#9 {main}
CRITICAL - 2024-07-17 14:57:55 --> Undefined variable: productd
#0 C:\wamp64\www\inventory-management\Modules\Products\Views\products\single_product_details.php(53): CodeIgniter\Debug\Exceptions->errorHandler(8, 'Undefined varia...', 'C:\\wamp64\\www\\i...', 53, Array)
#1 C:\wamp64\www\inventory-management\vendor\codeigniter4\framework\system\View\View.php(210): include('C:\\wamp64\\www\\i...')
#2 C:\wamp64\www\inventory-management\vendor\codeigniter4\framework\system\View\View.php(213): CodeIgniter\View\View->CodeIgniter\View\{closure}()
#3 C:\wamp64\www\inventory-management\vendor\codeigniter4\framework\system\Common.php(1089): CodeIgniter\View\View->render('Products\\Views\\...', Array, true)
#4 C:\wamp64\www\inventory-management\Modules\Products\Controllers\Products.php(84): view('Products\\Views\\...', Array)
#5 C:\wamp64\www\inventory-management\vendor\codeigniter4\framework\system\CodeIgniter.php(832): Products\Controllers\Products->getProductsDetails('1')
#6 C:\wamp64\www\inventory-management\vendor\codeigniter4\framework\system\CodeIgniter.php(419): CodeIgniter\CodeIgniter->runController(Object(Products\Controllers\Products))
#7 C:\wamp64\www\inventory-management\vendor\codeigniter4\framework\system\CodeIgniter.php(326): CodeIgniter\CodeIgniter->handleRequest(NULL, Object(Config\Cache), false)
#8 C:\wamp64\www\inventory-management\public\index.php(37): CodeIgniter\CodeIgniter->run()
#9 {main}
CRITICAL - 2024-07-17 15:12:50 --> Undefined variable: product
#0 C:\wamp64\www\inventory-management\Modules\Products\Views\products\single_product_details.php(51): CodeIgniter\Debug\Exceptions->errorHandler(8, 'Undefined varia...', 'C:\\wamp64\\www\\i...', 51, Array)
#1 C:\wamp64\www\inventory-management\vendor\codeigniter4\framework\system\View\View.php(210): include('C:\\wamp64\\www\\i...')
#2 C:\wamp64\www\inventory-management\vendor\codeigniter4\framework\system\View\View.php(213): CodeIgniter\View\View->CodeIgniter\View\{closure}()
#3 C:\wamp64\www\inventory-management\vendor\codeigniter4\framework\system\Common.php(1089): CodeIgniter\View\View->render('Products\\Views\\...', Array, true)
#4 C:\wamp64\www\inventory-management\Modules\Products\Controllers\Products.php(84): view('Products\\Views\\...', Array)
#5 C:\wamp64\www\inventory-management\vendor\codeigniter4\framework\system\CodeIgniter.php(832): Products\Controllers\Products->getProductsDetails('1')
#6 C:\wamp64\www\inventory-management\vendor\codeigniter4\framework\system\CodeIgniter.php(419): CodeIgniter\CodeIgniter->runController(Object(Products\Controllers\Products))
#7 C:\wamp64\www\inventory-management\vendor\codeigniter4\framework\system\CodeIgniter.php(326): CodeIgniter\CodeIgniter->handleRequest(NULL, Object(Config\Cache), false)
#8 C:\wamp64\www\inventory-management\public\index.php(37): CodeIgniter\CodeIgniter->run()
#9 {main}
CRITICAL - 2024-07-17 15:13:37 --> compact(): Undefined variable: products
#0 [internal function]: CodeIgniter\Debug\Exceptions->errorHandler(8, 'compact(): Unde...', 'C:\\wamp64\\www\\i...', 84, Array)
#1 C:\wamp64\www\inventory-management\Modules\Products\Controllers\Products.php(84): compact('products')
#2 C:\wamp64\www\inventory-management\vendor\codeigniter4\framework\system\CodeIgniter.php(832): Products\Controllers\Products->getProductsDetails('1')
#3 C:\wamp64\www\inventory-management\vendor\codeigniter4\framework\system\CodeIgniter.php(419): CodeIgniter\CodeIgniter->runController(Object(Products\Controllers\Products))
#4 C:\wamp64\www\inventory-management\vendor\codeigniter4\framework\system\CodeIgniter.php(326): CodeIgniter\CodeIgniter->handleRequest(NULL, Object(Config\Cache), false)
#5 C:\wamp64\www\inventory-management\public\index.php(37): CodeIgniter\CodeIgniter->run()
#6 {main}
ERROR - 2024-07-17 16:24:45 --> Unknown column 'variation.variation_name' in 'field list'
CRITICAL - 2024-07-17 16:24:45 --> Unknown column 'variation.variation_name' in 'field list'
#0 C:\wamp64\www\inventory-management\vendor\codeigniter4\framework\system\Database\MySQLi\Connection.php(292): mysqli->query('SELECT `product...', 0)
#1 C:\wamp64\www\inventory-management\vendor\codeigniter4\framework\system\Database\BaseConnection.php(670): CodeIgniter\Database\MySQLi\Connection->execute('SELECT `product...')
#2 C:\wamp64\www\inventory-management\vendor\codeigniter4\framework\system\Database\BaseConnection.php(598): CodeIgniter\Database\BaseConnection->simpleQuery('SELECT `product...')
#3 C:\wamp64\www\inventory-management\vendor\codeigniter4\framework\system\Database\BaseBuilder.php(1455): CodeIgniter\Database\BaseConnection->query('SELECT `product...', Array, false)
#4 C:\wamp64\www\inventory-management\vendor\codeigniter4\framework\system\Model.php(183): CodeIgniter\Database\BaseBuilder->get()
#5 C:\wamp64\www\inventory-management\vendor\codeigniter4\framework\system\BaseModel.php(584): CodeIgniter\Model->doFindAll(0, 0)
#6 C:\wamp64\www\inventory-management\Modules\Products\Controllers\Products.php(71): CodeIgniter\BaseModel->findAll()
#7 C:\wamp64\www\inventory-management\vendor\codeigniter4\framework\system\CodeIgniter.php(832): Products\Controllers\Products->getProductVariations('3')
#8 C:\wamp64\www\inventory-management\vendor\codeigniter4\framework\system\CodeIgniter.php(419): CodeIgniter\CodeIgniter->runController(Object(Products\Controllers\Products))
#9 C:\wamp64\www\inventory-management\vendor\codeigniter4\framework\system\CodeIgniter.php(326): CodeIgniter\CodeIgniter->handleRequest(NULL, Object(Config\Cache), false)
#10 C:\wamp64\www\inventory-management\public\index.php(37): CodeIgniter\CodeIgniter->run()
#11 {main}
ERROR - 2024-07-17 16:25:03 --> Unknown column 'variation.id' in 'on clause'
CRITICAL - 2024-07-17 16:25:03 --> Unknown column 'variation.id' in 'on clause'
#0 C:\wamp64\www\inventory-management\vendor\codeigniter4\framework\system\Database\MySQLi\Connection.php(292): mysqli->query('SELECT `product...', 0)
#1 C:\wamp64\www\inventory-management\vendor\codeigniter4\framework\system\Database\BaseConnection.php(670): CodeIgniter\Database\MySQLi\Connection->execute('SELECT `product...')
#2 C:\wamp64\www\inventory-management\vendor\codeigniter4\framework\system\Database\BaseConnection.php(598): CodeIgniter\Database\BaseConnection->simpleQuery('SELECT `product...')
#3 C:\wamp64\www\inventory-management\vendor\codeigniter4\framework\system\Database\BaseBuilder.php(1455): CodeIgniter\Database\BaseConnection->query('SELECT `product...', Array, false)
#4 C:\wamp64\www\inventory-management\vendor\codeigniter4\framework\system\Model.php(183): CodeIgniter\Database\BaseBuilder->get()
#5 C:\wamp64\www\inventory-management\vendor\codeigniter4\framework\system\BaseModel.php(584): CodeIgniter\Model->doFindAll(0, 0)
#6 C:\wamp64\www\inventory-management\Modules\Products\Controllers\Products.php(71): CodeIgniter\BaseModel->findAll()
#7 C:\wamp64\www\inventory-management\vendor\codeigniter4\framework\system\CodeIgniter.php(832): Products\Controllers\Products->getProductVariations('3')
#8 C:\wamp64\www\inventory-management\vendor\codeigniter4\framework\system\CodeIgniter.php(419): CodeIgniter\CodeIgniter->runController(Object(Products\Controllers\Products))
#9 C:\wamp64\www\inventory-management\vendor\codeigniter4\framework\system\CodeIgniter.php(326): CodeIgniter\CodeIgniter->handleRequest(NULL, Object(Config\Cache), false)
#10 C:\wamp64\www\inventory-management\public\index.php(37): CodeIgniter\CodeIgniter->run()
#11 {main}
ERROR - 2024-07-17 16:28:10 --> Unknown column 'product_variations.variation_values_id' in 'on clause'
CRITICAL - 2024-07-17 16:28:10 --> Unknown column 'product_variations.variation_values_id' in 'on clause'
#0 C:\wamp64\www\inventory-management\vendor\codeigniter4\framework\system\Database\MySQLi\Connection.php(292): mysqli->query('SELECT `product...', 0)
#1 C:\wamp64\www\inventory-management\vendor\codeigniter4\framework\system\Database\BaseConnection.php(670): CodeIgniter\Database\MySQLi\Connection->execute('SELECT `product...')
#2 C:\wamp64\www\inventory-management\vendor\codeigniter4\framework\system\Database\BaseConnection.php(598): CodeIgniter\Database\BaseConnection->simpleQuery('SELECT `product...')
#3 C:\wamp64\www\inventory-management\vendor\codeigniter4\framework\system\Database\BaseBuilder.php(1455): CodeIgniter\Database\BaseConnection->query('SELECT `product...', Array, false)
#4 C:\wamp64\www\inventory-management\vendor\codeigniter4\framework\system\Model.php(183): CodeIgniter\Database\BaseBuilder->get()
#5 C:\wamp64\www\inventory-management\vendor\codeigniter4\framework\system\BaseModel.php(584): CodeIgniter\Model->doFindAll(0, 0)
#6 C:\wamp64\www\inventory-management\Modules\Products\Controllers\Products.php(72): CodeIgniter\BaseModel->findAll()
#7 C:\wamp64\www\inventory-management\vendor\codeigniter4\framework\system\CodeIgniter.php(832): Products\Controllers\Products->getProductVariations('3')
#8 C:\wamp64\www\inventory-management\vendor\codeigniter4\framework\system\CodeIgniter.php(419): CodeIgniter\CodeIgniter->runController(Object(Products\Controllers\Products))
#9 C:\wamp64\www\inventory-management\vendor\codeigniter4\framework\system\CodeIgniter.php(326): CodeIgniter\CodeIgniter->handleRequest(NULL, Object(Config\Cache), false)
#10 C:\wamp64\www\inventory-management\public\index.php(37): CodeIgniter\CodeIgniter->run()
#11 {main}
CRITICAL - 2024-07-17 17:18:04 --> Undefined variable: row
#0 C:\wamp64\www\inventory-management\Modules\Products\Views\products\variation_product_details.php(78): CodeIgniter\Debug\Exceptions->errorHandler(8, 'Undefined varia...', 'C:\\wamp64\\www\\i...', 78, Array)
#1 C:\wamp64\www\inventory-management\vendor\codeigniter4\framework\system\View\View.php(210): include('C:\\wamp64\\www\\i...')
#2 C:\wamp64\www\inventory-management\vendor\codeigniter4\framework\system\View\View.php(213): CodeIgniter\View\View->CodeIgniter\View\{closure}()
#3 C:\wamp64\www\inventory-management\vendor\codeigniter4\framework\system\Common.php(1089): CodeIgniter\View\View->render('Products\\Views\\...', Array, true)
#4 C:\wamp64\www\inventory-management\Modules\Products\Controllers\Products.php(74): view('Products\\Views\\...', Array)
#5 C:\wamp64\www\inventory-management\vendor\codeigniter4\framework\system\CodeIgniter.php(832): Products\Controllers\Products->getProductVariations('3')
#6 C:\wamp64\www\inventory-management\vendor\codeigniter4\framework\system\CodeIgniter.php(419): CodeIgniter\CodeIgniter->runController(Object(Products\Controllers\Products))
#7 C:\wamp64\www\inventory-management\vendor\codeigniter4\framework\system\CodeIgniter.php(326): CodeIgniter\CodeIgniter->handleRequest(NULL, Object(Config\Cache), false)
#8 C:\wamp64\www\inventory-management\public\index.php(37): CodeIgniter\CodeIgniter->run()
#9 {main}
CRITICAL - 2024-07-17 17:18:17 --> Undefined variable: row
#0 C:\wamp64\www\inventory-management\Modules\Products\Views\products\variation_product_details.php(78): CodeIgniter\Debug\Exceptions->errorHandler(8, 'Undefined varia...', 'C:\\wamp64\\www\\i...', 78, Array)
#1 C:\wamp64\www\inventory-management\vendor\codeigniter4\framework\system\View\View.php(210): include('C:\\wamp64\\www\\i...')
#2 C:\wamp64\www\inventory-management\vendor\codeigniter4\framework\system\View\View.php(213): CodeIgniter\View\View->CodeIgniter\View\{closure}()
#3 C:\wamp64\www\inventory-management\vendor\codeigniter4\framework\system\Common.php(1089): CodeIgniter\View\View->render('Products\\Views\\...', Array, true)
#4 C:\wamp64\www\inventory-management\Modules\Products\Controllers\Products.php(74): view('Products\\Views\\...', Array)
#5 C:\wamp64\www\inventory-management\vendor\codeigniter4\framework\system\CodeIgniter.php(832): Products\Controllers\Products->getProductVariations('3')
#6 C:\wamp64\www\inventory-management\vendor\codeigniter4\framework\system\CodeIgniter.php(419): CodeIgniter\CodeIgniter->runController(Object(Products\Controllers\Products))
#7 C:\wamp64\www\inventory-management\vendor\codeigniter4\framework\system\CodeIgniter.php(326): CodeIgniter\CodeIgniter->handleRequest(NULL, Object(Config\Cache), false)
#8 C:\wamp64\www\inventory-management\public\index.php(37): CodeIgniter\CodeIgniter->run()
#9 {main}
