CRITICAL - 2024-08-27 11:52:50 --> Undefined variable $sub_categories
#0 C:\wamp64\www\inventory-management\Modules\Products\Views\products\edit.php(146): CodeIgniter\Debug\Exceptions->errorHandler(2, 'Undefined varia...', 'C:\\wamp64\\www\\i...', 146)
#1 C:\wamp64\www\inventory-management\vendor\codeigniter4\framework\system\View\View.php(210): include('C:\\wamp64\\www\\i...')
#2 C:\wamp64\www\inventory-management\vendor\codeigniter4\framework\system\View\View.php(213): CodeIgniter\View\View->CodeIgniter\View\{closure}()
#3 C:\wamp64\www\inventory-management\vendor\codeigniter4\framework\system\Common.php(1089): CodeIgniter\View\View->render('Products\\Views\\...', Array, true)
#4 C:\wamp64\www\inventory-management\Modules\Products\Controllers\Products.php(326): view('Products\\Views\\...', Array)
#5 C:\wamp64\www\inventory-management\vendor\codeigniter4\framework\system\CodeIgniter.php(832): Products\Controllers\Products->editProducts('4')
#6 C:\wamp64\www\inventory-management\vendor\codeigniter4\framework\system\CodeIgniter.php(419): CodeIgniter\CodeIgniter->runController(Object(Products\Controllers\Products))
#7 C:\wamp64\www\inventory-management\vendor\codeigniter4\framework\system\CodeIgniter.php(326): CodeIgniter\CodeIgniter->handleRequest(NULL, Object(Config\Cache), false)
#8 C:\wamp64\www\inventory-management\public\index.php(37): CodeIgniter\CodeIgniter->run()
#9 {main}
CRITICAL - 2024-08-27 16:13:07 --> Attempt to read property "id" on string
#0 C:\wamp64\www\inventory-management\Modules\Products\Views\products\edit.php(262): CodeIgniter\Debug\Exceptions->errorHandler(2, 'Attempt to read...', 'C:\\wamp64\\www\\i...', 262)
#1 C:\wamp64\www\inventory-management\vendor\codeigniter4\framework\system\View\View.php(210): include('C:\\wamp64\\www\\i...')
#2 C:\wamp64\www\inventory-management\vendor\codeigniter4\framework\system\View\View.php(213): CodeIgniter\View\View->CodeIgniter\View\{closure}()
#3 C:\wamp64\www\inventory-management\vendor\codeigniter4\framework\system\Common.php(1089): CodeIgniter\View\View->render('Products\\Views\\...', Array, true)
#4 C:\wamp64\www\inventory-management\Modules\Products\Controllers\Products.php(343): view('Products\\Views\\...', Array)
#5 C:\wamp64\www\inventory-management\vendor\codeigniter4\framework\system\CodeIgniter.php(832): Products\Controllers\Products->editProducts('4')
#6 C:\wamp64\www\inventory-management\vendor\codeigniter4\framework\system\CodeIgniter.php(419): CodeIgniter\CodeIgniter->runController(Object(Products\Controllers\Products))
#7 C:\wamp64\www\inventory-management\vendor\codeigniter4\framework\system\CodeIgniter.php(326): CodeIgniter\CodeIgniter->handleRequest(NULL, Object(Config\Cache), false)
#8 C:\wamp64\www\inventory-management\public\index.php(37): CodeIgniter\CodeIgniter->run()
#9 {main}
CRITICAL - 2024-08-27 16:22:26 --> Attempt to read property "id" on string
#0 C:\wamp64\www\inventory-management\Modules\Products\Views\products\edit.php(262): CodeIgniter\Debug\Exceptions->errorHandler(2, 'Attempt to read...', 'C:\\wamp64\\www\\i...', 262)
#1 C:\wamp64\www\inventory-management\vendor\codeigniter4\framework\system\View\View.php(210): include('C:\\wamp64\\www\\i...')
#2 C:\wamp64\www\inventory-management\vendor\codeigniter4\framework\system\View\View.php(213): CodeIgniter\View\View->CodeIgniter\View\{closure}()
#3 C:\wamp64\www\inventory-management\vendor\codeigniter4\framework\system\Common.php(1089): CodeIgniter\View\View->render('Products\\Views\\...', Array, true)
#4 C:\wamp64\www\inventory-management\Modules\Products\Controllers\Products.php(343): view('Products\\Views\\...', Array)
#5 C:\wamp64\www\inventory-management\vendor\codeigniter4\framework\system\CodeIgniter.php(832): Products\Controllers\Products->editProducts('4')
#6 C:\wamp64\www\inventory-management\vendor\codeigniter4\framework\system\CodeIgniter.php(419): CodeIgniter\CodeIgniter->runController(Object(Products\Controllers\Products))
#7 C:\wamp64\www\inventory-management\vendor\codeigniter4\framework\system\CodeIgniter.php(326): CodeIgniter\CodeIgniter->handleRequest(NULL, Object(Config\Cache), false)
#8 C:\wamp64\www\inventory-management\public\index.php(37): CodeIgniter\CodeIgniter->run()
#9 {main}
