CRITICAL - 2024-03-31 15:51:25 --> Undefined offset: 0
#0 C:\wamp64\www\pos\vendor\codeigniter4\framework\system\Router\RouteCollection.php(1091): CodeIgniter\Debug\Exceptions->errorHandler(8, 'Undefined offse...', 'C:\\wamp64\\www\\p...', 1091, Array)
#1 C:\wamp64\www\pos\vendor\codeigniter4\framework\system\Router\RouteCollection.php(971): CodeIgniter\Router\RouteCollection->fillRouteParams('product-managem...', Array)
#2 C:\wamp64\www\pos\vendor\codeigniter4\framework\system\Common.php(882): CodeIgniter\Router\RouteCollection->reverseRoute('tax-rates.index')
#3 C:\wamp64\www\pos\app\Views\admin\layout\partials\aside-nav.php(245): route_to('tax-rates.index')
#4 C:\wamp64\www\pos\vendor\codeigniter4\framework\system\View\View.php(210): include('C:\\wamp64\\www\\p...')
#5 C:\wamp64\www\pos\vendor\codeigniter4\framework\system\View\View.php(213): CodeIgniter\View\View->CodeIgniter\View\{closure}()
#6 C:\wamp64\www\pos\vendor\codeigniter4\framework\system\View\View.php(424): CodeIgniter\View\View->render('admin/layout/pa...', NULL, true)
#7 C:\wamp64\www\pos\app\Views\admin\layout\partials\header.php(237): CodeIgniter\View\View->include('admin/layout/pa...')
#8 C:\wamp64\www\pos\vendor\codeigniter4\framework\system\View\View.php(210): include('C:\\wamp64\\www\\p...')
#9 C:\wamp64\www\pos\vendor\codeigniter4\framework\system\View\View.php(213): CodeIgniter\View\View->CodeIgniter\View\{closure}()
#10 C:\wamp64\www\pos\vendor\codeigniter4\framework\system\View\View.php(424): CodeIgniter\View\View->render('admin/layout/pa...', NULL, true)
#11 C:\wamp64\www\pos\app\Views\admin\layout\default.php(16): CodeIgniter\View\View->include('admin/layout/pa...')
#12 C:\wamp64\www\pos\vendor\codeigniter4\framework\system\View\View.php(210): include('C:\\wamp64\\www\\p...')
#13 C:\wamp64\www\pos\vendor\codeigniter4\framework\system\View\View.php(213): CodeIgniter\View\View->CodeIgniter\View\{closure}()
#14 C:\wamp64\www\pos\vendor\codeigniter4\framework\system\View\View.php(226): CodeIgniter\View\View->render('admin/layout/de...', Array, true)
#15 C:\wamp64\www\pos\vendor\codeigniter4\framework\system\Common.php(1089): CodeIgniter\View\View->render('admin/roles/lis...', Array, true)
#16 C:\wamp64\www\pos\app\Controllers\Roles.php(18): view('admin/roles/lis...', Array)
#17 C:\wamp64\www\pos\vendor\codeigniter4\framework\system\CodeIgniter.php(832): App\Controllers\Roles->index()
#18 C:\wamp64\www\pos\vendor\codeigniter4\framework\system\CodeIgniter.php(419): CodeIgniter\CodeIgniter->runController(Object(App\Controllers\Roles))
#19 C:\wamp64\www\pos\vendor\codeigniter4\framework\system\CodeIgniter.php(326): CodeIgniter\CodeIgniter->handleRequest(NULL, Object(Config\Cache), false)
#20 C:\wamp64\www\pos\public\index.php(37): CodeIgniter\CodeIgniter->run()
#21 {main}
CRITICAL - 2024-03-31 15:51:37 --> Undefined offset: 0
#0 C:\wamp64\www\pos\vendor\codeigniter4\framework\system\Router\RouteCollection.php(1091): CodeIgniter\Debug\Exceptions->errorHandler(8, 'Undefined offse...', 'C:\\wamp64\\www\\p...', 1091, Array)
#1 C:\wamp64\www\pos\vendor\codeigniter4\framework\system\Router\RouteCollection.php(971): CodeIgniter\Router\RouteCollection->fillRouteParams('product-managem...', Array)
#2 C:\wamp64\www\pos\vendor\codeigniter4\framework\system\Common.php(882): CodeIgniter\Router\RouteCollection->reverseRoute('tax-rates.index')
#3 C:\wamp64\www\pos\app\Views\admin\layout\partials\aside-nav.php(245): route_to('tax-rates.index')
#4 C:\wamp64\www\pos\vendor\codeigniter4\framework\system\View\View.php(210): include('C:\\wamp64\\www\\p...')
#5 C:\wamp64\www\pos\vendor\codeigniter4\framework\system\View\View.php(213): CodeIgniter\View\View->CodeIgniter\View\{closure}()
#6 C:\wamp64\www\pos\vendor\codeigniter4\framework\system\View\View.php(424): CodeIgniter\View\View->render('admin/layout/pa...', NULL, true)
#7 C:\wamp64\www\pos\app\Views\admin\layout\partials\header.php(237): CodeIgniter\View\View->include('admin/layout/pa...')
#8 C:\wamp64\www\pos\vendor\codeigniter4\framework\system\View\View.php(210): include('C:\\wamp64\\www\\p...')
#9 C:\wamp64\www\pos\vendor\codeigniter4\framework\system\View\View.php(213): CodeIgniter\View\View->CodeIgniter\View\{closure}()
#10 C:\wamp64\www\pos\vendor\codeigniter4\framework\system\View\View.php(424): CodeIgniter\View\View->render('admin/layout/pa...', NULL, true)
#11 C:\wamp64\www\pos\app\Views\admin\layout\default.php(16): CodeIgniter\View\View->include('admin/layout/pa...')
#12 C:\wamp64\www\pos\vendor\codeigniter4\framework\system\View\View.php(210): include('C:\\wamp64\\www\\p...')
#13 C:\wamp64\www\pos\vendor\codeigniter4\framework\system\View\View.php(213): CodeIgniter\View\View->CodeIgniter\View\{closure}()
#14 C:\wamp64\www\pos\vendor\codeigniter4\framework\system\View\View.php(226): CodeIgniter\View\View->render('admin/layout/de...', Array, true)
#15 C:\wamp64\www\pos\vendor\codeigniter4\framework\system\Common.php(1089): CodeIgniter\View\View->render('admin/roles/edi...', Array, true)
#16 C:\wamp64\www\pos\app\Controllers\Roles.php(69): view('admin/roles/edi...', Array)
#17 C:\wamp64\www\pos\vendor\codeigniter4\framework\system\CodeIgniter.php(832): App\Controllers\Roles->edit('1')
#18 C:\wamp64\www\pos\vendor\codeigniter4\framework\system\CodeIgniter.php(419): CodeIgniter\CodeIgniter->runController(Object(App\Controllers\Roles))
#19 C:\wamp64\www\pos\vendor\codeigniter4\framework\system\CodeIgniter.php(326): CodeIgniter\CodeIgniter->handleRequest(NULL, Object(Config\Cache), false)
#20 C:\wamp64\www\pos\public\index.php(37): CodeIgniter\CodeIgniter->run()
#21 {main}
CRITICAL - 2024-03-31 15:51:41 --> Undefined offset: 0
#0 C:\wamp64\www\pos\vendor\codeigniter4\framework\system\Router\RouteCollection.php(1091): CodeIgniter\Debug\Exceptions->errorHandler(8, 'Undefined offse...', 'C:\\wamp64\\www\\p...', 1091, Array)
#1 C:\wamp64\www\pos\vendor\codeigniter4\framework\system\Router\RouteCollection.php(971): CodeIgniter\Router\RouteCollection->fillRouteParams('product-managem...', Array)
#2 C:\wamp64\www\pos\vendor\codeigniter4\framework\system\Common.php(882): CodeIgniter\Router\RouteCollection->reverseRoute('tax-rates.index')
#3 C:\wamp64\www\pos\app\Views\admin\layout\partials\aside-nav.php(245): route_to('tax-rates.index')
#4 C:\wamp64\www\pos\vendor\codeigniter4\framework\system\View\View.php(210): include('C:\\wamp64\\www\\p...')
#5 C:\wamp64\www\pos\vendor\codeigniter4\framework\system\View\View.php(213): CodeIgniter\View\View->CodeIgniter\View\{closure}()
#6 C:\wamp64\www\pos\vendor\codeigniter4\framework\system\View\View.php(424): CodeIgniter\View\View->render('admin/layout/pa...', NULL, true)
#7 C:\wamp64\www\pos\app\Views\admin\layout\partials\header.php(237): CodeIgniter\View\View->include('admin/layout/pa...')
#8 C:\wamp64\www\pos\vendor\codeigniter4\framework\system\View\View.php(210): include('C:\\wamp64\\www\\p...')
#9 C:\wamp64\www\pos\vendor\codeigniter4\framework\system\View\View.php(213): CodeIgniter\View\View->CodeIgniter\View\{closure}()
#10 C:\wamp64\www\pos\vendor\codeigniter4\framework\system\View\View.php(424): CodeIgniter\View\View->render('admin/layout/pa...', NULL, true)
#11 C:\wamp64\www\pos\app\Views\admin\layout\default.php(16): CodeIgniter\View\View->include('admin/layout/pa...')
#12 C:\wamp64\www\pos\vendor\codeigniter4\framework\system\View\View.php(210): include('C:\\wamp64\\www\\p...')
#13 C:\wamp64\www\pos\vendor\codeigniter4\framework\system\View\View.php(213): CodeIgniter\View\View->CodeIgniter\View\{closure}()
#14 C:\wamp64\www\pos\vendor\codeigniter4\framework\system\View\View.php(226): CodeIgniter\View\View->render('admin/layout/de...', Array, true)
#15 C:\wamp64\www\pos\vendor\codeigniter4\framework\system\Common.php(1089): CodeIgniter\View\View->render('admin/roles/edi...', Array, true)
#16 C:\wamp64\www\pos\app\Controllers\Roles.php(69): view('admin/roles/edi...', Array)
#17 C:\wamp64\www\pos\vendor\codeigniter4\framework\system\CodeIgniter.php(832): App\Controllers\Roles->edit('1')
#18 C:\wamp64\www\pos\vendor\codeigniter4\framework\system\CodeIgniter.php(419): CodeIgniter\CodeIgniter->runController(Object(App\Controllers\Roles))
#19 C:\wamp64\www\pos\vendor\codeigniter4\framework\system\CodeIgniter.php(326): CodeIgniter\CodeIgniter->handleRequest(NULL, Object(Config\Cache), false)
#20 C:\wamp64\www\pos\public\index.php(37): CodeIgniter\CodeIgniter->run()
#21 {main}
CRITICAL - 2024-03-31 15:51:44 --> Undefined offset: 0
#0 C:\wamp64\www\pos\vendor\codeigniter4\framework\system\Router\RouteCollection.php(1091): CodeIgniter\Debug\Exceptions->errorHandler(8, 'Undefined offse...', 'C:\\wamp64\\www\\p...', 1091, Array)
#1 C:\wamp64\www\pos\vendor\codeigniter4\framework\system\Router\RouteCollection.php(971): CodeIgniter\Router\RouteCollection->fillRouteParams('product-managem...', Array)
#2 C:\wamp64\www\pos\vendor\codeigniter4\framework\system\Common.php(882): CodeIgniter\Router\RouteCollection->reverseRoute('tax-rates.index')
#3 C:\wamp64\www\pos\app\Views\admin\layout\partials\aside-nav.php(245): route_to('tax-rates.index')
#4 C:\wamp64\www\pos\vendor\codeigniter4\framework\system\View\View.php(210): include('C:\\wamp64\\www\\p...')
#5 C:\wamp64\www\pos\vendor\codeigniter4\framework\system\View\View.php(213): CodeIgniter\View\View->CodeIgniter\View\{closure}()
#6 C:\wamp64\www\pos\vendor\codeigniter4\framework\system\View\View.php(424): CodeIgniter\View\View->render('admin/layout/pa...', NULL, true)
#7 C:\wamp64\www\pos\app\Views\admin\layout\partials\header.php(237): CodeIgniter\View\View->include('admin/layout/pa...')
#8 C:\wamp64\www\pos\vendor\codeigniter4\framework\system\View\View.php(210): include('C:\\wamp64\\www\\p...')
#9 C:\wamp64\www\pos\vendor\codeigniter4\framework\system\View\View.php(213): CodeIgniter\View\View->CodeIgniter\View\{closure}()
#10 C:\wamp64\www\pos\vendor\codeigniter4\framework\system\View\View.php(424): CodeIgniter\View\View->render('admin/layout/pa...', NULL, true)
#11 C:\wamp64\www\pos\app\Views\admin\layout\default.php(16): CodeIgniter\View\View->include('admin/layout/pa...')
#12 C:\wamp64\www\pos\vendor\codeigniter4\framework\system\View\View.php(210): include('C:\\wamp64\\www\\p...')
#13 C:\wamp64\www\pos\vendor\codeigniter4\framework\system\View\View.php(213): CodeIgniter\View\View->CodeIgniter\View\{closure}()
#14 C:\wamp64\www\pos\vendor\codeigniter4\framework\system\View\View.php(226): CodeIgniter\View\View->render('admin/layout/de...', Array, true)
#15 C:\wamp64\www\pos\vendor\codeigniter4\framework\system\Common.php(1089): CodeIgniter\View\View->render('admin/roles/lis...', Array, true)
#16 C:\wamp64\www\pos\app\Controllers\Roles.php(18): view('admin/roles/lis...', Array)
#17 C:\wamp64\www\pos\vendor\codeigniter4\framework\system\CodeIgniter.php(832): App\Controllers\Roles->index()
#18 C:\wamp64\www\pos\vendor\codeigniter4\framework\system\CodeIgniter.php(419): CodeIgniter\CodeIgniter->runController(Object(App\Controllers\Roles))
#19 C:\wamp64\www\pos\vendor\codeigniter4\framework\system\CodeIgniter.php(326): CodeIgniter\CodeIgniter->handleRequest(NULL, Object(Config\Cache), false)
#20 C:\wamp64\www\pos\public\index.php(37): CodeIgniter\CodeIgniter->run()
#21 {main}
CRITICAL - 2024-03-31 15:52:25 --> Undefined offset: 0
#0 C:\wamp64\www\pos\vendor\codeigniter4\framework\system\Router\RouteCollection.php(1091): CodeIgniter\Debug\Exceptions->errorHandler(8, 'Undefined offse...', 'C:\\wamp64\\www\\p...', 1091, Array)
#1 C:\wamp64\www\pos\vendor\codeigniter4\framework\system\Router\RouteCollection.php(971): CodeIgniter\Router\RouteCollection->fillRouteParams('product-managem...', Array)
#2 C:\wamp64\www\pos\vendor\codeigniter4\framework\system\Common.php(882): CodeIgniter\Router\RouteCollection->reverseRoute('tax-rates.index')
#3 C:\wamp64\www\pos\app\Views\admin\layout\partials\aside-nav.php(245): route_to('tax-rates.index')
#4 C:\wamp64\www\pos\vendor\codeigniter4\framework\system\View\View.php(210): include('C:\\wamp64\\www\\p...')
#5 C:\wamp64\www\pos\vendor\codeigniter4\framework\system\View\View.php(213): CodeIgniter\View\View->CodeIgniter\View\{closure}()
#6 C:\wamp64\www\pos\vendor\codeigniter4\framework\system\View\View.php(424): CodeIgniter\View\View->render('admin/layout/pa...', NULL, true)
#7 C:\wamp64\www\pos\app\Views\admin\layout\partials\header.php(237): CodeIgniter\View\View->include('admin/layout/pa...')
#8 C:\wamp64\www\pos\vendor\codeigniter4\framework\system\View\View.php(210): include('C:\\wamp64\\www\\p...')
#9 C:\wamp64\www\pos\vendor\codeigniter4\framework\system\View\View.php(213): CodeIgniter\View\View->CodeIgniter\View\{closure}()
#10 C:\wamp64\www\pos\vendor\codeigniter4\framework\system\View\View.php(424): CodeIgniter\View\View->render('admin/layout/pa...', NULL, true)
#11 C:\wamp64\www\pos\app\Views\admin\layout\default.php(16): CodeIgniter\View\View->include('admin/layout/pa...')
#12 C:\wamp64\www\pos\vendor\codeigniter4\framework\system\View\View.php(210): include('C:\\wamp64\\www\\p...')
#13 C:\wamp64\www\pos\vendor\codeigniter4\framework\system\View\View.php(213): CodeIgniter\View\View->CodeIgniter\View\{closure}()
#14 C:\wamp64\www\pos\vendor\codeigniter4\framework\system\View\View.php(226): CodeIgniter\View\View->render('admin/layout/de...', Array, true)
#15 C:\wamp64\www\pos\vendor\codeigniter4\framework\system\Common.php(1089): CodeIgniter\View\View->render('admin/permissio...', Array, true)
#16 C:\wamp64\www\pos\app\Controllers\Permissions.php(20): view('admin/permissio...', Array)
#17 C:\wamp64\www\pos\vendor\codeigniter4\framework\system\CodeIgniter.php(832): App\Controllers\Permissions->index()
#18 C:\wamp64\www\pos\vendor\codeigniter4\framework\system\CodeIgniter.php(419): CodeIgniter\CodeIgniter->runController(Object(App\Controllers\Permissions))
#19 C:\wamp64\www\pos\vendor\codeigniter4\framework\system\CodeIgniter.php(326): CodeIgniter\CodeIgniter->handleRequest(NULL, Object(Config\Cache), false)
#20 C:\wamp64\www\pos\public\index.php(37): CodeIgniter\CodeIgniter->run()
#21 {main}
CRITICAL - 2024-03-31 15:52:28 --> Undefined offset: 0
#0 C:\wamp64\www\pos\vendor\codeigniter4\framework\system\Router\RouteCollection.php(1091): CodeIgniter\Debug\Exceptions->errorHandler(8, 'Undefined offse...', 'C:\\wamp64\\www\\p...', 1091, Array)
#1 C:\wamp64\www\pos\vendor\codeigniter4\framework\system\Router\RouteCollection.php(971): CodeIgniter\Router\RouteCollection->fillRouteParams('product-managem...', Array)
#2 C:\wamp64\www\pos\vendor\codeigniter4\framework\system\Common.php(882): CodeIgniter\Router\RouteCollection->reverseRoute('tax-rates.index')
#3 C:\wamp64\www\pos\app\Views\admin\layout\partials\aside-nav.php(245): route_to('tax-rates.index')
#4 C:\wamp64\www\pos\vendor\codeigniter4\framework\system\View\View.php(210): include('C:\\wamp64\\www\\p...')
#5 C:\wamp64\www\pos\vendor\codeigniter4\framework\system\View\View.php(213): CodeIgniter\View\View->CodeIgniter\View\{closure}()
#6 C:\wamp64\www\pos\vendor\codeigniter4\framework\system\View\View.php(424): CodeIgniter\View\View->render('admin/layout/pa...', NULL, true)
#7 C:\wamp64\www\pos\app\Views\admin\layout\partials\header.php(237): CodeIgniter\View\View->include('admin/layout/pa...')
#8 C:\wamp64\www\pos\vendor\codeigniter4\framework\system\View\View.php(210): include('C:\\wamp64\\www\\p...')
#9 C:\wamp64\www\pos\vendor\codeigniter4\framework\system\View\View.php(213): CodeIgniter\View\View->CodeIgniter\View\{closure}()
#10 C:\wamp64\www\pos\vendor\codeigniter4\framework\system\View\View.php(424): CodeIgniter\View\View->render('admin/layout/pa...', NULL, true)
#11 C:\wamp64\www\pos\app\Views\admin\layout\default.php(16): CodeIgniter\View\View->include('admin/layout/pa...')
#12 C:\wamp64\www\pos\vendor\codeigniter4\framework\system\View\View.php(210): include('C:\\wamp64\\www\\p...')
#13 C:\wamp64\www\pos\vendor\codeigniter4\framework\system\View\View.php(213): CodeIgniter\View\View->CodeIgniter\View\{closure}()
#14 C:\wamp64\www\pos\vendor\codeigniter4\framework\system\View\View.php(226): CodeIgniter\View\View->render('admin/layout/de...', Array, true)
#15 C:\wamp64\www\pos\vendor\codeigniter4\framework\system\Common.php(1089): CodeIgniter\View\View->render('admin/permissio...', Array, true)
#16 C:\wamp64\www\pos\app\Controllers\Permissions.php(37): view('admin/permissio...', Array)
#17 C:\wamp64\www\pos\vendor\codeigniter4\framework\system\CodeIgniter.php(832): App\Controllers\Permissions->edit('69')
#18 C:\wamp64\www\pos\vendor\codeigniter4\framework\system\CodeIgniter.php(419): CodeIgniter\CodeIgniter->runController(Object(App\Controllers\Permissions))
#19 C:\wamp64\www\pos\vendor\codeigniter4\framework\system\CodeIgniter.php(326): CodeIgniter\CodeIgniter->handleRequest(NULL, Object(Config\Cache), false)
#20 C:\wamp64\www\pos\public\index.php(37): CodeIgniter\CodeIgniter->run()
#21 {main}
CRITICAL - 2024-03-31 15:52:30 --> Undefined offset: 0
#0 C:\wamp64\www\pos\vendor\codeigniter4\framework\system\Router\RouteCollection.php(1091): CodeIgniter\Debug\Exceptions->errorHandler(8, 'Undefined offse...', 'C:\\wamp64\\www\\p...', 1091, Array)
#1 C:\wamp64\www\pos\vendor\codeigniter4\framework\system\Router\RouteCollection.php(971): CodeIgniter\Router\RouteCollection->fillRouteParams('product-managem...', Array)
#2 C:\wamp64\www\pos\vendor\codeigniter4\framework\system\Common.php(882): CodeIgniter\Router\RouteCollection->reverseRoute('tax-rates.index')
#3 C:\wamp64\www\pos\app\Views\admin\layout\partials\aside-nav.php(245): route_to('tax-rates.index')
#4 C:\wamp64\www\pos\vendor\codeigniter4\framework\system\View\View.php(210): include('C:\\wamp64\\www\\p...')
#5 C:\wamp64\www\pos\vendor\codeigniter4\framework\system\View\View.php(213): CodeIgniter\View\View->CodeIgniter\View\{closure}()
#6 C:\wamp64\www\pos\vendor\codeigniter4\framework\system\View\View.php(424): CodeIgniter\View\View->render('admin/layout/pa...', NULL, true)
#7 C:\wamp64\www\pos\app\Views\admin\layout\partials\header.php(237): CodeIgniter\View\View->include('admin/layout/pa...')
#8 C:\wamp64\www\pos\vendor\codeigniter4\framework\system\View\View.php(210): include('C:\\wamp64\\www\\p...')
#9 C:\wamp64\www\pos\vendor\codeigniter4\framework\system\View\View.php(213): CodeIgniter\View\View->CodeIgniter\View\{closure}()
#10 C:\wamp64\www\pos\vendor\codeigniter4\framework\system\View\View.php(424): CodeIgniter\View\View->render('admin/layout/pa...', NULL, true)
#11 C:\wamp64\www\pos\app\Views\admin\layout\default.php(16): CodeIgniter\View\View->include('admin/layout/pa...')
#12 C:\wamp64\www\pos\vendor\codeigniter4\framework\system\View\View.php(210): include('C:\\wamp64\\www\\p...')
#13 C:\wamp64\www\pos\vendor\codeigniter4\framework\system\View\View.php(213): CodeIgniter\View\View->CodeIgniter\View\{closure}()
#14 C:\wamp64\www\pos\vendor\codeigniter4\framework\system\View\View.php(226): CodeIgniter\View\View->render('admin/layout/de...', Array, true)
#15 C:\wamp64\www\pos\vendor\codeigniter4\framework\system\Common.php(1089): CodeIgniter\View\View->render('admin/permissio...', Array, true)
#16 C:\wamp64\www\pos\app\Controllers\Permissions.php(20): view('admin/permissio...', Array)
#17 C:\wamp64\www\pos\vendor\codeigniter4\framework\system\CodeIgniter.php(832): App\Controllers\Permissions->index()
#18 C:\wamp64\www\pos\vendor\codeigniter4\framework\system\CodeIgniter.php(419): CodeIgniter\CodeIgniter->runController(Object(App\Controllers\Permissions))
#19 C:\wamp64\www\pos\vendor\codeigniter4\framework\system\CodeIgniter.php(326): CodeIgniter\CodeIgniter->handleRequest(NULL, Object(Config\Cache), false)
#20 C:\wamp64\www\pos\public\index.php(37): CodeIgniter\CodeIgniter->run()
#21 {main}
CRITICAL - 2024-03-31 15:52:33 --> Undefined offset: 0
#0 C:\wamp64\www\pos\vendor\codeigniter4\framework\system\Router\RouteCollection.php(1091): CodeIgniter\Debug\Exceptions->errorHandler(8, 'Undefined offse...', 'C:\\wamp64\\www\\p...', 1091, Array)
#1 C:\wamp64\www\pos\vendor\codeigniter4\framework\system\Router\RouteCollection.php(971): CodeIgniter\Router\RouteCollection->fillRouteParams('product-managem...', Array)
#2 C:\wamp64\www\pos\vendor\codeigniter4\framework\system\Common.php(882): CodeIgniter\Router\RouteCollection->reverseRoute('tax-rates.index')
#3 C:\wamp64\www\pos\app\Views\admin\layout\partials\aside-nav.php(245): route_to('tax-rates.index')
#4 C:\wamp64\www\pos\vendor\codeigniter4\framework\system\View\View.php(210): include('C:\\wamp64\\www\\p...')
#5 C:\wamp64\www\pos\vendor\codeigniter4\framework\system\View\View.php(213): CodeIgniter\View\View->CodeIgniter\View\{closure}()
#6 C:\wamp64\www\pos\vendor\codeigniter4\framework\system\View\View.php(424): CodeIgniter\View\View->render('admin/layout/pa...', NULL, true)
#7 C:\wamp64\www\pos\app\Views\admin\layout\partials\header.php(237): CodeIgniter\View\View->include('admin/layout/pa...')
#8 C:\wamp64\www\pos\vendor\codeigniter4\framework\system\View\View.php(210): include('C:\\wamp64\\www\\p...')
#9 C:\wamp64\www\pos\vendor\codeigniter4\framework\system\View\View.php(213): CodeIgniter\View\View->CodeIgniter\View\{closure}()
#10 C:\wamp64\www\pos\vendor\codeigniter4\framework\system\View\View.php(424): CodeIgniter\View\View->render('admin/layout/pa...', NULL, true)
#11 C:\wamp64\www\pos\app\Views\admin\layout\default.php(16): CodeIgniter\View\View->include('admin/layout/pa...')
#12 C:\wamp64\www\pos\vendor\codeigniter4\framework\system\View\View.php(210): include('C:\\wamp64\\www\\p...')
#13 C:\wamp64\www\pos\vendor\codeigniter4\framework\system\View\View.php(213): CodeIgniter\View\View->CodeIgniter\View\{closure}()
#14 C:\wamp64\www\pos\vendor\codeigniter4\framework\system\View\View.php(226): CodeIgniter\View\View->render('admin/layout/de...', Array, true)
#15 C:\wamp64\www\pos\vendor\codeigniter4\framework\system\Common.php(1089): CodeIgniter\View\View->render('admin/dashboard', Array, true)
#16 C:\wamp64\www\pos\app\Controllers\Dashboard.php(12): view('admin/dashboard')
#17 C:\wamp64\www\pos\vendor\codeigniter4\framework\system\CodeIgniter.php(832): App\Controllers\Dashboard->index()
#18 C:\wamp64\www\pos\vendor\codeigniter4\framework\system\CodeIgniter.php(419): CodeIgniter\CodeIgniter->runController(Object(App\Controllers\Dashboard))
#19 C:\wamp64\www\pos\vendor\codeigniter4\framework\system\CodeIgniter.php(326): CodeIgniter\CodeIgniter->handleRequest(NULL, Object(Config\Cache), false)
#20 C:\wamp64\www\pos\public\index.php(37): CodeIgniter\CodeIgniter->run()
#21 {main}
CRITICAL - 2024-03-31 15:52:42 --> Undefined offset: 0
#0 C:\wamp64\www\pos\vendor\codeigniter4\framework\system\Router\RouteCollection.php(1091): CodeIgniter\Debug\Exceptions->errorHandler(8, 'Undefined offse...', 'C:\\wamp64\\www\\p...', 1091, Array)
#1 C:\wamp64\www\pos\vendor\codeigniter4\framework\system\Router\RouteCollection.php(971): CodeIgniter\Router\RouteCollection->fillRouteParams('product-managem...', Array)
#2 C:\wamp64\www\pos\vendor\codeigniter4\framework\system\Common.php(882): CodeIgniter\Router\RouteCollection->reverseRoute('tax-rates.index')
#3 C:\wamp64\www\pos\app\Views\admin\layout\partials\aside-nav.php(245): route_to('tax-rates.index')
#4 C:\wamp64\www\pos\vendor\codeigniter4\framework\system\View\View.php(210): include('C:\\wamp64\\www\\p...')
#5 C:\wamp64\www\pos\vendor\codeigniter4\framework\system\View\View.php(213): CodeIgniter\View\View->CodeIgniter\View\{closure}()
#6 C:\wamp64\www\pos\vendor\codeigniter4\framework\system\View\View.php(424): CodeIgniter\View\View->render('admin/layout/pa...', NULL, true)
#7 C:\wamp64\www\pos\app\Views\admin\layout\partials\header.php(237): CodeIgniter\View\View->include('admin/layout/pa...')
#8 C:\wamp64\www\pos\vendor\codeigniter4\framework\system\View\View.php(210): include('C:\\wamp64\\www\\p...')
#9 C:\wamp64\www\pos\vendor\codeigniter4\framework\system\View\View.php(213): CodeIgniter\View\View->CodeIgniter\View\{closure}()
#10 C:\wamp64\www\pos\vendor\codeigniter4\framework\system\View\View.php(424): CodeIgniter\View\View->render('admin/layout/pa...', NULL, true)
#11 C:\wamp64\www\pos\app\Views\admin\layout\default.php(16): CodeIgniter\View\View->include('admin/layout/pa...')
#12 C:\wamp64\www\pos\vendor\codeigniter4\framework\system\View\View.php(210): include('C:\\wamp64\\www\\p...')
#13 C:\wamp64\www\pos\vendor\codeigniter4\framework\system\View\View.php(213): CodeIgniter\View\View->CodeIgniter\View\{closure}()
#14 C:\wamp64\www\pos\vendor\codeigniter4\framework\system\View\View.php(226): CodeIgniter\View\View->render('admin/layout/de...', Array, true)
#15 C:\wamp64\www\pos\vendor\codeigniter4\framework\system\Common.php(1089): CodeIgniter\View\View->render('admin/dashboard', Array, true)
#16 C:\wamp64\www\pos\app\Controllers\Dashboard.php(12): view('admin/dashboard')
#17 C:\wamp64\www\pos\vendor\codeigniter4\framework\system\CodeIgniter.php(832): App\Controllers\Dashboard->index()
#18 C:\wamp64\www\pos\vendor\codeigniter4\framework\system\CodeIgniter.php(419): CodeIgniter\CodeIgniter->runController(Object(App\Controllers\Dashboard))
#19 C:\wamp64\www\pos\vendor\codeigniter4\framework\system\CodeIgniter.php(326): CodeIgniter\CodeIgniter->handleRequest(NULL, Object(Config\Cache), false)
#20 C:\wamp64\www\pos\public\index.php(37): CodeIgniter\CodeIgniter->run()
#21 {main}
CRITICAL - 2024-03-31 16:15:47 --> Undefined offset: 0
#0 C:\wamp64\www\pos\vendor\codeigniter4\framework\system\Router\RouteCollection.php(1091): CodeIgniter\Debug\Exceptions->errorHandler(8, 'Undefined offse...', 'C:\\wamp64\\www\\p...', 1091, Array)
#1 C:\wamp64\www\pos\vendor\codeigniter4\framework\system\Router\RouteCollection.php(971): CodeIgniter\Router\RouteCollection->fillRouteParams('product-managem...', Array)
#2 C:\wamp64\www\pos\vendor\codeigniter4\framework\system\Common.php(882): CodeIgniter\Router\RouteCollection->reverseRoute('tax-rates.index')
#3 C:\wamp64\www\pos\app\Views\admin\layout\partials\aside-nav.php(245): route_to('tax-rates.index')
#4 C:\wamp64\www\pos\vendor\codeigniter4\framework\system\View\View.php(210): include('C:\\wamp64\\www\\p...')
#5 C:\wamp64\www\pos\vendor\codeigniter4\framework\system\View\View.php(213): CodeIgniter\View\View->CodeIgniter\View\{closure}()
#6 C:\wamp64\www\pos\vendor\codeigniter4\framework\system\View\View.php(424): CodeIgniter\View\View->render('admin/layout/pa...', NULL, true)
#7 C:\wamp64\www\pos\app\Views\admin\layout\partials\header.php(237): CodeIgniter\View\View->include('admin/layout/pa...')
#8 C:\wamp64\www\pos\vendor\codeigniter4\framework\system\View\View.php(210): include('C:\\wamp64\\www\\p...')
#9 C:\wamp64\www\pos\vendor\codeigniter4\framework\system\View\View.php(213): CodeIgniter\View\View->CodeIgniter\View\{closure}()
#10 C:\wamp64\www\pos\vendor\codeigniter4\framework\system\View\View.php(424): CodeIgniter\View\View->render('admin/layout/pa...', NULL, true)
#11 C:\wamp64\www\pos\app\Views\admin\layout\default.php(16): CodeIgniter\View\View->include('admin/layout/pa...')
#12 C:\wamp64\www\pos\vendor\codeigniter4\framework\system\View\View.php(210): include('C:\\wamp64\\www\\p...')
#13 C:\wamp64\www\pos\vendor\codeigniter4\framework\system\View\View.php(213): CodeIgniter\View\View->CodeIgniter\View\{closure}()
#14 C:\wamp64\www\pos\vendor\codeigniter4\framework\system\View\View.php(226): CodeIgniter\View\View->render('admin/layout/de...', Array, true)
#15 C:\wamp64\www\pos\vendor\codeigniter4\framework\system\Common.php(1089): CodeIgniter\View\View->render('admin/dashboard', Array, true)
#16 C:\wamp64\www\pos\app\Controllers\Dashboard.php(12): view('admin/dashboard')
#17 C:\wamp64\www\pos\vendor\codeigniter4\framework\system\CodeIgniter.php(832): App\Controllers\Dashboard->index()
#18 C:\wamp64\www\pos\vendor\codeigniter4\framework\system\CodeIgniter.php(419): CodeIgniter\CodeIgniter->runController(Object(App\Controllers\Dashboard))
#19 C:\wamp64\www\pos\vendor\codeigniter4\framework\system\CodeIgniter.php(326): CodeIgniter\CodeIgniter->handleRequest(NULL, Object(Config\Cache), false)
#20 C:\wamp64\www\pos\public\index.php(37): CodeIgniter\CodeIgniter->run()
#21 {main}
CRITICAL - 2024-03-31 16:20:59 --> Undefined offset: 0
#0 C:\wamp64\www\pos\vendor\codeigniter4\framework\system\Router\RouteCollection.php(1091): CodeIgniter\Debug\Exceptions->errorHandler(8, 'Undefined offse...', 'C:\\wamp64\\www\\p...', 1091, Array)
#1 C:\wamp64\www\pos\vendor\codeigniter4\framework\system\Router\RouteCollection.php(971): CodeIgniter\Router\RouteCollection->fillRouteParams('product-managem...', Array)
#2 C:\wamp64\www\pos\vendor\codeigniter4\framework\system\Common.php(882): CodeIgniter\Router\RouteCollection->reverseRoute('tax-rates.index')
#3 C:\wamp64\www\pos\app\Views\admin\layout\partials\aside-nav.php(245): route_to('tax-rates.index')
#4 C:\wamp64\www\pos\vendor\codeigniter4\framework\system\View\View.php(210): include('C:\\wamp64\\www\\p...')
#5 C:\wamp64\www\pos\vendor\codeigniter4\framework\system\View\View.php(213): CodeIgniter\View\View->CodeIgniter\View\{closure}()
#6 C:\wamp64\www\pos\vendor\codeigniter4\framework\system\View\View.php(424): CodeIgniter\View\View->render('admin/layout/pa...', NULL, true)
#7 C:\wamp64\www\pos\app\Views\admin\layout\partials\header.php(237): CodeIgniter\View\View->include('admin/layout/pa...')
#8 C:\wamp64\www\pos\vendor\codeigniter4\framework\system\View\View.php(210): include('C:\\wamp64\\www\\p...')
#9 C:\wamp64\www\pos\vendor\codeigniter4\framework\system\View\View.php(213): CodeIgniter\View\View->CodeIgniter\View\{closure}()
#10 C:\wamp64\www\pos\vendor\codeigniter4\framework\system\View\View.php(424): CodeIgniter\View\View->render('admin/layout/pa...', NULL, true)
#11 C:\wamp64\www\pos\app\Views\admin\layout\default.php(16): CodeIgniter\View\View->include('admin/layout/pa...')
#12 C:\wamp64\www\pos\vendor\codeigniter4\framework\system\View\View.php(210): include('C:\\wamp64\\www\\p...')
#13 C:\wamp64\www\pos\vendor\codeigniter4\framework\system\View\View.php(213): CodeIgniter\View\View->CodeIgniter\View\{closure}()
#14 C:\wamp64\www\pos\vendor\codeigniter4\framework\system\View\View.php(226): CodeIgniter\View\View->render('admin/layout/de...', Array, true)
#15 C:\wamp64\www\pos\vendor\codeigniter4\framework\system\Common.php(1089): CodeIgniter\View\View->render('admin/dashboard', Array, true)
#16 C:\wamp64\www\pos\app\Controllers\Dashboard.php(12): view('admin/dashboard')
#17 C:\wamp64\www\pos\vendor\codeigniter4\framework\system\CodeIgniter.php(832): App\Controllers\Dashboard->index()
#18 C:\wamp64\www\pos\vendor\codeigniter4\framework\system\CodeIgniter.php(419): CodeIgniter\CodeIgniter->runController(Object(App\Controllers\Dashboard))
#19 C:\wamp64\www\pos\vendor\codeigniter4\framework\system\CodeIgniter.php(326): CodeIgniter\CodeIgniter->handleRequest(NULL, Object(Config\Cache), false)
#20 C:\wamp64\www\pos\public\index.php(37): CodeIgniter\CodeIgniter->run()
#21 {main}
CRITICAL - 2024-03-31 16:22:49 --> Undefined offset: 0
#0 C:\wamp64\www\pos\vendor\codeigniter4\framework\system\Router\RouteCollection.php(1091): CodeIgniter\Debug\Exceptions->errorHandler(8, 'Undefined offse...', 'C:\\wamp64\\www\\p...', 1091, Array)
#1 C:\wamp64\www\pos\vendor\codeigniter4\framework\system\Router\RouteCollection.php(971): CodeIgniter\Router\RouteCollection->fillRouteParams('product-managem...', Array)
#2 C:\wamp64\www\pos\vendor\codeigniter4\framework\system\Common.php(882): CodeIgniter\Router\RouteCollection->reverseRoute('tax-rates.index')
#3 C:\wamp64\www\pos\app\Views\admin\layout\partials\aside-nav.php(245): route_to('tax-rates.index')
#4 C:\wamp64\www\pos\vendor\codeigniter4\framework\system\View\View.php(210): include('C:\\wamp64\\www\\p...')
#5 C:\wamp64\www\pos\vendor\codeigniter4\framework\system\View\View.php(213): CodeIgniter\View\View->CodeIgniter\View\{closure}()
#6 C:\wamp64\www\pos\vendor\codeigniter4\framework\system\View\View.php(424): CodeIgniter\View\View->render('admin/layout/pa...', NULL, true)
#7 C:\wamp64\www\pos\app\Views\admin\layout\partials\header.php(237): CodeIgniter\View\View->include('admin/layout/pa...')
#8 C:\wamp64\www\pos\vendor\codeigniter4\framework\system\View\View.php(210): include('C:\\wamp64\\www\\p...')
#9 C:\wamp64\www\pos\vendor\codeigniter4\framework\system\View\View.php(213): CodeIgniter\View\View->CodeIgniter\View\{closure}()
#10 C:\wamp64\www\pos\vendor\codeigniter4\framework\system\View\View.php(424): CodeIgniter\View\View->render('admin/layout/pa...', NULL, true)
#11 C:\wamp64\www\pos\app\Views\admin\layout\default.php(16): CodeIgniter\View\View->include('admin/layout/pa...')
#12 C:\wamp64\www\pos\vendor\codeigniter4\framework\system\View\View.php(210): include('C:\\wamp64\\www\\p...')
#13 C:\wamp64\www\pos\vendor\codeigniter4\framework\system\View\View.php(213): CodeIgniter\View\View->CodeIgniter\View\{closure}()
#14 C:\wamp64\www\pos\vendor\codeigniter4\framework\system\View\View.php(226): CodeIgniter\View\View->render('admin/layout/de...', Array, true)
#15 C:\wamp64\www\pos\vendor\codeigniter4\framework\system\Common.php(1089): CodeIgniter\View\View->render('admin/roles/lis...', Array, true)
#16 C:\wamp64\www\pos\app\Controllers\Roles.php(18): view('admin/roles/lis...', Array)
#17 C:\wamp64\www\pos\vendor\codeigniter4\framework\system\CodeIgniter.php(832): App\Controllers\Roles->index()
#18 C:\wamp64\www\pos\vendor\codeigniter4\framework\system\CodeIgniter.php(419): CodeIgniter\CodeIgniter->runController(Object(App\Controllers\Roles))
#19 C:\wamp64\www\pos\vendor\codeigniter4\framework\system\CodeIgniter.php(326): CodeIgniter\CodeIgniter->handleRequest(NULL, Object(Config\Cache), false)
#20 C:\wamp64\www\pos\public\index.php(37): CodeIgniter\CodeIgniter->run()
#21 {main}
CRITICAL - 2024-03-31 16:22:55 --> Undefined offset: 0
#0 C:\wamp64\www\pos\vendor\codeigniter4\framework\system\Router\RouteCollection.php(1091): CodeIgniter\Debug\Exceptions->errorHandler(8, 'Undefined offse...', 'C:\\wamp64\\www\\p...', 1091, Array)
#1 C:\wamp64\www\pos\vendor\codeigniter4\framework\system\Router\RouteCollection.php(971): CodeIgniter\Router\RouteCollection->fillRouteParams('product-managem...', Array)
#2 C:\wamp64\www\pos\vendor\codeigniter4\framework\system\Common.php(882): CodeIgniter\Router\RouteCollection->reverseRoute('tax-rates.index')
#3 C:\wamp64\www\pos\app\Views\admin\layout\partials\aside-nav.php(245): route_to('tax-rates.index')
#4 C:\wamp64\www\pos\vendor\codeigniter4\framework\system\View\View.php(210): include('C:\\wamp64\\www\\p...')
#5 C:\wamp64\www\pos\vendor\codeigniter4\framework\system\View\View.php(213): CodeIgniter\View\View->CodeIgniter\View\{closure}()
#6 C:\wamp64\www\pos\vendor\codeigniter4\framework\system\View\View.php(424): CodeIgniter\View\View->render('admin/layout/pa...', NULL, true)
#7 C:\wamp64\www\pos\app\Views\admin\layout\partials\header.php(237): CodeIgniter\View\View->include('admin/layout/pa...')
#8 C:\wamp64\www\pos\vendor\codeigniter4\framework\system\View\View.php(210): include('C:\\wamp64\\www\\p...')
#9 C:\wamp64\www\pos\vendor\codeigniter4\framework\system\View\View.php(213): CodeIgniter\View\View->CodeIgniter\View\{closure}()
#10 C:\wamp64\www\pos\vendor\codeigniter4\framework\system\View\View.php(424): CodeIgniter\View\View->render('admin/layout/pa...', NULL, true)
#11 C:\wamp64\www\pos\app\Views\admin\layout\default.php(16): CodeIgniter\View\View->include('admin/layout/pa...')
#12 C:\wamp64\www\pos\vendor\codeigniter4\framework\system\View\View.php(210): include('C:\\wamp64\\www\\p...')
#13 C:\wamp64\www\pos\vendor\codeigniter4\framework\system\View\View.php(213): CodeIgniter\View\View->CodeIgniter\View\{closure}()
#14 C:\wamp64\www\pos\vendor\codeigniter4\framework\system\View\View.php(226): CodeIgniter\View\View->render('admin/layout/de...', Array, true)
#15 C:\wamp64\www\pos\vendor\codeigniter4\framework\system\Common.php(1089): CodeIgniter\View\View->render('admin/roles/lis...', Array, true)
#16 C:\wamp64\www\pos\app\Controllers\Roles.php(18): view('admin/roles/lis...', Array)
#17 C:\wamp64\www\pos\vendor\codeigniter4\framework\system\CodeIgniter.php(832): App\Controllers\Roles->index()
#18 C:\wamp64\www\pos\vendor\codeigniter4\framework\system\CodeIgniter.php(419): CodeIgniter\CodeIgniter->runController(Object(App\Controllers\Roles))
#19 C:\wamp64\www\pos\vendor\codeigniter4\framework\system\CodeIgniter.php(326): CodeIgniter\CodeIgniter->handleRequest(NULL, Object(Config\Cache), false)
#20 C:\wamp64\www\pos\public\index.php(37): CodeIgniter\CodeIgniter->run()
#21 {main}
CRITICAL - 2024-03-31 16:28:51 --> Undefined offset: 0
#0 C:\wamp64\www\pos\vendor\codeigniter4\framework\system\Router\RouteCollection.php(1091): CodeIgniter\Debug\Exceptions->errorHandler(8, 'Undefined offse...', 'C:\\wamp64\\www\\p...', 1091, Array)
#1 C:\wamp64\www\pos\vendor\codeigniter4\framework\system\Router\RouteCollection.php(971): CodeIgniter\Router\RouteCollection->fillRouteParams('product-managem...', Array)
#2 C:\wamp64\www\pos\vendor\codeigniter4\framework\system\Common.php(882): CodeIgniter\Router\RouteCollection->reverseRoute('tax-rates.index')
#3 C:\wamp64\www\pos\app\Views\admin\layout\partials\aside-nav.php(225): route_to('tax-rates.index')
#4 C:\wamp64\www\pos\vendor\codeigniter4\framework\system\View\View.php(210): include('C:\\wamp64\\www\\p...')
#5 C:\wamp64\www\pos\vendor\codeigniter4\framework\system\View\View.php(213): CodeIgniter\View\View->CodeIgniter\View\{closure}()
#6 C:\wamp64\www\pos\vendor\codeigniter4\framework\system\View\View.php(424): CodeIgniter\View\View->render('admin/layout/pa...', NULL, true)
#7 C:\wamp64\www\pos\app\Views\admin\layout\partials\header.php(237): CodeIgniter\View\View->include('admin/layout/pa...')
#8 C:\wamp64\www\pos\vendor\codeigniter4\framework\system\View\View.php(210): include('C:\\wamp64\\www\\p...')
#9 C:\wamp64\www\pos\vendor\codeigniter4\framework\system\View\View.php(213): CodeIgniter\View\View->CodeIgniter\View\{closure}()
#10 C:\wamp64\www\pos\vendor\codeigniter4\framework\system\View\View.php(424): CodeIgniter\View\View->render('admin/layout/pa...', NULL, true)
#11 C:\wamp64\www\pos\app\Views\admin\layout\default.php(16): CodeIgniter\View\View->include('admin/layout/pa...')
#12 C:\wamp64\www\pos\vendor\codeigniter4\framework\system\View\View.php(210): include('C:\\wamp64\\www\\p...')
#13 C:\wamp64\www\pos\vendor\codeigniter4\framework\system\View\View.php(213): CodeIgniter\View\View->CodeIgniter\View\{closure}()
#14 C:\wamp64\www\pos\vendor\codeigniter4\framework\system\View\View.php(226): CodeIgniter\View\View->render('admin/layout/de...', Array, true)
#15 C:\wamp64\www\pos\vendor\codeigniter4\framework\system\Common.php(1089): CodeIgniter\View\View->render('admin/permissio...', Array, true)
#16 C:\wamp64\www\pos\app\Controllers\Permissions.php(20): view('admin/permissio...', Array)
#17 C:\wamp64\www\pos\vendor\codeigniter4\framework\system\CodeIgniter.php(832): App\Controllers\Permissions->index()
#18 C:\wamp64\www\pos\vendor\codeigniter4\framework\system\CodeIgniter.php(419): CodeIgniter\CodeIgniter->runController(Object(App\Controllers\Permissions))
#19 C:\wamp64\www\pos\vendor\codeigniter4\framework\system\CodeIgniter.php(326): CodeIgniter\CodeIgniter->handleRequest(NULL, Object(Config\Cache), false)
#20 C:\wamp64\www\pos\public\index.php(37): CodeIgniter\CodeIgniter->run()
#21 {main}
CRITICAL - 2024-03-31 16:33:17 --> Undefined offset: 0
#0 C:\wamp64\www\pos\vendor\codeigniter4\framework\system\Router\RouteCollection.php(1091): CodeIgniter\Debug\Exceptions->errorHandler(8, 'Undefined offse...', 'C:\\wamp64\\www\\p...', 1091, Array)
#1 C:\wamp64\www\pos\vendor\codeigniter4\framework\system\Router\RouteCollection.php(971): CodeIgniter\Router\RouteCollection->fillRouteParams('product-managem...', Array)
#2 C:\wamp64\www\pos\vendor\codeigniter4\framework\system\Common.php(882): CodeIgniter\Router\RouteCollection->reverseRoute('tax-rates.index')
#3 C:\wamp64\www\pos\app\Views\admin\layout\partials\aside-nav.php(232): route_to('tax-rates.index')
#4 C:\wamp64\www\pos\vendor\codeigniter4\framework\system\View\View.php(210): include('C:\\wamp64\\www\\p...')
#5 C:\wamp64\www\pos\vendor\codeigniter4\framework\system\View\View.php(213): CodeIgniter\View\View->CodeIgniter\View\{closure}()
#6 C:\wamp64\www\pos\vendor\codeigniter4\framework\system\View\View.php(424): CodeIgniter\View\View->render('admin/layout/pa...', NULL, true)
#7 C:\wamp64\www\pos\app\Views\admin\layout\partials\header.php(237): CodeIgniter\View\View->include('admin/layout/pa...')
#8 C:\wamp64\www\pos\vendor\codeigniter4\framework\system\View\View.php(210): include('C:\\wamp64\\www\\p...')
#9 C:\wamp64\www\pos\vendor\codeigniter4\framework\system\View\View.php(213): CodeIgniter\View\View->CodeIgniter\View\{closure}()
#10 C:\wamp64\www\pos\vendor\codeigniter4\framework\system\View\View.php(424): CodeIgniter\View\View->render('admin/layout/pa...', NULL, true)
#11 C:\wamp64\www\pos\app\Views\admin\layout\default.php(16): CodeIgniter\View\View->include('admin/layout/pa...')
#12 C:\wamp64\www\pos\vendor\codeigniter4\framework\system\View\View.php(210): include('C:\\wamp64\\www\\p...')
#13 C:\wamp64\www\pos\vendor\codeigniter4\framework\system\View\View.php(213): CodeIgniter\View\View->CodeIgniter\View\{closure}()
#14 C:\wamp64\www\pos\vendor\codeigniter4\framework\system\View\View.php(226): CodeIgniter\View\View->render('admin/layout/de...', Array, true)
#15 C:\wamp64\www\pos\vendor\codeigniter4\framework\system\Common.php(1089): CodeIgniter\View\View->render('admin/permissio...', Array, true)
#16 C:\wamp64\www\pos\app\Controllers\Permissions.php(20): view('admin/permissio...', Array)
#17 C:\wamp64\www\pos\vendor\codeigniter4\framework\system\CodeIgniter.php(832): App\Controllers\Permissions->index()
#18 C:\wamp64\www\pos\vendor\codeigniter4\framework\system\CodeIgniter.php(419): CodeIgniter\CodeIgniter->runController(Object(App\Controllers\Permissions))
#19 C:\wamp64\www\pos\vendor\codeigniter4\framework\system\CodeIgniter.php(326): CodeIgniter\CodeIgniter->handleRequest(NULL, Object(Config\Cache), false)
#20 C:\wamp64\www\pos\public\index.php(37): CodeIgniter\CodeIgniter->run()
#21 {main}
CRITICAL - 2024-03-31 16:35:59 --> Undefined offset: 0
#0 C:\wamp64\www\pos\vendor\codeigniter4\framework\system\Router\RouteCollection.php(1091): CodeIgniter\Debug\Exceptions->errorHandler(8, 'Undefined offse...', 'C:\\wamp64\\www\\p...', 1091, Array)
#1 C:\wamp64\www\pos\vendor\codeigniter4\framework\system\Router\RouteCollection.php(971): CodeIgniter\Router\RouteCollection->fillRouteParams('product-managem...', Array)
#2 C:\wamp64\www\pos\vendor\codeigniter4\framework\system\Common.php(882): CodeIgniter\Router\RouteCollection->reverseRoute('tax-rates.index')
#3 C:\wamp64\www\pos\app\Views\admin\layout\partials\aside-nav.php(232): route_to('tax-rates.index')
#4 C:\wamp64\www\pos\vendor\codeigniter4\framework\system\View\View.php(210): include('C:\\wamp64\\www\\p...')
#5 C:\wamp64\www\pos\vendor\codeigniter4\framework\system\View\View.php(213): CodeIgniter\View\View->CodeIgniter\View\{closure}()
#6 C:\wamp64\www\pos\vendor\codeigniter4\framework\system\View\View.php(424): CodeIgniter\View\View->render('admin/layout/pa...', NULL, true)
#7 C:\wamp64\www\pos\app\Views\admin\layout\partials\header.php(237): CodeIgniter\View\View->include('admin/layout/pa...')
#8 C:\wamp64\www\pos\vendor\codeigniter4\framework\system\View\View.php(210): include('C:\\wamp64\\www\\p...')
#9 C:\wamp64\www\pos\vendor\codeigniter4\framework\system\View\View.php(213): CodeIgniter\View\View->CodeIgniter\View\{closure}()
#10 C:\wamp64\www\pos\vendor\codeigniter4\framework\system\View\View.php(424): CodeIgniter\View\View->render('admin/layout/pa...', NULL, true)
#11 C:\wamp64\www\pos\app\Views\admin\layout\default.php(16): CodeIgniter\View\View->include('admin/layout/pa...')
#12 C:\wamp64\www\pos\vendor\codeigniter4\framework\system\View\View.php(210): include('C:\\wamp64\\www\\p...')
#13 C:\wamp64\www\pos\vendor\codeigniter4\framework\system\View\View.php(213): CodeIgniter\View\View->CodeIgniter\View\{closure}()
#14 C:\wamp64\www\pos\vendor\codeigniter4\framework\system\View\View.php(226): CodeIgniter\View\View->render('admin/layout/de...', Array, true)
#15 C:\wamp64\www\pos\vendor\codeigniter4\framework\system\Common.php(1089): CodeIgniter\View\View->render('admin/roles/edi...', Array, true)
#16 C:\wamp64\www\pos\app\Controllers\Roles.php(69): view('admin/roles/edi...', Array)
#17 C:\wamp64\www\pos\vendor\codeigniter4\framework\system\CodeIgniter.php(832): App\Controllers\Roles->edit('1')
#18 C:\wamp64\www\pos\vendor\codeigniter4\framework\system\CodeIgniter.php(419): CodeIgniter\CodeIgniter->runController(Object(App\Controllers\Roles))
#19 C:\wamp64\www\pos\vendor\codeigniter4\framework\system\CodeIgniter.php(326): CodeIgniter\CodeIgniter->handleRequest(NULL, Object(Config\Cache), false)
#20 C:\wamp64\www\pos\public\index.php(37): CodeIgniter\CodeIgniter->run()
#21 {main}
CRITICAL - 2024-03-31 16:37:06 --> Undefined offset: 0
#0 C:\wamp64\www\pos\vendor\codeigniter4\framework\system\Router\RouteCollection.php(1091): CodeIgniter\Debug\Exceptions->errorHandler(8, 'Undefined offse...', 'C:\\wamp64\\www\\p...', 1091, Array)
#1 C:\wamp64\www\pos\vendor\codeigniter4\framework\system\Router\RouteCollection.php(971): CodeIgniter\Router\RouteCollection->fillRouteParams('product-managem...', Array)
#2 C:\wamp64\www\pos\vendor\codeigniter4\framework\system\Common.php(882): CodeIgniter\Router\RouteCollection->reverseRoute('tax-rates.index')
#3 C:\wamp64\www\pos\app\Views\admin\layout\partials\aside-nav.php(232): route_to('tax-rates.index')
#4 C:\wamp64\www\pos\vendor\codeigniter4\framework\system\View\View.php(210): include('C:\\wamp64\\www\\p...')
#5 C:\wamp64\www\pos\vendor\codeigniter4\framework\system\View\View.php(213): CodeIgniter\View\View->CodeIgniter\View\{closure}()
#6 C:\wamp64\www\pos\vendor\codeigniter4\framework\system\View\View.php(424): CodeIgniter\View\View->render('admin/layout/pa...', NULL, true)
#7 C:\wamp64\www\pos\app\Views\admin\layout\partials\header.php(237): CodeIgniter\View\View->include('admin/layout/pa...')
#8 C:\wamp64\www\pos\vendor\codeigniter4\framework\system\View\View.php(210): include('C:\\wamp64\\www\\p...')
#9 C:\wamp64\www\pos\vendor\codeigniter4\framework\system\View\View.php(213): CodeIgniter\View\View->CodeIgniter\View\{closure}()
#10 C:\wamp64\www\pos\vendor\codeigniter4\framework\system\View\View.php(424): CodeIgniter\View\View->render('admin/layout/pa...', NULL, true)
#11 C:\wamp64\www\pos\app\Views\admin\layout\default.php(16): CodeIgniter\View\View->include('admin/layout/pa...')
#12 C:\wamp64\www\pos\vendor\codeigniter4\framework\system\View\View.php(210): include('C:\\wamp64\\www\\p...')
#13 C:\wamp64\www\pos\vendor\codeigniter4\framework\system\View\View.php(213): CodeIgniter\View\View->CodeIgniter\View\{closure}()
#14 C:\wamp64\www\pos\vendor\codeigniter4\framework\system\View\View.php(226): CodeIgniter\View\View->render('admin/layout/de...', Array, true)
#15 C:\wamp64\www\pos\vendor\codeigniter4\framework\system\Common.php(1089): CodeIgniter\View\View->render('admin/roles/edi...', Array, true)
#16 C:\wamp64\www\pos\app\Controllers\Roles.php(69): view('admin/roles/edi...', Array)
#17 C:\wamp64\www\pos\vendor\codeigniter4\framework\system\CodeIgniter.php(832): App\Controllers\Roles->edit('1')
#18 C:\wamp64\www\pos\vendor\codeigniter4\framework\system\CodeIgniter.php(419): CodeIgniter\CodeIgniter->runController(Object(App\Controllers\Roles))
#19 C:\wamp64\www\pos\vendor\codeigniter4\framework\system\CodeIgniter.php(326): CodeIgniter\CodeIgniter->handleRequest(NULL, Object(Config\Cache), false)
#20 C:\wamp64\www\pos\public\index.php(37): CodeIgniter\CodeIgniter->run()
#21 {main}
CRITICAL - 2024-03-31 16:38:17 --> Undefined offset: 0
#0 C:\wamp64\www\pos\vendor\codeigniter4\framework\system\Router\RouteCollection.php(1091): CodeIgniter\Debug\Exceptions->errorHandler(8, 'Undefined offse...', 'C:\\wamp64\\www\\p...', 1091, Array)
#1 C:\wamp64\www\pos\vendor\codeigniter4\framework\system\Router\RouteCollection.php(971): CodeIgniter\Router\RouteCollection->fillRouteParams('product-managem...', Array)
#2 C:\wamp64\www\pos\vendor\codeigniter4\framework\system\Common.php(882): CodeIgniter\Router\RouteCollection->reverseRoute('tax-rates.index')
#3 C:\wamp64\www\pos\app\Views\admin\layout\partials\aside-nav.php(232): route_to('tax-rates.index')
#4 C:\wamp64\www\pos\vendor\codeigniter4\framework\system\View\View.php(210): include('C:\\wamp64\\www\\p...')
#5 C:\wamp64\www\pos\vendor\codeigniter4\framework\system\View\View.php(213): CodeIgniter\View\View->CodeIgniter\View\{closure}()
#6 C:\wamp64\www\pos\vendor\codeigniter4\framework\system\View\View.php(424): CodeIgniter\View\View->render('admin/layout/pa...', NULL, true)
#7 C:\wamp64\www\pos\app\Views\admin\layout\partials\header.php(237): CodeIgniter\View\View->include('admin/layout/pa...')
#8 C:\wamp64\www\pos\vendor\codeigniter4\framework\system\View\View.php(210): include('C:\\wamp64\\www\\p...')
#9 C:\wamp64\www\pos\vendor\codeigniter4\framework\system\View\View.php(213): CodeIgniter\View\View->CodeIgniter\View\{closure}()
#10 C:\wamp64\www\pos\vendor\codeigniter4\framework\system\View\View.php(424): CodeIgniter\View\View->render('admin/layout/pa...', NULL, true)
#11 C:\wamp64\www\pos\app\Views\admin\layout\default.php(16): CodeIgniter\View\View->include('admin/layout/pa...')
#12 C:\wamp64\www\pos\vendor\codeigniter4\framework\system\View\View.php(210): include('C:\\wamp64\\www\\p...')
#13 C:\wamp64\www\pos\vendor\codeigniter4\framework\system\View\View.php(213): CodeIgniter\View\View->CodeIgniter\View\{closure}()
#14 C:\wamp64\www\pos\vendor\codeigniter4\framework\system\View\View.php(226): CodeIgniter\View\View->render('admin/layout/de...', Array, true)
#15 C:\wamp64\www\pos\vendor\codeigniter4\framework\system\Common.php(1089): CodeIgniter\View\View->render('admin/roles/lis...', Array, true)
#16 C:\wamp64\www\pos\app\Controllers\Roles.php(18): view('admin/roles/lis...', Array)
#17 C:\wamp64\www\pos\vendor\codeigniter4\framework\system\CodeIgniter.php(832): App\Controllers\Roles->index()
#18 C:\wamp64\www\pos\vendor\codeigniter4\framework\system\CodeIgniter.php(419): CodeIgniter\CodeIgniter->runController(Object(App\Controllers\Roles))
#19 C:\wamp64\www\pos\vendor\codeigniter4\framework\system\CodeIgniter.php(326): CodeIgniter\CodeIgniter->handleRequest(NULL, Object(Config\Cache), false)
#20 C:\wamp64\www\pos\public\index.php(37): CodeIgniter\CodeIgniter->run()
#21 {main}
CRITICAL - 2024-03-31 16:51:19 --> Undefined offset: 0
#0 C:\wamp64\www\pos\vendor\codeigniter4\framework\system\Router\RouteCollection.php(1091): CodeIgniter\Debug\Exceptions->errorHandler(8, 'Undefined offse...', 'C:\\wamp64\\www\\p...', 1091, Array)
#1 C:\wamp64\www\pos\vendor\codeigniter4\framework\system\Router\RouteCollection.php(971): CodeIgniter\Router\RouteCollection->fillRouteParams('product-managem...', Array)
#2 C:\wamp64\www\pos\vendor\codeigniter4\framework\system\Common.php(882): CodeIgniter\Router\RouteCollection->reverseRoute('tax-rates.index')
#3 C:\wamp64\www\pos\app\Views\admin\layout\partials\aside-nav.php(232): route_to('tax-rates.index')
#4 C:\wamp64\www\pos\vendor\codeigniter4\framework\system\View\View.php(210): include('C:\\wamp64\\www\\p...')
#5 C:\wamp64\www\pos\vendor\codeigniter4\framework\system\View\View.php(213): CodeIgniter\View\View->CodeIgniter\View\{closure}()
#6 C:\wamp64\www\pos\vendor\codeigniter4\framework\system\View\View.php(424): CodeIgniter\View\View->render('admin/layout/pa...', NULL, true)
#7 C:\wamp64\www\pos\app\Views\admin\layout\partials\header.php(237): CodeIgniter\View\View->include('admin/layout/pa...')
#8 C:\wamp64\www\pos\vendor\codeigniter4\framework\system\View\View.php(210): include('C:\\wamp64\\www\\p...')
#9 C:\wamp64\www\pos\vendor\codeigniter4\framework\system\View\View.php(213): CodeIgniter\View\View->CodeIgniter\View\{closure}()
#10 C:\wamp64\www\pos\vendor\codeigniter4\framework\system\View\View.php(424): CodeIgniter\View\View->render('admin/layout/pa...', NULL, true)
#11 C:\wamp64\www\pos\app\Views\admin\layout\default.php(16): CodeIgniter\View\View->include('admin/layout/pa...')
#12 C:\wamp64\www\pos\vendor\codeigniter4\framework\system\View\View.php(210): include('C:\\wamp64\\www\\p...')
#13 C:\wamp64\www\pos\vendor\codeigniter4\framework\system\View\View.php(213): CodeIgniter\View\View->CodeIgniter\View\{closure}()
#14 C:\wamp64\www\pos\vendor\codeigniter4\framework\system\View\View.php(226): CodeIgniter\View\View->render('admin/layout/de...', Array, true)
#15 C:\wamp64\www\pos\vendor\codeigniter4\framework\system\Common.php(1089): CodeIgniter\View\View->render('admin/roles/lis...', Array, true)
#16 C:\wamp64\www\pos\app\Controllers\Roles.php(18): view('admin/roles/lis...', Array)
#17 C:\wamp64\www\pos\vendor\codeigniter4\framework\system\CodeIgniter.php(832): App\Controllers\Roles->index()
#18 C:\wamp64\www\pos\vendor\codeigniter4\framework\system\CodeIgniter.php(419): CodeIgniter\CodeIgniter->runController(Object(App\Controllers\Roles))
#19 C:\wamp64\www\pos\vendor\codeigniter4\framework\system\CodeIgniter.php(326): CodeIgniter\CodeIgniter->handleRequest(NULL, Object(Config\Cache), false)
#20 C:\wamp64\www\pos\public\index.php(37): CodeIgniter\CodeIgniter->run()
#21 {main}
CRITICAL - 2024-03-31 17:02:58 --> Undefined offset: 0
#0 C:\wamp64\www\pos\vendor\codeigniter4\framework\system\Router\RouteCollection.php(1091): CodeIgniter\Debug\Exceptions->errorHandler(8, 'Undefined offse...', 'C:\\wamp64\\www\\p...', 1091, Array)
#1 C:\wamp64\www\pos\vendor\codeigniter4\framework\system\Router\RouteCollection.php(971): CodeIgniter\Router\RouteCollection->fillRouteParams('product-managem...', Array)
#2 C:\wamp64\www\pos\vendor\codeigniter4\framework\system\Common.php(882): CodeIgniter\Router\RouteCollection->reverseRoute('tax-rates.index')
#3 C:\wamp64\www\pos\app\Views\admin\layout\partials\aside-nav.php(232): route_to('tax-rates.index')
#4 C:\wamp64\www\pos\vendor\codeigniter4\framework\system\View\View.php(210): include('C:\\wamp64\\www\\p...')
#5 C:\wamp64\www\pos\vendor\codeigniter4\framework\system\View\View.php(213): CodeIgniter\View\View->CodeIgniter\View\{closure}()
#6 C:\wamp64\www\pos\vendor\codeigniter4\framework\system\View\View.php(424): CodeIgniter\View\View->render('admin/layout/pa...', NULL, true)
#7 C:\wamp64\www\pos\app\Views\admin\layout\partials\header.php(237): CodeIgniter\View\View->include('admin/layout/pa...')
#8 C:\wamp64\www\pos\vendor\codeigniter4\framework\system\View\View.php(210): include('C:\\wamp64\\www\\p...')
#9 C:\wamp64\www\pos\vendor\codeigniter4\framework\system\View\View.php(213): CodeIgniter\View\View->CodeIgniter\View\{closure}()
#10 C:\wamp64\www\pos\vendor\codeigniter4\framework\system\View\View.php(424): CodeIgniter\View\View->render('admin/layout/pa...', NULL, true)
#11 C:\wamp64\www\pos\app\Views\admin\layout\default.php(16): CodeIgniter\View\View->include('admin/layout/pa...')
#12 C:\wamp64\www\pos\vendor\codeigniter4\framework\system\View\View.php(210): include('C:\\wamp64\\www\\p...')
#13 C:\wamp64\www\pos\vendor\codeigniter4\framework\system\View\View.php(213): CodeIgniter\View\View->CodeIgniter\View\{closure}()
#14 C:\wamp64\www\pos\vendor\codeigniter4\framework\system\View\View.php(226): CodeIgniter\View\View->render('admin/layout/de...', Array, true)
#15 C:\wamp64\www\pos\vendor\codeigniter4\framework\system\Common.php(1089): CodeIgniter\View\View->render('admin/roles/lis...', Array, true)
#16 C:\wamp64\www\pos\app\Controllers\Roles.php(18): view('admin/roles/lis...', Array)
#17 C:\wamp64\www\pos\vendor\codeigniter4\framework\system\CodeIgniter.php(832): App\Controllers\Roles->index()
#18 C:\wamp64\www\pos\vendor\codeigniter4\framework\system\CodeIgniter.php(419): CodeIgniter\CodeIgniter->runController(Object(App\Controllers\Roles))
#19 C:\wamp64\www\pos\vendor\codeigniter4\framework\system\CodeIgniter.php(326): CodeIgniter\CodeIgniter->handleRequest(NULL, Object(Config\Cache), false)
#20 C:\wamp64\www\pos\public\index.php(37): CodeIgniter\CodeIgniter->run()
#21 {main}
CRITICAL - 2024-03-31 17:07:10 --> Undefined offset: 0
#0 C:\wamp64\www\pos\vendor\codeigniter4\framework\system\Router\RouteCollection.php(1091): CodeIgniter\Debug\Exceptions->errorHandler(8, 'Undefined offse...', 'C:\\wamp64\\www\\p...', 1091, Array)
#1 C:\wamp64\www\pos\vendor\codeigniter4\framework\system\Router\RouteCollection.php(971): CodeIgniter\Router\RouteCollection->fillRouteParams('product-managem...', Array)
#2 C:\wamp64\www\pos\vendor\codeigniter4\framework\system\Common.php(882): CodeIgniter\Router\RouteCollection->reverseRoute('tax-rates.index')
#3 C:\wamp64\www\pos\app\Views\admin\layout\partials\aside-nav.php(232): route_to('tax-rates.index')
#4 C:\wamp64\www\pos\vendor\codeigniter4\framework\system\View\View.php(210): include('C:\\wamp64\\www\\p...')
#5 C:\wamp64\www\pos\vendor\codeigniter4\framework\system\View\View.php(213): CodeIgniter\View\View->CodeIgniter\View\{closure}()
#6 C:\wamp64\www\pos\vendor\codeigniter4\framework\system\View\View.php(424): CodeIgniter\View\View->render('admin/layout/pa...', NULL, true)
#7 C:\wamp64\www\pos\app\Views\admin\layout\partials\header.php(237): CodeIgniter\View\View->include('admin/layout/pa...')
#8 C:\wamp64\www\pos\vendor\codeigniter4\framework\system\View\View.php(210): include('C:\\wamp64\\www\\p...')
#9 C:\wamp64\www\pos\vendor\codeigniter4\framework\system\View\View.php(213): CodeIgniter\View\View->CodeIgniter\View\{closure}()
#10 C:\wamp64\www\pos\vendor\codeigniter4\framework\system\View\View.php(424): CodeIgniter\View\View->render('admin/layout/pa...', NULL, true)
#11 C:\wamp64\www\pos\app\Views\admin\layout\default.php(16): CodeIgniter\View\View->include('admin/layout/pa...')
#12 C:\wamp64\www\pos\vendor\codeigniter4\framework\system\View\View.php(210): include('C:\\wamp64\\www\\p...')
#13 C:\wamp64\www\pos\vendor\codeigniter4\framework\system\View\View.php(213): CodeIgniter\View\View->CodeIgniter\View\{closure}()
#14 C:\wamp64\www\pos\vendor\codeigniter4\framework\system\View\View.php(226): CodeIgniter\View\View->render('admin/layout/de...', Array, true)
#15 C:\wamp64\www\pos\vendor\codeigniter4\framework\system\Common.php(1089): CodeIgniter\View\View->render('admin/roles/lis...', Array, true)
#16 C:\wamp64\www\pos\app\Controllers\Roles.php(18): view('admin/roles/lis...', Array)
#17 C:\wamp64\www\pos\vendor\codeigniter4\framework\system\CodeIgniter.php(832): App\Controllers\Roles->index()
#18 C:\wamp64\www\pos\vendor\codeigniter4\framework\system\CodeIgniter.php(419): CodeIgniter\CodeIgniter->runController(Object(App\Controllers\Roles))
#19 C:\wamp64\www\pos\vendor\codeigniter4\framework\system\CodeIgniter.php(326): CodeIgniter\CodeIgniter->handleRequest(NULL, Object(Config\Cache), false)
#20 C:\wamp64\www\pos\public\index.php(37): CodeIgniter\CodeIgniter->run()
#21 {main}
CRITICAL - 2024-03-31 17:10:24 --> Undefined offset: 0
#0 C:\wamp64\www\pos\vendor\codeigniter4\framework\system\Router\RouteCollection.php(1091): CodeIgniter\Debug\Exceptions->errorHandler(8, 'Undefined offse...', 'C:\\wamp64\\www\\p...', 1091, Array)
#1 C:\wamp64\www\pos\vendor\codeigniter4\framework\system\Router\RouteCollection.php(971): CodeIgniter\Router\RouteCollection->fillRouteParams('product-managem...', Array)
#2 C:\wamp64\www\pos\vendor\codeigniter4\framework\system\Common.php(882): CodeIgniter\Router\RouteCollection->reverseRoute('tax-rates.index')
#3 C:\wamp64\www\pos\app\Views\admin\layout\partials\aside-nav.php(232): route_to('tax-rates.index')
#4 C:\wamp64\www\pos\vendor\codeigniter4\framework\system\View\View.php(210): include('C:\\wamp64\\www\\p...')
#5 C:\wamp64\www\pos\vendor\codeigniter4\framework\system\View\View.php(213): CodeIgniter\View\View->CodeIgniter\View\{closure}()
#6 C:\wamp64\www\pos\vendor\codeigniter4\framework\system\View\View.php(424): CodeIgniter\View\View->render('admin/layout/pa...', NULL, true)
#7 C:\wamp64\www\pos\app\Views\admin\layout\partials\header.php(237): CodeIgniter\View\View->include('admin/layout/pa...')
#8 C:\wamp64\www\pos\vendor\codeigniter4\framework\system\View\View.php(210): include('C:\\wamp64\\www\\p...')
#9 C:\wamp64\www\pos\vendor\codeigniter4\framework\system\View\View.php(213): CodeIgniter\View\View->CodeIgniter\View\{closure}()
#10 C:\wamp64\www\pos\vendor\codeigniter4\framework\system\View\View.php(424): CodeIgniter\View\View->render('admin/layout/pa...', NULL, true)
#11 C:\wamp64\www\pos\app\Views\admin\layout\default.php(16): CodeIgniter\View\View->include('admin/layout/pa...')
#12 C:\wamp64\www\pos\vendor\codeigniter4\framework\system\View\View.php(210): include('C:\\wamp64\\www\\p...')
#13 C:\wamp64\www\pos\vendor\codeigniter4\framework\system\View\View.php(213): CodeIgniter\View\View->CodeIgniter\View\{closure}()
#14 C:\wamp64\www\pos\vendor\codeigniter4\framework\system\View\View.php(226): CodeIgniter\View\View->render('admin/layout/de...', Array, true)
#15 C:\wamp64\www\pos\vendor\codeigniter4\framework\system\Common.php(1089): CodeIgniter\View\View->render('admin/roles/lis...', Array, true)
#16 C:\wamp64\www\pos\app\Controllers\Roles.php(18): view('admin/roles/lis...', Array)
#17 C:\wamp64\www\pos\vendor\codeigniter4\framework\system\CodeIgniter.php(832): App\Controllers\Roles->index()
#18 C:\wamp64\www\pos\vendor\codeigniter4\framework\system\CodeIgniter.php(419): CodeIgniter\CodeIgniter->runController(Object(App\Controllers\Roles))
#19 C:\wamp64\www\pos\vendor\codeigniter4\framework\system\CodeIgniter.php(326): CodeIgniter\CodeIgniter->handleRequest(NULL, Object(Config\Cache), false)
#20 C:\wamp64\www\pos\public\index.php(37): CodeIgniter\CodeIgniter->run()
#21 {main}
CRITICAL - 2024-03-31 17:12:31 --> Undefined offset: 0
#0 C:\wamp64\www\pos\vendor\codeigniter4\framework\system\Router\RouteCollection.php(1091): CodeIgniter\Debug\Exceptions->errorHandler(8, 'Undefined offse...', 'C:\\wamp64\\www\\p...', 1091, Array)
#1 C:\wamp64\www\pos\vendor\codeigniter4\framework\system\Router\RouteCollection.php(971): CodeIgniter\Router\RouteCollection->fillRouteParams('product-managem...', Array)
#2 C:\wamp64\www\pos\vendor\codeigniter4\framework\system\Common.php(882): CodeIgniter\Router\RouteCollection->reverseRoute('tax-rates.index')
#3 C:\wamp64\www\pos\app\Views\admin\layout\partials\aside-nav.php(232): route_to('tax-rates.index')
#4 C:\wamp64\www\pos\vendor\codeigniter4\framework\system\View\View.php(210): include('C:\\wamp64\\www\\p...')
#5 C:\wamp64\www\pos\vendor\codeigniter4\framework\system\View\View.php(213): CodeIgniter\View\View->CodeIgniter\View\{closure}()
#6 C:\wamp64\www\pos\vendor\codeigniter4\framework\system\View\View.php(424): CodeIgniter\View\View->render('admin/layout/pa...', NULL, true)
#7 C:\wamp64\www\pos\app\Views\admin\layout\partials\header.php(237): CodeIgniter\View\View->include('admin/layout/pa...')
#8 C:\wamp64\www\pos\vendor\codeigniter4\framework\system\View\View.php(210): include('C:\\wamp64\\www\\p...')
#9 C:\wamp64\www\pos\vendor\codeigniter4\framework\system\View\View.php(213): CodeIgniter\View\View->CodeIgniter\View\{closure}()
#10 C:\wamp64\www\pos\vendor\codeigniter4\framework\system\View\View.php(424): CodeIgniter\View\View->render('admin/layout/pa...', NULL, true)
#11 C:\wamp64\www\pos\app\Views\admin\layout\default.php(16): CodeIgniter\View\View->include('admin/layout/pa...')
#12 C:\wamp64\www\pos\vendor\codeigniter4\framework\system\View\View.php(210): include('C:\\wamp64\\www\\p...')
#13 C:\wamp64\www\pos\vendor\codeigniter4\framework\system\View\View.php(213): CodeIgniter\View\View->CodeIgniter\View\{closure}()
#14 C:\wamp64\www\pos\vendor\codeigniter4\framework\system\View\View.php(226): CodeIgniter\View\View->render('admin/layout/de...', Array, true)
#15 C:\wamp64\www\pos\vendor\codeigniter4\framework\system\Common.php(1089): CodeIgniter\View\View->render('admin/roles/lis...', Array, true)
#16 C:\wamp64\www\pos\app\Controllers\Roles.php(18): view('admin/roles/lis...', Array)
#17 C:\wamp64\www\pos\vendor\codeigniter4\framework\system\CodeIgniter.php(832): App\Controllers\Roles->index()
#18 C:\wamp64\www\pos\vendor\codeigniter4\framework\system\CodeIgniter.php(419): CodeIgniter\CodeIgniter->runController(Object(App\Controllers\Roles))
#19 C:\wamp64\www\pos\vendor\codeigniter4\framework\system\CodeIgniter.php(326): CodeIgniter\CodeIgniter->handleRequest(NULL, Object(Config\Cache), false)
#20 C:\wamp64\www\pos\public\index.php(37): CodeIgniter\CodeIgniter->run()
#21 {main}
CRITICAL - 2024-03-31 17:15:01 --> Undefined offset: 0
#0 C:\wamp64\www\pos\vendor\codeigniter4\framework\system\Router\RouteCollection.php(1091): CodeIgniter\Debug\Exceptions->errorHandler(8, 'Undefined offse...', 'C:\\wamp64\\www\\p...', 1091, Array)
#1 C:\wamp64\www\pos\vendor\codeigniter4\framework\system\Router\RouteCollection.php(971): CodeIgniter\Router\RouteCollection->fillRouteParams('product-managem...', Array)
#2 C:\wamp64\www\pos\vendor\codeigniter4\framework\system\Common.php(882): CodeIgniter\Router\RouteCollection->reverseRoute('tax-rates.index')
#3 C:\wamp64\www\pos\app\Views\admin\layout\partials\aside-nav.php(232): route_to('tax-rates.index')
#4 C:\wamp64\www\pos\vendor\codeigniter4\framework\system\View\View.php(210): include('C:\\wamp64\\www\\p...')
#5 C:\wamp64\www\pos\vendor\codeigniter4\framework\system\View\View.php(213): CodeIgniter\View\View->CodeIgniter\View\{closure}()
#6 C:\wamp64\www\pos\vendor\codeigniter4\framework\system\View\View.php(424): CodeIgniter\View\View->render('admin/layout/pa...', NULL, true)
#7 C:\wamp64\www\pos\app\Views\admin\layout\partials\header.php(237): CodeIgniter\View\View->include('admin/layout/pa...')
#8 C:\wamp64\www\pos\vendor\codeigniter4\framework\system\View\View.php(210): include('C:\\wamp64\\www\\p...')
#9 C:\wamp64\www\pos\vendor\codeigniter4\framework\system\View\View.php(213): CodeIgniter\View\View->CodeIgniter\View\{closure}()
#10 C:\wamp64\www\pos\vendor\codeigniter4\framework\system\View\View.php(424): CodeIgniter\View\View->render('admin/layout/pa...', NULL, true)
#11 C:\wamp64\www\pos\app\Views\admin\layout\default.php(16): CodeIgniter\View\View->include('admin/layout/pa...')
#12 C:\wamp64\www\pos\vendor\codeigniter4\framework\system\View\View.php(210): include('C:\\wamp64\\www\\p...')
#13 C:\wamp64\www\pos\vendor\codeigniter4\framework\system\View\View.php(213): CodeIgniter\View\View->CodeIgniter\View\{closure}()
#14 C:\wamp64\www\pos\vendor\codeigniter4\framework\system\View\View.php(226): CodeIgniter\View\View->render('admin/layout/de...', Array, true)
#15 C:\wamp64\www\pos\vendor\codeigniter4\framework\system\Common.php(1089): CodeIgniter\View\View->render('admin/roles/lis...', Array, true)
#16 C:\wamp64\www\pos\app\Controllers\Roles.php(18): view('admin/roles/lis...', Array)
#17 C:\wamp64\www\pos\vendor\codeigniter4\framework\system\CodeIgniter.php(832): App\Controllers\Roles->index()
#18 C:\wamp64\www\pos\vendor\codeigniter4\framework\system\CodeIgniter.php(419): CodeIgniter\CodeIgniter->runController(Object(App\Controllers\Roles))
#19 C:\wamp64\www\pos\vendor\codeigniter4\framework\system\CodeIgniter.php(326): CodeIgniter\CodeIgniter->handleRequest(NULL, Object(Config\Cache), false)
#20 C:\wamp64\www\pos\public\index.php(37): CodeIgniter\CodeIgniter->run()
#21 {main}
CRITICAL - 2024-03-31 17:18:26 --> Undefined offset: 0
#0 C:\wamp64\www\pos\vendor\codeigniter4\framework\system\Router\RouteCollection.php(1091): CodeIgniter\Debug\Exceptions->errorHandler(8, 'Undefined offse...', 'C:\\wamp64\\www\\p...', 1091, Array)
#1 C:\wamp64\www\pos\vendor\codeigniter4\framework\system\Router\RouteCollection.php(971): CodeIgniter\Router\RouteCollection->fillRouteParams('product-managem...', Array)
#2 C:\wamp64\www\pos\vendor\codeigniter4\framework\system\Common.php(882): CodeIgniter\Router\RouteCollection->reverseRoute('tax-rates.index')
#3 C:\wamp64\www\pos\app\Views\admin\layout\partials\aside-nav.php(232): route_to('tax-rates.index')
#4 C:\wamp64\www\pos\vendor\codeigniter4\framework\system\View\View.php(210): include('C:\\wamp64\\www\\p...')
#5 C:\wamp64\www\pos\vendor\codeigniter4\framework\system\View\View.php(213): CodeIgniter\View\View->CodeIgniter\View\{closure}()
#6 C:\wamp64\www\pos\vendor\codeigniter4\framework\system\View\View.php(424): CodeIgniter\View\View->render('admin/layout/pa...', NULL, true)
#7 C:\wamp64\www\pos\app\Views\admin\layout\partials\header.php(237): CodeIgniter\View\View->include('admin/layout/pa...')
#8 C:\wamp64\www\pos\vendor\codeigniter4\framework\system\View\View.php(210): include('C:\\wamp64\\www\\p...')
#9 C:\wamp64\www\pos\vendor\codeigniter4\framework\system\View\View.php(213): CodeIgniter\View\View->CodeIgniter\View\{closure}()
#10 C:\wamp64\www\pos\vendor\codeigniter4\framework\system\View\View.php(424): CodeIgniter\View\View->render('admin/layout/pa...', NULL, true)
#11 C:\wamp64\www\pos\app\Views\admin\layout\default.php(16): CodeIgniter\View\View->include('admin/layout/pa...')
#12 C:\wamp64\www\pos\vendor\codeigniter4\framework\system\View\View.php(210): include('C:\\wamp64\\www\\p...')
#13 C:\wamp64\www\pos\vendor\codeigniter4\framework\system\View\View.php(213): CodeIgniter\View\View->CodeIgniter\View\{closure}()
#14 C:\wamp64\www\pos\vendor\codeigniter4\framework\system\View\View.php(226): CodeIgniter\View\View->render('admin/layout/de...', Array, true)
#15 C:\wamp64\www\pos\vendor\codeigniter4\framework\system\Common.php(1089): CodeIgniter\View\View->render('admin/roles/lis...', Array, true)
#16 C:\wamp64\www\pos\app\Controllers\Roles.php(18): view('admin/roles/lis...', Array)
#17 C:\wamp64\www\pos\vendor\codeigniter4\framework\system\CodeIgniter.php(832): App\Controllers\Roles->index()
#18 C:\wamp64\www\pos\vendor\codeigniter4\framework\system\CodeIgniter.php(419): CodeIgniter\CodeIgniter->runController(Object(App\Controllers\Roles))
#19 C:\wamp64\www\pos\vendor\codeigniter4\framework\system\CodeIgniter.php(326): CodeIgniter\CodeIgniter->handleRequest(NULL, Object(Config\Cache), false)
#20 C:\wamp64\www\pos\public\index.php(37): CodeIgniter\CodeIgniter->run()
#21 {main}
CRITICAL - 2024-03-31 17:18:43 --> Undefined offset: 0
#0 C:\wamp64\www\pos\vendor\codeigniter4\framework\system\Router\RouteCollection.php(1091): CodeIgniter\Debug\Exceptions->errorHandler(8, 'Undefined offse...', 'C:\\wamp64\\www\\p...', 1091, Array)
#1 C:\wamp64\www\pos\vendor\codeigniter4\framework\system\Router\RouteCollection.php(971): CodeIgniter\Router\RouteCollection->fillRouteParams('product-managem...', Array)
#2 C:\wamp64\www\pos\vendor\codeigniter4\framework\system\Common.php(882): CodeIgniter\Router\RouteCollection->reverseRoute('tax-rates.index')
#3 C:\wamp64\www\pos\app\Views\admin\layout\partials\aside-nav.php(232): route_to('tax-rates.index')
#4 C:\wamp64\www\pos\vendor\codeigniter4\framework\system\View\View.php(210): include('C:\\wamp64\\www\\p...')
#5 C:\wamp64\www\pos\vendor\codeigniter4\framework\system\View\View.php(213): CodeIgniter\View\View->CodeIgniter\View\{closure}()
#6 C:\wamp64\www\pos\vendor\codeigniter4\framework\system\View\View.php(424): CodeIgniter\View\View->render('admin/layout/pa...', NULL, true)
#7 C:\wamp64\www\pos\app\Views\admin\layout\partials\header.php(237): CodeIgniter\View\View->include('admin/layout/pa...')
#8 C:\wamp64\www\pos\vendor\codeigniter4\framework\system\View\View.php(210): include('C:\\wamp64\\www\\p...')
#9 C:\wamp64\www\pos\vendor\codeigniter4\framework\system\View\View.php(213): CodeIgniter\View\View->CodeIgniter\View\{closure}()
#10 C:\wamp64\www\pos\vendor\codeigniter4\framework\system\View\View.php(424): CodeIgniter\View\View->render('admin/layout/pa...', NULL, true)
#11 C:\wamp64\www\pos\app\Views\admin\layout\default.php(16): CodeIgniter\View\View->include('admin/layout/pa...')
#12 C:\wamp64\www\pos\vendor\codeigniter4\framework\system\View\View.php(210): include('C:\\wamp64\\www\\p...')
#13 C:\wamp64\www\pos\vendor\codeigniter4\framework\system\View\View.php(213): CodeIgniter\View\View->CodeIgniter\View\{closure}()
#14 C:\wamp64\www\pos\vendor\codeigniter4\framework\system\View\View.php(226): CodeIgniter\View\View->render('admin/layout/de...', Array, true)
#15 C:\wamp64\www\pos\vendor\codeigniter4\framework\system\Common.php(1089): CodeIgniter\View\View->render('admin/roles/lis...', Array, true)
#16 C:\wamp64\www\pos\app\Controllers\Roles.php(18): view('admin/roles/lis...', Array)
#17 C:\wamp64\www\pos\vendor\codeigniter4\framework\system\CodeIgniter.php(832): App\Controllers\Roles->index()
#18 C:\wamp64\www\pos\vendor\codeigniter4\framework\system\CodeIgniter.php(419): CodeIgniter\CodeIgniter->runController(Object(App\Controllers\Roles))
#19 C:\wamp64\www\pos\vendor\codeigniter4\framework\system\CodeIgniter.php(326): CodeIgniter\CodeIgniter->handleRequest(NULL, Object(Config\Cache), false)
#20 C:\wamp64\www\pos\public\index.php(37): CodeIgniter\CodeIgniter->run()
#21 {main}
CRITICAL - 2024-03-31 17:51:58 --> Undefined variable: listMaterials
#0 C:\wamp64\www\pos\Modules\Products\Views\tax-groups\list.php(53): CodeIgniter\Debug\Exceptions->errorHandler(8, 'Undefined varia...', 'C:\\wamp64\\www\\p...', 53, Array)
#1 C:\wamp64\www\pos\vendor\codeigniter4\framework\system\View\View.php(210): include('C:\\wamp64\\www\\p...')
#2 C:\wamp64\www\pos\vendor\codeigniter4\framework\system\View\View.php(213): CodeIgniter\View\View->CodeIgniter\View\{closure}()
#3 C:\wamp64\www\pos\vendor\codeigniter4\framework\system\Common.php(1089): CodeIgniter\View\View->render('Products\\Views\\...', Array, true)
#4 C:\wamp64\www\pos\Modules\Products\Controllers\TaxGroups.php(18): view('Products\\Views\\...', Array)
#5 C:\wamp64\www\pos\vendor\codeigniter4\framework\system\CodeIgniter.php(832): Products\Controllers\TaxGroups->taxGroups()
#6 C:\wamp64\www\pos\vendor\codeigniter4\framework\system\CodeIgniter.php(419): CodeIgniter\CodeIgniter->runController(Object(Products\Controllers\TaxGroups))
#7 C:\wamp64\www\pos\vendor\codeigniter4\framework\system\CodeIgniter.php(326): CodeIgniter\CodeIgniter->handleRequest(NULL, Object(Config\Cache), false)
#8 C:\wamp64\www\pos\public\index.php(37): CodeIgniter\CodeIgniter->run()
#9 {main}
CRITICAL - 2024-03-31 18:48:55 --> unlink(C:\wamp64\www\pos\writable\debugbar/debugbar_1711888352.json): No such file or directory
#0 [internal function]: CodeIgniter\Debug\Exceptions->errorHandler(2, 'unlink(C:\\wamp6...', 'C:\\wamp64\\www\\p...', 74, Array)
#1 C:\wamp64\www\pos\vendor\codeigniter4\framework\system\Debug\Toolbar\Collectors\History.php(74): unlink('C:\\wamp64\\www\\p...')
#2 C:\wamp64\www\pos\vendor\codeigniter4\framework\system\Debug\Toolbar.php(487): CodeIgniter\Debug\Toolbar\Collectors\History->setFiles(1711891133, 20)
#3 C:\wamp64\www\pos\vendor\codeigniter4\framework\system\Debug\Toolbar.php(464): CodeIgniter\Debug\Toolbar->format(Array, 'html')
#4 C:\wamp64\www\pos\app\Config\Events.php(48): CodeIgniter\Debug\Toolbar->respond()
#5 C:\wamp64\www\pos\vendor\codeigniter4\framework\system\Events\Events.php(149): CodeIgniter\Events\Events::Config\{closure}()
#6 C:\wamp64\www\pos\vendor\codeigniter4\framework\system\CodeIgniter.php(308): CodeIgniter\Events\Events::trigger('pre_system')
#7 C:\wamp64\www\pos\public\index.php(37): CodeIgniter\CodeIgniter->run()
#8 {main}
CRITICAL - 2024-03-31 18:53:52 --> Undefined property: stdClass::$material_name
#0 C:\wamp64\www\pos\Modules\Products\Views\tax-groups\edit.php(39): CodeIgniter\Debug\Exceptions->errorHandler(8, 'Undefined prope...', 'C:\\wamp64\\www\\p...', 39, Array)
#1 C:\wamp64\www\pos\vendor\codeigniter4\framework\system\View\View.php(210): include('C:\\wamp64\\www\\p...')
#2 C:\wamp64\www\pos\vendor\codeigniter4\framework\system\View\View.php(213): CodeIgniter\View\View->CodeIgniter\View\{closure}()
#3 C:\wamp64\www\pos\vendor\codeigniter4\framework\system\Common.php(1089): CodeIgniter\View\View->render('Products\\Views\\...', Array, true)
#4 C:\wamp64\www\pos\Modules\Products\Controllers\TaxGroups.php(61): view('Products\\Views\\...', Array)
#5 C:\wamp64\www\pos\vendor\codeigniter4\framework\system\CodeIgniter.php(832): Products\Controllers\TaxGroups->editTaxGroups('4')
#6 C:\wamp64\www\pos\vendor\codeigniter4\framework\system\CodeIgniter.php(419): CodeIgniter\CodeIgniter->runController(Object(Products\Controllers\TaxGroups))
#7 C:\wamp64\www\pos\vendor\codeigniter4\framework\system\CodeIgniter.php(326): CodeIgniter\CodeIgniter->handleRequest(NULL, Object(Config\Cache), false)
#8 C:\wamp64\www\pos\public\index.php(37): CodeIgniter\CodeIgniter->run()
#9 {main}
CRITICAL - 2024-03-31 19:12:57 --> unlink(C:\wamp64\www\pos\writable\debugbar/debugbar_1711891445.json): No such file or directory
#0 [internal function]: CodeIgniter\Debug\Exceptions->errorHandler(2, 'unlink(C:\\wamp6...', 'C:\\wamp64\\www\\p...', 74, Array)
#1 C:\wamp64\www\pos\vendor\codeigniter4\framework\system\Debug\Toolbar\Collectors\History.php(74): unlink('C:\\wamp64\\www\\p...')
#2 C:\wamp64\www\pos\vendor\codeigniter4\framework\system\Debug\Toolbar.php(487): CodeIgniter\Debug\Toolbar\Collectors\History->setFiles(1711892576, 20)
#3 C:\wamp64\www\pos\vendor\codeigniter4\framework\system\Debug\Toolbar.php(464): CodeIgniter\Debug\Toolbar->format(Array, 'html')
#4 C:\wamp64\www\pos\app\Config\Events.php(48): CodeIgniter\Debug\Toolbar->respond()
#5 C:\wamp64\www\pos\vendor\codeigniter4\framework\system\Events\Events.php(149): CodeIgniter\Events\Events::Config\{closure}()
#6 C:\wamp64\www\pos\vendor\codeigniter4\framework\system\CodeIgniter.php(308): CodeIgniter\Events\Events::trigger('pre_system')
#7 C:\wamp64\www\pos\public\index.php(37): CodeIgniter\CodeIgniter->run()
#8 {main}
CRITICAL - 2024-03-31 19:14:21 --> Undefined variable: taxGroup
#0 C:\wamp64\www\pos\Modules\Products\Views\tax-groups\edit.php(36): CodeIgniter\Debug\Exceptions->errorHandler(8, 'Undefined varia...', 'C:\\wamp64\\www\\p...', 36, Array)
#1 C:\wamp64\www\pos\vendor\codeigniter4\framework\system\View\View.php(210): include('C:\\wamp64\\www\\p...')
#2 C:\wamp64\www\pos\vendor\codeigniter4\framework\system\View\View.php(213): CodeIgniter\View\View->CodeIgniter\View\{closure}()
#3 C:\wamp64\www\pos\vendor\codeigniter4\framework\system\Common.php(1089): CodeIgniter\View\View->render('Products\\Views\\...', Array, true)
#4 C:\wamp64\www\pos\Modules\Products\Controllers\TaxGroups.php(75): view('Products\\Views\\...', Array)
#5 C:\wamp64\www\pos\vendor\codeigniter4\framework\system\CodeIgniter.php(832): Products\Controllers\TaxGroups->updateTaxGroups('8')
#6 C:\wamp64\www\pos\vendor\codeigniter4\framework\system\CodeIgniter.php(419): CodeIgniter\CodeIgniter->runController(Object(Products\Controllers\TaxGroups))
#7 C:\wamp64\www\pos\vendor\codeigniter4\framework\system\CodeIgniter.php(326): CodeIgniter\CodeIgniter->handleRequest(NULL, Object(Config\Cache), false)
#8 C:\wamp64\www\pos\public\index.php(37): CodeIgniter\CodeIgniter->run()
#9 {main}
CRITICAL - 2024-03-31 19:51:56 --> Undefined variable: listMaterials
#0 C:\wamp64\www\pos\Modules\Products\Views\tax-rates\list.php(53): CodeIgniter\Debug\Exceptions->errorHandler(8, 'Undefined varia...', 'C:\\wamp64\\www\\p...', 53, Array)
#1 C:\wamp64\www\pos\vendor\codeigniter4\framework\system\View\View.php(210): include('C:\\wamp64\\www\\p...')
#2 C:\wamp64\www\pos\vendor\codeigniter4\framework\system\View\View.php(213): CodeIgniter\View\View->CodeIgniter\View\{closure}()
#3 C:\wamp64\www\pos\vendor\codeigniter4\framework\system\Common.php(1089): CodeIgniter\View\View->render('Products\\Views\\...', Array, true)
#4 C:\wamp64\www\pos\Modules\Products\Controllers\TaxRates.php(21): view('Products\\Views\\...', Array)
#5 C:\wamp64\www\pos\vendor\codeigniter4\framework\system\CodeIgniter.php(832): Products\Controllers\TaxRates->taxRates('1')
#6 C:\wamp64\www\pos\vendor\codeigniter4\framework\system\CodeIgniter.php(419): CodeIgniter\CodeIgniter->runController(Object(Products\Controllers\TaxRates))
#7 C:\wamp64\www\pos\vendor\codeigniter4\framework\system\CodeIgniter.php(326): CodeIgniter\CodeIgniter->handleRequest(NULL, Object(Config\Cache), false)
#8 C:\wamp64\www\pos\public\index.php(37): CodeIgniter\CodeIgniter->run()
#9 {main}
