CRITICAL - 2024-07-21 14:15:53 --> Undefined property: stdClass::$variation_name
#0 C:\wamp64\www\inventory-management\Modules\Products\Views\products\edit.php(205): CodeIgniter\Debug\Exceptions->errorHandler(8, 'Undefined prope...', 'C:\\wamp64\\www\\i...', 205, Array)
#1 C:\wamp64\www\inventory-management\vendor\codeigniter4\framework\system\View\View.php(210): include('C:\\wamp64\\www\\i...')
#2 C:\wamp64\www\inventory-management\vendor\codeigniter4\framework\system\View\View.php(213): CodeIgniter\View\View->CodeIgniter\View\{closure}()
#3 C:\wamp64\www\inventory-management\vendor\codeigniter4\framework\system\Common.php(1089): CodeIgniter\View\View->render('Products\\Views\\...', Array, true)
#4 C:\wamp64\www\inventory-management\Modules\Products\Controllers\Products.php(225): view('Products\\Views\\...', Array)
#5 C:\wamp64\www\inventory-management\vendor\codeigniter4\framework\system\CodeIgniter.php(832): Products\Controllers\Products->editProducts('3')
#6 C:\wamp64\www\inventory-management\vendor\codeigniter4\framework\system\CodeIgniter.php(419): CodeIgniter\CodeIgniter->runController(Object(Products\Controllers\Products))
#7 C:\wamp64\www\inventory-management\vendor\codeigniter4\framework\system\CodeIgniter.php(326): CodeIgniter\CodeIgniter->handleRequest(NULL, Object(Config\Cache), false)
#8 C:\wamp64\www\inventory-management\public\index.php(37): CodeIgniter\CodeIgniter->run()
#9 {main}
CRITICAL - 2024-07-21 14:17:29 --> Undefined property: stdClass::$buying_price
#0 C:\wamp64\www\inventory-management\Modules\Products\Views\products\edit.php(208): CodeIgniter\Debug\Exceptions->errorHandler(8, 'Undefined prope...', 'C:\\wamp64\\www\\i...', 208, Array)
#1 C:\wamp64\www\inventory-management\vendor\codeigniter4\framework\system\View\View.php(210): include('C:\\wamp64\\www\\i...')
#2 C:\wamp64\www\inventory-management\vendor\codeigniter4\framework\system\View\View.php(213): CodeIgniter\View\View->CodeIgniter\View\{closure}()
#3 C:\wamp64\www\inventory-management\vendor\codeigniter4\framework\system\Common.php(1089): CodeIgniter\View\View->render('Products\\Views\\...', Array, true)
#4 C:\wamp64\www\inventory-management\Modules\Products\Controllers\Products.php(225): view('Products\\Views\\...', Array)
#5 C:\wamp64\www\inventory-management\vendor\codeigniter4\framework\system\CodeIgniter.php(832): Products\Controllers\Products->editProducts('3')
#6 C:\wamp64\www\inventory-management\vendor\codeigniter4\framework\system\CodeIgniter.php(419): CodeIgniter\CodeIgniter->runController(Object(Products\Controllers\Products))
#7 C:\wamp64\www\inventory-management\vendor\codeigniter4\framework\system\CodeIgniter.php(326): CodeIgniter\CodeIgniter->handleRequest(NULL, Object(Config\Cache), false)
#8 C:\wamp64\www\inventory-management\public\index.php(37): CodeIgniter\CodeIgniter->run()
#9 {main}
CRITICAL - 2024-07-21 14:24:07 --> Undefined property: stdClass::$customer_price
#0 C:\wamp64\www\inventory-management\Modules\Products\Views\products\edit.php(213): CodeIgniter\Debug\Exceptions->errorHandler(8, 'Undefined prope...', 'C:\\wamp64\\www\\i...', 213, Array)
#1 C:\wamp64\www\inventory-management\vendor\codeigniter4\framework\system\View\View.php(210): include('C:\\wamp64\\www\\i...')
#2 C:\wamp64\www\inventory-management\vendor\codeigniter4\framework\system\View\View.php(213): CodeIgniter\View\View->CodeIgniter\View\{closure}()
#3 C:\wamp64\www\inventory-management\vendor\codeigniter4\framework\system\Common.php(1089): CodeIgniter\View\View->render('Products\\Views\\...', Array, true)
#4 C:\wamp64\www\inventory-management\Modules\Products\Controllers\Products.php(225): view('Products\\Views\\...', Array)
#5 C:\wamp64\www\inventory-management\vendor\codeigniter4\framework\system\CodeIgniter.php(832): Products\Controllers\Products->editProducts('3')
#6 C:\wamp64\www\inventory-management\vendor\codeigniter4\framework\system\CodeIgniter.php(419): CodeIgniter\CodeIgniter->runController(Object(Products\Controllers\Products))
#7 C:\wamp64\www\inventory-management\vendor\codeigniter4\framework\system\CodeIgniter.php(326): CodeIgniter\CodeIgniter->handleRequest(NULL, Object(Config\Cache), false)
#8 C:\wamp64\www\inventory-management\public\index.php(37): CodeIgniter\CodeIgniter->run()
#9 {main}
CRITICAL - 2024-07-21 14:24:41 --> Undefined property: stdClass::$tax_group_id
#0 C:\wamp64\www\inventory-management\Modules\Products\Views\products\edit.php(220): CodeIgniter\Debug\Exceptions->errorHandler(8, 'Undefined prope...', 'C:\\wamp64\\www\\i...', 220, Array)
#1 C:\wamp64\www\inventory-management\vendor\codeigniter4\framework\system\View\View.php(210): include('C:\\wamp64\\www\\i...')
#2 C:\wamp64\www\inventory-management\vendor\codeigniter4\framework\system\View\View.php(213): CodeIgniter\View\View->CodeIgniter\View\{closure}()
#3 C:\wamp64\www\inventory-management\vendor\codeigniter4\framework\system\Common.php(1089): CodeIgniter\View\View->render('Products\\Views\\...', Array, true)
#4 C:\wamp64\www\inventory-management\Modules\Products\Controllers\Products.php(225): view('Products\\Views\\...', Array)
#5 C:\wamp64\www\inventory-management\vendor\codeigniter4\framework\system\CodeIgniter.php(832): Products\Controllers\Products->editProducts('3')
#6 C:\wamp64\www\inventory-management\vendor\codeigniter4\framework\system\CodeIgniter.php(419): CodeIgniter\CodeIgniter->runController(Object(Products\Controllers\Products))
#7 C:\wamp64\www\inventory-management\vendor\codeigniter4\framework\system\CodeIgniter.php(326): CodeIgniter\CodeIgniter->handleRequest(NULL, Object(Config\Cache), false)
#8 C:\wamp64\www\inventory-management\public\index.php(37): CodeIgniter\CodeIgniter->run()
#9 {main}
CRITICAL - 2024-07-21 14:25:12 --> Undefined property: stdClass::$tax_group_id
#0 C:\wamp64\www\inventory-management\Modules\Products\Views\products\edit.php(220): CodeIgniter\Debug\Exceptions->errorHandler(8, 'Undefined prope...', 'C:\\wamp64\\www\\i...', 220, Array)
#1 C:\wamp64\www\inventory-management\vendor\codeigniter4\framework\system\View\View.php(210): include('C:\\wamp64\\www\\i...')
#2 C:\wamp64\www\inventory-management\vendor\codeigniter4\framework\system\View\View.php(213): CodeIgniter\View\View->CodeIgniter\View\{closure}()
#3 C:\wamp64\www\inventory-management\vendor\codeigniter4\framework\system\Common.php(1089): CodeIgniter\View\View->render('Products\\Views\\...', Array, true)
#4 C:\wamp64\www\inventory-management\Modules\Products\Controllers\Products.php(225): view('Products\\Views\\...', Array)
#5 C:\wamp64\www\inventory-management\vendor\codeigniter4\framework\system\CodeIgniter.php(832): Products\Controllers\Products->editProducts('3')
#6 C:\wamp64\www\inventory-management\vendor\codeigniter4\framework\system\CodeIgniter.php(419): CodeIgniter\CodeIgniter->runController(Object(Products\Controllers\Products))
#7 C:\wamp64\www\inventory-management\vendor\codeigniter4\framework\system\CodeIgniter.php(326): CodeIgniter\CodeIgniter->handleRequest(NULL, Object(Config\Cache), false)
#8 C:\wamp64\www\inventory-management\public\index.php(37): CodeIgniter\CodeIgniter->run()
#9 {main}
CRITICAL - 2024-07-21 17:19:28 --> Undefined property: stdClass::$productVariations
#0 C:\wamp64\www\inventory-management\Modules\Products\Views\products\edit.php(215): CodeIgniter\Debug\Exceptions->errorHandler(8, 'Undefined prope...', 'C:\\wamp64\\www\\i...', 215, Array)
#1 C:\wamp64\www\inventory-management\vendor\codeigniter4\framework\system\View\View.php(210): include('C:\\wamp64\\www\\i...')
#2 C:\wamp64\www\inventory-management\vendor\codeigniter4\framework\system\View\View.php(213): CodeIgniter\View\View->CodeIgniter\View\{closure}()
#3 C:\wamp64\www\inventory-management\vendor\codeigniter4\framework\system\Common.php(1089): CodeIgniter\View\View->render('Products\\Views\\...', Array, true)
#4 C:\wamp64\www\inventory-management\Modules\Products\Controllers\Products.php(225): view('Products\\Views\\...', Array)
#5 C:\wamp64\www\inventory-management\vendor\codeigniter4\framework\system\CodeIgniter.php(832): Products\Controllers\Products->editProducts('3')
#6 C:\wamp64\www\inventory-management\vendor\codeigniter4\framework\system\CodeIgniter.php(419): CodeIgniter\CodeIgniter->runController(Object(Products\Controllers\Products))
#7 C:\wamp64\www\inventory-management\vendor\codeigniter4\framework\system\CodeIgniter.php(326): CodeIgniter\CodeIgniter->handleRequest(NULL, Object(Config\Cache), false)
#8 C:\wamp64\www\inventory-management\public\index.php(37): CodeIgniter\CodeIgniter->run()
#9 {main}
CRITICAL - 2024-07-21 17:27:17 --> Undefined property: stdClass::$tax_rate
#0 C:\wamp64\www\inventory-management\Modules\Products\Views\products\edit.php(184): CodeIgniter\Debug\Exceptions->errorHandler(8, 'Undefined prope...', 'C:\\wamp64\\www\\i...', 184, Array)
#1 C:\wamp64\www\inventory-management\vendor\codeigniter4\framework\system\View\View.php(210): include('C:\\wamp64\\www\\i...')
#2 C:\wamp64\www\inventory-management\vendor\codeigniter4\framework\system\View\View.php(213): CodeIgniter\View\View->CodeIgniter\View\{closure}()
#3 C:\wamp64\www\inventory-management\vendor\codeigniter4\framework\system\Common.php(1089): CodeIgniter\View\View->render('Products\\Views\\...', Array, true)
#4 C:\wamp64\www\inventory-management\Modules\Products\Controllers\Products.php(225): view('Products\\Views\\...', Array)
#5 C:\wamp64\www\inventory-management\vendor\codeigniter4\framework\system\CodeIgniter.php(832): Products\Controllers\Products->editProducts('3')
#6 C:\wamp64\www\inventory-management\vendor\codeigniter4\framework\system\CodeIgniter.php(419): CodeIgniter\CodeIgniter->runController(Object(Products\Controllers\Products))
#7 C:\wamp64\www\inventory-management\vendor\codeigniter4\framework\system\CodeIgniter.php(326): CodeIgniter\CodeIgniter->handleRequest(NULL, Object(Config\Cache), false)
#8 C:\wamp64\www\inventory-management\public\index.php(37): CodeIgniter\CodeIgniter->run()
#9 {main}
CRITICAL - 2024-07-21 17:36:13 --> Undefined property: stdClass::$tax_rate
#0 C:\wamp64\www\inventory-management\Modules\Products\Views\products\edit.php(184): CodeIgniter\Debug\Exceptions->errorHandler(8, 'Undefined prope...', 'C:\\wamp64\\www\\i...', 184, Array)
#1 C:\wamp64\www\inventory-management\vendor\codeigniter4\framework\system\View\View.php(210): include('C:\\wamp64\\www\\i...')
#2 C:\wamp64\www\inventory-management\vendor\codeigniter4\framework\system\View\View.php(213): CodeIgniter\View\View->CodeIgniter\View\{closure}()
#3 C:\wamp64\www\inventory-management\vendor\codeigniter4\framework\system\Common.php(1089): CodeIgniter\View\View->render('Products\\Views\\...', Array, true)
#4 C:\wamp64\www\inventory-management\Modules\Products\Controllers\Products.php(225): view('Products\\Views\\...', Array)
#5 C:\wamp64\www\inventory-management\vendor\codeigniter4\framework\system\CodeIgniter.php(832): Products\Controllers\Products->editProducts('3')
#6 C:\wamp64\www\inventory-management\vendor\codeigniter4\framework\system\CodeIgniter.php(419): CodeIgniter\CodeIgniter->runController(Object(Products\Controllers\Products))
#7 C:\wamp64\www\inventory-management\vendor\codeigniter4\framework\system\CodeIgniter.php(326): CodeIgniter\CodeIgniter->handleRequest(NULL, Object(Config\Cache), false)
#8 C:\wamp64\www\inventory-management\public\index.php(37): CodeIgniter\CodeIgniter->run()
#9 {main}
CRITICAL - 2024-07-21 17:36:55 --> Undefined property: stdClass::$tax_rate
#0 C:\wamp64\www\inventory-management\Modules\Products\Views\products\edit.php(184): CodeIgniter\Debug\Exceptions->errorHandler(8, 'Undefined prope...', 'C:\\wamp64\\www\\i...', 184, Array)
#1 C:\wamp64\www\inventory-management\vendor\codeigniter4\framework\system\View\View.php(210): include('C:\\wamp64\\www\\i...')
#2 C:\wamp64\www\inventory-management\vendor\codeigniter4\framework\system\View\View.php(213): CodeIgniter\View\View->CodeIgniter\View\{closure}()
#3 C:\wamp64\www\inventory-management\vendor\codeigniter4\framework\system\Common.php(1089): CodeIgniter\View\View->render('Products\\Views\\...', Array, true)
#4 C:\wamp64\www\inventory-management\Modules\Products\Controllers\Products.php(225): view('Products\\Views\\...', Array)
#5 C:\wamp64\www\inventory-management\vendor\codeigniter4\framework\system\CodeIgniter.php(832): Products\Controllers\Products->editProducts('2')
#6 C:\wamp64\www\inventory-management\vendor\codeigniter4\framework\system\CodeIgniter.php(419): CodeIgniter\CodeIgniter->runController(Object(Products\Controllers\Products))
#7 C:\wamp64\www\inventory-management\vendor\codeigniter4\framework\system\CodeIgniter.php(326): CodeIgniter\CodeIgniter->handleRequest(NULL, Object(Config\Cache), false)
#8 C:\wamp64\www\inventory-management\public\index.php(37): CodeIgniter\CodeIgniter->run()
#9 {main}
CRITICAL - 2024-07-21 17:46:26 --> Undefined property: stdClass::$tax_rate
#0 C:\wamp64\www\inventory-management\Modules\Products\Views\products\edit.php(184): CodeIgniter\Debug\Exceptions->errorHandler(8, 'Undefined prope...', 'C:\\wamp64\\www\\i...', 184, Array)
#1 C:\wamp64\www\inventory-management\vendor\codeigniter4\framework\system\View\View.php(210): include('C:\\wamp64\\www\\i...')
#2 C:\wamp64\www\inventory-management\vendor\codeigniter4\framework\system\View\View.php(213): CodeIgniter\View\View->CodeIgniter\View\{closure}()
#3 C:\wamp64\www\inventory-management\vendor\codeigniter4\framework\system\Common.php(1089): CodeIgniter\View\View->render('Products\\Views\\...', Array, true)
#4 C:\wamp64\www\inventory-management\Modules\Products\Controllers\Products.php(225): view('Products\\Views\\...', Array)
#5 C:\wamp64\www\inventory-management\vendor\codeigniter4\framework\system\CodeIgniter.php(832): Products\Controllers\Products->editProducts('4')
#6 C:\wamp64\www\inventory-management\vendor\codeigniter4\framework\system\CodeIgniter.php(419): CodeIgniter\CodeIgniter->runController(Object(Products\Controllers\Products))
#7 C:\wamp64\www\inventory-management\vendor\codeigniter4\framework\system\CodeIgniter.php(326): CodeIgniter\CodeIgniter->handleRequest(NULL, Object(Config\Cache), false)
#8 C:\wamp64\www\inventory-management\public\index.php(37): CodeIgniter\CodeIgniter->run()
#9 {main}
CRITICAL - 2024-07-21 17:46:31 --> Undefined property: stdClass::$tax_rate
#0 C:\wamp64\www\inventory-management\Modules\Products\Views\products\edit.php(184): CodeIgniter\Debug\Exceptions->errorHandler(8, 'Undefined prope...', 'C:\\wamp64\\www\\i...', 184, Array)
#1 C:\wamp64\www\inventory-management\vendor\codeigniter4\framework\system\View\View.php(210): include('C:\\wamp64\\www\\i...')
#2 C:\wamp64\www\inventory-management\vendor\codeigniter4\framework\system\View\View.php(213): CodeIgniter\View\View->CodeIgniter\View\{closure}()
#3 C:\wamp64\www\inventory-management\vendor\codeigniter4\framework\system\Common.php(1089): CodeIgniter\View\View->render('Products\\Views\\...', Array, true)
#4 C:\wamp64\www\inventory-management\Modules\Products\Controllers\Products.php(225): view('Products\\Views\\...', Array)
#5 C:\wamp64\www\inventory-management\vendor\codeigniter4\framework\system\CodeIgniter.php(832): Products\Controllers\Products->editProducts('1')
#6 C:\wamp64\www\inventory-management\vendor\codeigniter4\framework\system\CodeIgniter.php(419): CodeIgniter\CodeIgniter->runController(Object(Products\Controllers\Products))
#7 C:\wamp64\www\inventory-management\vendor\codeigniter4\framework\system\CodeIgniter.php(326): CodeIgniter\CodeIgniter->handleRequest(NULL, Object(Config\Cache), false)
#8 C:\wamp64\www\inventory-management\public\index.php(37): CodeIgniter\CodeIgniter->run()
#9 {main}
CRITICAL - 2024-07-21 17:54:02 --> Undefined property: stdClass::$tax_rate
#0 C:\wamp64\www\inventory-management\Modules\Products\Views\products\edit.php(184): CodeIgniter\Debug\Exceptions->errorHandler(8, 'Undefined prope...', 'C:\\wamp64\\www\\i...', 184, Array)
#1 C:\wamp64\www\inventory-management\vendor\codeigniter4\framework\system\View\View.php(210): include('C:\\wamp64\\www\\i...')
#2 C:\wamp64\www\inventory-management\vendor\codeigniter4\framework\system\View\View.php(213): CodeIgniter\View\View->CodeIgniter\View\{closure}()
#3 C:\wamp64\www\inventory-management\vendor\codeigniter4\framework\system\Common.php(1089): CodeIgniter\View\View->render('Products\\Views\\...', Array, true)
#4 C:\wamp64\www\inventory-management\Modules\Products\Controllers\Products.php(227): view('Products\\Views\\...', Array)
#5 C:\wamp64\www\inventory-management\vendor\codeigniter4\framework\system\CodeIgniter.php(832): Products\Controllers\Products->editProducts('1')
#6 C:\wamp64\www\inventory-management\vendor\codeigniter4\framework\system\CodeIgniter.php(419): CodeIgniter\CodeIgniter->runController(Object(Products\Controllers\Products))
#7 C:\wamp64\www\inventory-management\vendor\codeigniter4\framework\system\CodeIgniter.php(326): CodeIgniter\CodeIgniter->handleRequest(NULL, Object(Config\Cache), false)
#8 C:\wamp64\www\inventory-management\public\index.php(37): CodeIgniter\CodeIgniter->run()
#9 {main}
CRITICAL - 2024-07-21 17:57:40 --> Undefined property: stdClass::$tax_rate
#0 C:\wamp64\www\inventory-management\Modules\Products\Views\products\edit.php(184): CodeIgniter\Debug\Exceptions->errorHandler(8, 'Undefined prope...', 'C:\\wamp64\\www\\i...', 184, Array)
#1 C:\wamp64\www\inventory-management\vendor\codeigniter4\framework\system\View\View.php(210): include('C:\\wamp64\\www\\i...')
#2 C:\wamp64\www\inventory-management\vendor\codeigniter4\framework\system\View\View.php(213): CodeIgniter\View\View->CodeIgniter\View\{closure}()
#3 C:\wamp64\www\inventory-management\vendor\codeigniter4\framework\system\Common.php(1089): CodeIgniter\View\View->render('Products\\Views\\...', Array, true)
#4 C:\wamp64\www\inventory-management\Modules\Products\Controllers\Products.php(227): view('Products\\Views\\...', Array)
#5 C:\wamp64\www\inventory-management\vendor\codeigniter4\framework\system\CodeIgniter.php(832): Products\Controllers\Products->editProducts('1')
#6 C:\wamp64\www\inventory-management\vendor\codeigniter4\framework\system\CodeIgniter.php(419): CodeIgniter\CodeIgniter->runController(Object(Products\Controllers\Products))
#7 C:\wamp64\www\inventory-management\vendor\codeigniter4\framework\system\CodeIgniter.php(326): CodeIgniter\CodeIgniter->handleRequest(NULL, Object(Config\Cache), false)
#8 C:\wamp64\www\inventory-management\public\index.php(37): CodeIgniter\CodeIgniter->run()
#9 {main}
CRITICAL - 2024-07-21 18:01:50 --> Undefined property: stdClass::$tax_rate
#0 C:\wamp64\www\inventory-management\Modules\Products\Views\products\edit.php(184): CodeIgniter\Debug\Exceptions->errorHandler(8, 'Undefined prope...', 'C:\\wamp64\\www\\i...', 184, Array)
#1 C:\wamp64\www\inventory-management\vendor\codeigniter4\framework\system\View\View.php(210): include('C:\\wamp64\\www\\i...')
#2 C:\wamp64\www\inventory-management\vendor\codeigniter4\framework\system\View\View.php(213): CodeIgniter\View\View->CodeIgniter\View\{closure}()
#3 C:\wamp64\www\inventory-management\vendor\codeigniter4\framework\system\Common.php(1089): CodeIgniter\View\View->render('Products\\Views\\...', Array, true)
#4 C:\wamp64\www\inventory-management\Modules\Products\Controllers\Products.php(227): view('Products\\Views\\...', Array)
#5 C:\wamp64\www\inventory-management\vendor\codeigniter4\framework\system\CodeIgniter.php(832): Products\Controllers\Products->editProducts('4')
#6 C:\wamp64\www\inventory-management\vendor\codeigniter4\framework\system\CodeIgniter.php(419): CodeIgniter\CodeIgniter->runController(Object(Products\Controllers\Products))
#7 C:\wamp64\www\inventory-management\vendor\codeigniter4\framework\system\CodeIgniter.php(326): CodeIgniter\CodeIgniter->handleRequest(NULL, Object(Config\Cache), false)
#8 C:\wamp64\www\inventory-management\public\index.php(37): CodeIgniter\CodeIgniter->run()
#9 {main}
CRITICAL - 2024-07-21 19:07:16 --> Undefined property: stdClass::$variation_name
#0 C:\wamp64\www\inventory-management\Modules\Products\Views\products\edit.php(205): CodeIgniter\Debug\Exceptions->errorHandler(8, 'Undefined prope...', 'C:\\wamp64\\www\\i...', 205, Array)
#1 C:\wamp64\www\inventory-management\vendor\codeigniter4\framework\system\View\View.php(210): include('C:\\wamp64\\www\\i...')
#2 C:\wamp64\www\inventory-management\vendor\codeigniter4\framework\system\View\View.php(213): CodeIgniter\View\View->CodeIgniter\View\{closure}()
#3 C:\wamp64\www\inventory-management\vendor\codeigniter4\framework\system\Common.php(1089): CodeIgniter\View\View->render('Products\\Views\\...', Array, true)
#4 C:\wamp64\www\inventory-management\Modules\Products\Controllers\Products.php(227): view('Products\\Views\\...', Array)
#5 C:\wamp64\www\inventory-management\vendor\codeigniter4\framework\system\CodeIgniter.php(832): Products\Controllers\Products->editProducts('4')
#6 C:\wamp64\www\inventory-management\vendor\codeigniter4\framework\system\CodeIgniter.php(419): CodeIgniter\CodeIgniter->runController(Object(Products\Controllers\Products))
#7 C:\wamp64\www\inventory-management\vendor\codeigniter4\framework\system\CodeIgniter.php(326): CodeIgniter\CodeIgniter->handleRequest(NULL, Object(Config\Cache), false)
#8 C:\wamp64\www\inventory-management\public\index.php(37): CodeIgniter\CodeIgniter->run()
#9 {main}
CRITICAL - 2024-07-21 19:07:57 --> Undefined property: stdClass::$variation_name
#0 C:\wamp64\www\inventory-management\Modules\Products\Views\products\edit.php(223): CodeIgniter\Debug\Exceptions->errorHandler(8, 'Undefined prope...', 'C:\\wamp64\\www\\i...', 223, Array)
#1 C:\wamp64\www\inventory-management\vendor\codeigniter4\framework\system\View\View.php(210): include('C:\\wamp64\\www\\i...')
#2 C:\wamp64\www\inventory-management\vendor\codeigniter4\framework\system\View\View.php(213): CodeIgniter\View\View->CodeIgniter\View\{closure}()
#3 C:\wamp64\www\inventory-management\vendor\codeigniter4\framework\system\Common.php(1089): CodeIgniter\View\View->render('Products\\Views\\...', Array, true)
#4 C:\wamp64\www\inventory-management\Modules\Products\Controllers\Products.php(227): view('Products\\Views\\...', Array)
#5 C:\wamp64\www\inventory-management\vendor\codeigniter4\framework\system\CodeIgniter.php(832): Products\Controllers\Products->editProducts('4')
#6 C:\wamp64\www\inventory-management\vendor\codeigniter4\framework\system\CodeIgniter.php(419): CodeIgniter\CodeIgniter->runController(Object(Products\Controllers\Products))
#7 C:\wamp64\www\inventory-management\vendor\codeigniter4\framework\system\CodeIgniter.php(326): CodeIgniter\CodeIgniter->handleRequest(NULL, Object(Config\Cache), false)
#8 C:\wamp64\www\inventory-management\public\index.php(37): CodeIgniter\CodeIgniter->run()
#9 {main}
CRITICAL - 2024-07-21 19:15:16 --> Undefined property: stdClass::$variation_name_id
#0 C:\wamp64\www\inventory-management\Modules\Products\Views\products\edit.php(224): CodeIgniter\Debug\Exceptions->errorHandler(8, 'Undefined prope...', 'C:\\wamp64\\www\\i...', 224, Array)
#1 C:\wamp64\www\inventory-management\vendor\codeigniter4\framework\system\View\View.php(210): include('C:\\wamp64\\www\\i...')
#2 C:\wamp64\www\inventory-management\vendor\codeigniter4\framework\system\View\View.php(213): CodeIgniter\View\View->CodeIgniter\View\{closure}()
#3 C:\wamp64\www\inventory-management\vendor\codeigniter4\framework\system\Common.php(1089): CodeIgniter\View\View->render('Products\\Views\\...', Array, true)
#4 C:\wamp64\www\inventory-management\Modules\Products\Controllers\Products.php(227): view('Products\\Views\\...', Array)
#5 C:\wamp64\www\inventory-management\vendor\codeigniter4\framework\system\CodeIgniter.php(832): Products\Controllers\Products->editProducts('4')
#6 C:\wamp64\www\inventory-management\vendor\codeigniter4\framework\system\CodeIgniter.php(419): CodeIgniter\CodeIgniter->runController(Object(Products\Controllers\Products))
#7 C:\wamp64\www\inventory-management\vendor\codeigniter4\framework\system\CodeIgniter.php(326): CodeIgniter\CodeIgniter->handleRequest(NULL, Object(Config\Cache), false)
#8 C:\wamp64\www\inventory-management\public\index.php(37): CodeIgniter\CodeIgniter->run()
#9 {main}
CRITICAL - 2024-07-21 19:15:49 --> Undefined variable: variation_values
#0 C:\wamp64\www\inventory-management\Modules\Products\Views\products\edit.php(233): CodeIgniter\Debug\Exceptions->errorHandler(8, 'Undefined varia...', 'C:\\wamp64\\www\\i...', 233, Array)
#1 C:\wamp64\www\inventory-management\vendor\codeigniter4\framework\system\View\View.php(210): include('C:\\wamp64\\www\\i...')
#2 C:\wamp64\www\inventory-management\vendor\codeigniter4\framework\system\View\View.php(213): CodeIgniter\View\View->CodeIgniter\View\{closure}()
#3 C:\wamp64\www\inventory-management\vendor\codeigniter4\framework\system\Common.php(1089): CodeIgniter\View\View->render('Products\\Views\\...', Array, true)
#4 C:\wamp64\www\inventory-management\Modules\Products\Controllers\Products.php(227): view('Products\\Views\\...', Array)
#5 C:\wamp64\www\inventory-management\vendor\codeigniter4\framework\system\CodeIgniter.php(832): Products\Controllers\Products->editProducts('4')
#6 C:\wamp64\www\inventory-management\vendor\codeigniter4\framework\system\CodeIgniter.php(419): CodeIgniter\CodeIgniter->runController(Object(Products\Controllers\Products))
#7 C:\wamp64\www\inventory-management\vendor\codeigniter4\framework\system\CodeIgniter.php(326): CodeIgniter\CodeIgniter->handleRequest(NULL, Object(Config\Cache), false)
#8 C:\wamp64\www\inventory-management\public\index.php(37): CodeIgniter\CodeIgniter->run()
#9 {main}
CRITICAL - 2024-07-21 21:02:59 --> Undefined property: stdClass::$variation_name_id
#0 C:\wamp64\www\inventory-management\Modules\Products\Views\products\edit.php(226): CodeIgniter\Debug\Exceptions->errorHandler(8, 'Undefined prope...', 'C:\\wamp64\\www\\i...', 226, Array)
#1 C:\wamp64\www\inventory-management\vendor\codeigniter4\framework\system\View\View.php(210): include('C:\\wamp64\\www\\i...')
#2 C:\wamp64\www\inventory-management\vendor\codeigniter4\framework\system\View\View.php(213): CodeIgniter\View\View->CodeIgniter\View\{closure}()
#3 C:\wamp64\www\inventory-management\vendor\codeigniter4\framework\system\Common.php(1089): CodeIgniter\View\View->render('Products\\Views\\...', Array, true)
#4 C:\wamp64\www\inventory-management\Modules\Products\Controllers\Products.php(227): view('Products\\Views\\...', Array)
#5 C:\wamp64\www\inventory-management\vendor\codeigniter4\framework\system\CodeIgniter.php(832): Products\Controllers\Products->editProducts('4')
#6 C:\wamp64\www\inventory-management\vendor\codeigniter4\framework\system\CodeIgniter.php(419): CodeIgniter\CodeIgniter->runController(Object(Products\Controllers\Products))
#7 C:\wamp64\www\inventory-management\vendor\codeigniter4\framework\system\CodeIgniter.php(326): CodeIgniter\CodeIgniter->handleRequest(NULL, Object(Config\Cache), false)
#8 C:\wamp64\www\inventory-management\public\index.php(37): CodeIgniter\CodeIgniter->run()
#9 {main}
CRITICAL - 2024-07-21 21:07:48 --> Cannot use object of type stdClass as array
#0 C:\wamp64\www\inventory-management\vendor\codeigniter4\framework\system\View\View.php(210): include()
#1 C:\wamp64\www\inventory-management\vendor\codeigniter4\framework\system\View\View.php(213): CodeIgniter\View\View->CodeIgniter\View\{closure}()
#2 C:\wamp64\www\inventory-management\vendor\codeigniter4\framework\system\Common.php(1089): CodeIgniter\View\View->render('Products\\Views\\...', Array, true)
#3 C:\wamp64\www\inventory-management\Modules\Products\Controllers\Products.php(227): view('Products\\Views\\...', Array)
#4 C:\wamp64\www\inventory-management\vendor\codeigniter4\framework\system\CodeIgniter.php(832): Products\Controllers\Products->editProducts('4')
#5 C:\wamp64\www\inventory-management\vendor\codeigniter4\framework\system\CodeIgniter.php(419): CodeIgniter\CodeIgniter->runController(Object(Products\Controllers\Products))
#6 C:\wamp64\www\inventory-management\vendor\codeigniter4\framework\system\CodeIgniter.php(326): CodeIgniter\CodeIgniter->handleRequest(NULL, Object(Config\Cache), false)
#7 C:\wamp64\www\inventory-management\public\index.php(37): CodeIgniter\CodeIgniter->run()
#8 {main}
CRITICAL - 2024-07-21 21:07:56 --> Cannot use object of type stdClass as array
#0 C:\wamp64\www\inventory-management\vendor\codeigniter4\framework\system\View\View.php(210): include()
#1 C:\wamp64\www\inventory-management\vendor\codeigniter4\framework\system\View\View.php(213): CodeIgniter\View\View->CodeIgniter\View\{closure}()
#2 C:\wamp64\www\inventory-management\vendor\codeigniter4\framework\system\Common.php(1089): CodeIgniter\View\View->render('Products\\Views\\...', Array, true)
#3 C:\wamp64\www\inventory-management\Modules\Products\Controllers\Products.php(227): view('Products\\Views\\...', Array)
#4 C:\wamp64\www\inventory-management\vendor\codeigniter4\framework\system\CodeIgniter.php(832): Products\Controllers\Products->editProducts('4')
#5 C:\wamp64\www\inventory-management\vendor\codeigniter4\framework\system\CodeIgniter.php(419): CodeIgniter\CodeIgniter->runController(Object(Products\Controllers\Products))
#6 C:\wamp64\www\inventory-management\vendor\codeigniter4\framework\system\CodeIgniter.php(326): CodeIgniter\CodeIgniter->handleRequest(NULL, Object(Config\Cache), false)
#7 C:\wamp64\www\inventory-management\public\index.php(37): CodeIgniter\CodeIgniter->run()
#8 {main}
CRITICAL - 2024-07-21 21:08:06 --> Cannot use object of type stdClass as array
#0 C:\wamp64\www\inventory-management\vendor\codeigniter4\framework\system\View\View.php(210): include()
#1 C:\wamp64\www\inventory-management\vendor\codeigniter4\framework\system\View\View.php(213): CodeIgniter\View\View->CodeIgniter\View\{closure}()
#2 C:\wamp64\www\inventory-management\vendor\codeigniter4\framework\system\Common.php(1089): CodeIgniter\View\View->render('Products\\Views\\...', Array, true)
#3 C:\wamp64\www\inventory-management\Modules\Products\Controllers\Products.php(227): view('Products\\Views\\...', Array)
#4 C:\wamp64\www\inventory-management\vendor\codeigniter4\framework\system\CodeIgniter.php(832): Products\Controllers\Products->editProducts('4')
#5 C:\wamp64\www\inventory-management\vendor\codeigniter4\framework\system\CodeIgniter.php(419): CodeIgniter\CodeIgniter->runController(Object(Products\Controllers\Products))
#6 C:\wamp64\www\inventory-management\vendor\codeigniter4\framework\system\CodeIgniter.php(326): CodeIgniter\CodeIgniter->handleRequest(NULL, Object(Config\Cache), false)
#7 C:\wamp64\www\inventory-management\public\index.php(37): CodeIgniter\CodeIgniter->run()
#8 {main}
