CRITICAL - 2024-05-17 12:19:10 --> Undefined property: stdClass::$tax_rate
#0 C:\wamp64\www\inventory-management\Modules\Products\Views\products\add.php(147): CodeIgniter\Debug\Exceptions->errorHandler(8, 'Undefined prope...', 'C:\\wamp64\\www\\i...', 147, Array)
#1 C:\wamp64\www\inventory-management\vendor\codeigniter4\framework\system\View\View.php(210): include('C:\\wamp64\\www\\i...')
#2 C:\wamp64\www\inventory-management\vendor\codeigniter4\framework\system\View\View.php(213): CodeIgniter\View\View->CodeIgniter\View\{closure}()
#3 C:\wamp64\www\inventory-management\vendor\codeigniter4\framework\system\Common.php(1089): CodeIgniter\View\View->render('Products\\Views\\...', Array, true)
#4 C:\wamp64\www\inventory-management\Modules\Products\Controllers\Products.php(68): view('Products\\Views\\...', Array)
#5 C:\wamp64\www\inventory-management\vendor\codeigniter4\framework\system\CodeIgniter.php(832): Products\Controllers\Products->addProducts()
#6 C:\wamp64\www\inventory-management\vendor\codeigniter4\framework\system\CodeIgniter.php(419): CodeIgniter\CodeIgniter->runController(Object(Products\Controllers\Products))
#7 C:\wamp64\www\inventory-management\vendor\codeigniter4\framework\system\CodeIgniter.php(326): CodeIgniter\CodeIgniter->handleRequest(NULL, Object(Config\Cache), false)
#8 C:\wamp64\www\inventory-management\public\index.php(37): CodeIgniter\CodeIgniter->run()
#9 {main}
CRITICAL - 2024-05-17 12:19:39 --> Undefined property: stdClass::$tax_rate
#0 C:\wamp64\www\inventory-management\Modules\Products\Views\products\add.php(147): CodeIgniter\Debug\Exceptions->errorHandler(8, 'Undefined prope...', 'C:\\wamp64\\www\\i...', 147, Array)
#1 C:\wamp64\www\inventory-management\vendor\codeigniter4\framework\system\View\View.php(210): include('C:\\wamp64\\www\\i...')
#2 C:\wamp64\www\inventory-management\vendor\codeigniter4\framework\system\View\View.php(213): CodeIgniter\View\View->CodeIgniter\View\{closure}()
#3 C:\wamp64\www\inventory-management\vendor\codeigniter4\framework\system\Common.php(1089): CodeIgniter\View\View->render('Products\\Views\\...', Array, true)
#4 C:\wamp64\www\inventory-management\Modules\Products\Controllers\Products.php(68): view('Products\\Views\\...', Array)
#5 C:\wamp64\www\inventory-management\vendor\codeigniter4\framework\system\CodeIgniter.php(832): Products\Controllers\Products->addProducts()
#6 C:\wamp64\www\inventory-management\vendor\codeigniter4\framework\system\CodeIgniter.php(419): CodeIgniter\CodeIgniter->runController(Object(Products\Controllers\Products))
#7 C:\wamp64\www\inventory-management\vendor\codeigniter4\framework\system\CodeIgniter.php(326): CodeIgniter\CodeIgniter->handleRequest(NULL, Object(Config\Cache), false)
#8 C:\wamp64\www\inventory-management\public\index.php(37): CodeIgniter\CodeIgniter->run()
#9 {main}
CRITICAL - 2024-05-17 12:26:00 --> Undefined property: stdClass::$tax_rate
#0 C:\wamp64\www\inventory-management\Modules\Products\Views\products\add.php(147): CodeIgniter\Debug\Exceptions->errorHandler(8, 'Undefined prope...', 'C:\\wamp64\\www\\i...', 147, Array)
#1 C:\wamp64\www\inventory-management\vendor\codeigniter4\framework\system\View\View.php(210): include('C:\\wamp64\\www\\i...')
#2 C:\wamp64\www\inventory-management\vendor\codeigniter4\framework\system\View\View.php(213): CodeIgniter\View\View->CodeIgniter\View\{closure}()
#3 C:\wamp64\www\inventory-management\vendor\codeigniter4\framework\system\Common.php(1089): CodeIgniter\View\View->render('Products\\Views\\...', Array, true)
#4 C:\wamp64\www\inventory-management\Modules\Products\Controllers\Products.php(68): view('Products\\Views\\...', Array)
#5 C:\wamp64\www\inventory-management\vendor\codeigniter4\framework\system\CodeIgniter.php(832): Products\Controllers\Products->addProducts()
#6 C:\wamp64\www\inventory-management\vendor\codeigniter4\framework\system\CodeIgniter.php(419): CodeIgniter\CodeIgniter->runController(Object(Products\Controllers\Products))
#7 C:\wamp64\www\inventory-management\vendor\codeigniter4\framework\system\CodeIgniter.php(326): CodeIgniter\CodeIgniter->handleRequest(NULL, Object(Config\Cache), false)
#8 C:\wamp64\www\inventory-management\public\index.php(37): CodeIgniter\CodeIgniter->run()
#9 {main}
