CRITICAL - 2024-04-03 09:49:34 --> Undefined variable: groupId
#0 C:\wamp64\www\pos\Modules\Products\Views\tax-rates\edit.php(18): CodeIgniter\Debug\Exceptions->errorHandler(8, 'Undefined varia...', 'C:\\wamp64\\www\\p...', 18, Array)
#1 C:\wamp64\www\pos\vendor\codeigniter4\framework\system\View\View.php(210): include('C:\\wamp64\\www\\p...')
#2 C:\wamp64\www\pos\vendor\codeigniter4\framework\system\View\View.php(213): CodeIgniter\View\View->CodeIgniter\View\{closure}()
#3 C:\wamp64\www\pos\vendor\codeigniter4\framework\system\Common.php(1089): CodeIgniter\View\View->render('Products\\Views\\...', Array, true)
#4 C:\wamp64\www\pos\Modules\Products\Controllers\TaxRates.php(73): view('Products\\Views\\...', Array)
#5 C:\wamp64\www\pos\vendor\codeigniter4\framework\system\CodeIgniter.php(832): Products\Controllers\TaxRates->editTaxRates('4')
#6 C:\wamp64\www\pos\vendor\codeigniter4\framework\system\CodeIgniter.php(419): CodeIgniter\CodeIgniter->runController(Object(Products\Controllers\TaxRates))
#7 C:\wamp64\www\pos\vendor\codeigniter4\framework\system\CodeIgniter.php(326): CodeIgniter\CodeIgniter->handleRequest(NULL, Object(Config\Cache), false)
#8 C:\wamp64\www\pos\public\index.php(37): CodeIgniter\CodeIgniter->run()
#9 {main}
CRITICAL - 2024-04-03 09:50:32 --> Too few arguments to function Products\Controllers\TaxRates::taxRates(), 0 passed in C:\wamp64\www\pos\vendor\codeigniter4\framework\system\CodeIgniter.php on line 832 and exactly 1 expected
#0 C:\wamp64\www\pos\vendor\codeigniter4\framework\system\CodeIgniter.php(832): Products\Controllers\TaxRates->taxRates()
#1 C:\wamp64\www\pos\vendor\codeigniter4\framework\system\CodeIgniter.php(419): CodeIgniter\CodeIgniter->runController(Object(Products\Controllers\TaxRates))
#2 C:\wamp64\www\pos\vendor\codeigniter4\framework\system\CodeIgniter.php(326): CodeIgniter\CodeIgniter->handleRequest(NULL, Object(Config\Cache), false)
#3 C:\wamp64\www\pos\public\index.php(37): CodeIgniter\CodeIgniter->run()
#4 {main}
CRITICAL - 2024-04-03 10:00:44 --> Too few arguments to function Products\Controllers\TaxRates::taxRates(), 0 passed in C:\wamp64\www\pos\vendor\codeigniter4\framework\system\CodeIgniter.php on line 832 and exactly 1 expected
#0 C:\wamp64\www\pos\vendor\codeigniter4\framework\system\CodeIgniter.php(832): Products\Controllers\TaxRates->taxRates()
#1 C:\wamp64\www\pos\vendor\codeigniter4\framework\system\CodeIgniter.php(419): CodeIgniter\CodeIgniter->runController(Object(Products\Controllers\TaxRates))
#2 C:\wamp64\www\pos\vendor\codeigniter4\framework\system\CodeIgniter.php(326): CodeIgniter\CodeIgniter->handleRequest(NULL, Object(Config\Cache), false)
#3 C:\wamp64\www\pos\public\index.php(37): CodeIgniter\CodeIgniter->run()
#4 {main}
