ERROR - 2024-06-22 18:02:21 --> Unknown column 'variation_value' in 'where clause'
CRITICAL - 2024-06-22 18:02:21 --> Unknown column 'variation_value' in 'where clause'
#0 C:\wamp64\www\inventory-management\vendor\codeigniter4\framework\system\Database\MySQLi\Connection.php(292): mysqli->query('SELECT *\nFROM `...', 0)
#1 C:\wamp64\www\inventory-management\vendor\codeigniter4\framework\system\Database\BaseConnection.php(670): CodeIgniter\Database\MySQLi\Connection->execute('SELECT *\nFROM `...')
#2 C:\wamp64\www\inventory-management\vendor\codeigniter4\framework\system\Database\BaseConnection.php(598): CodeIgniter\Database\BaseConnection->simpleQuery('SELECT *\nFROM `...')
#3 C:\wamp64\www\inventory-management\vendor\codeigniter4\framework\system\Database\BaseBuilder.php(1455): CodeIgniter\Database\BaseConnection->query('SELECT *\nFROM `...', Array, false)
#4 C:\wamp64\www\inventory-management\vendor\codeigniter4\framework\system\Model.php(183): CodeIgniter\Database\BaseBuilder->get()
#5 C:\wamp64\www\inventory-management\vendor\codeigniter4\framework\system\BaseModel.php(584): CodeIgniter\Model->doFindAll(0, 0)
#6 C:\wamp64\www\inventory-management\Modules\Purchases\Controllers\Purchases.php(197): CodeIgniter\BaseModel->findAll()
#7 C:\wamp64\www\inventory-management\vendor\codeigniter4\framework\system\CodeIgniter.php(832): Purchases\Controllers\Purchases->searchProducts()
#8 C:\wamp64\www\inventory-management\vendor\codeigniter4\framework\system\CodeIgniter.php(419): CodeIgniter\CodeIgniter->runController(Object(Purchases\Controllers\Purchases))
#9 C:\wamp64\www\inventory-management\vendor\codeigniter4\framework\system\CodeIgniter.php(326): CodeIgniter\CodeIgniter->handleRequest(NULL, Object(Config\Cache), false)
#10 C:\wamp64\www\inventory-management\public\index.php(37): CodeIgniter\CodeIgniter->run()
#11 {main}
ERROR - 2024-06-22 18:02:21 --> Unknown column 'variation_value' in 'where clause'
CRITICAL - 2024-06-22 18:02:21 --> Unknown column 'variation_value' in 'where clause'
#0 C:\wamp64\www\inventory-management\vendor\codeigniter4\framework\system\Database\MySQLi\Connection.php(292): mysqli->query('SELECT *\nFROM `...', 0)
#1 C:\wamp64\www\inventory-management\vendor\codeigniter4\framework\system\Database\BaseConnection.php(670): CodeIgniter\Database\MySQLi\Connection->execute('SELECT *\nFROM `...')
#2 C:\wamp64\www\inventory-management\vendor\codeigniter4\framework\system\Database\BaseConnection.php(598): CodeIgniter\Database\BaseConnection->simpleQuery('SELECT *\nFROM `...')
#3 C:\wamp64\www\inventory-management\vendor\codeigniter4\framework\system\Database\BaseBuilder.php(1455): CodeIgniter\Database\BaseConnection->query('SELECT *\nFROM `...', Array, false)
#4 C:\wamp64\www\inventory-management\vendor\codeigniter4\framework\system\Model.php(183): CodeIgniter\Database\BaseBuilder->get()
#5 C:\wamp64\www\inventory-management\vendor\codeigniter4\framework\system\BaseModel.php(584): CodeIgniter\Model->doFindAll(0, 0)
#6 C:\wamp64\www\inventory-management\Modules\Purchases\Controllers\Purchases.php(197): CodeIgniter\BaseModel->findAll()
#7 C:\wamp64\www\inventory-management\vendor\codeigniter4\framework\system\CodeIgniter.php(832): Purchases\Controllers\Purchases->searchProducts()
#8 C:\wamp64\www\inventory-management\vendor\codeigniter4\framework\system\CodeIgniter.php(419): CodeIgniter\CodeIgniter->runController(Object(Purchases\Controllers\Purchases))
#9 C:\wamp64\www\inventory-management\vendor\codeigniter4\framework\system\CodeIgniter.php(326): CodeIgniter\CodeIgniter->handleRequest(NULL, Object(Config\Cache), false)
#10 C:\wamp64\www\inventory-management\public\index.php(37): CodeIgniter\CodeIgniter->run()
#11 {main}
ERROR - 2024-06-22 18:02:22 --> Unknown column 'variation_value' in 'where clause'
CRITICAL - 2024-06-22 18:02:22 --> Unknown column 'variation_value' in 'where clause'
#0 C:\wamp64\www\inventory-management\vendor\codeigniter4\framework\system\Database\MySQLi\Connection.php(292): mysqli->query('SELECT *\nFROM `...', 0)
#1 C:\wamp64\www\inventory-management\vendor\codeigniter4\framework\system\Database\BaseConnection.php(670): CodeIgniter\Database\MySQLi\Connection->execute('SELECT *\nFROM `...')
#2 C:\wamp64\www\inventory-management\vendor\codeigniter4\framework\system\Database\BaseConnection.php(598): CodeIgniter\Database\BaseConnection->simpleQuery('SELECT *\nFROM `...')
#3 C:\wamp64\www\inventory-management\vendor\codeigniter4\framework\system\Database\BaseBuilder.php(1455): CodeIgniter\Database\BaseConnection->query('SELECT *\nFROM `...', Array, false)
#4 C:\wamp64\www\inventory-management\vendor\codeigniter4\framework\system\Model.php(183): CodeIgniter\Database\BaseBuilder->get()
#5 C:\wamp64\www\inventory-management\vendor\codeigniter4\framework\system\BaseModel.php(584): CodeIgniter\Model->doFindAll(0, 0)
#6 C:\wamp64\www\inventory-management\Modules\Purchases\Controllers\Purchases.php(197): CodeIgniter\BaseModel->findAll()
#7 C:\wamp64\www\inventory-management\vendor\codeigniter4\framework\system\CodeIgniter.php(832): Purchases\Controllers\Purchases->searchProducts()
#8 C:\wamp64\www\inventory-management\vendor\codeigniter4\framework\system\CodeIgniter.php(419): CodeIgniter\CodeIgniter->runController(Object(Purchases\Controllers\Purchases))
#9 C:\wamp64\www\inventory-management\vendor\codeigniter4\framework\system\CodeIgniter.php(326): CodeIgniter\CodeIgniter->handleRequest(NULL, Object(Config\Cache), false)
#10 C:\wamp64\www\inventory-management\public\index.php(37): CodeIgniter\CodeIgniter->run()
#11 {main}
ERROR - 2024-06-22 18:04:29 --> Unknown column 'variation_value' in 'where clause'
CRITICAL - 2024-06-22 18:04:29 --> Unknown column 'variation_value' in 'where clause'
#0 C:\wamp64\www\inventory-management\vendor\codeigniter4\framework\system\Database\MySQLi\Connection.php(292): mysqli->query('SELECT *\nFROM `...', 0)
#1 C:\wamp64\www\inventory-management\vendor\codeigniter4\framework\system\Database\BaseConnection.php(670): CodeIgniter\Database\MySQLi\Connection->execute('SELECT *\nFROM `...')
#2 C:\wamp64\www\inventory-management\vendor\codeigniter4\framework\system\Database\BaseConnection.php(598): CodeIgniter\Database\BaseConnection->simpleQuery('SELECT *\nFROM `...')
#3 C:\wamp64\www\inventory-management\vendor\codeigniter4\framework\system\Database\BaseBuilder.php(1455): CodeIgniter\Database\BaseConnection->query('SELECT *\nFROM `...', Array, false)
#4 C:\wamp64\www\inventory-management\vendor\codeigniter4\framework\system\Model.php(183): CodeIgniter\Database\BaseBuilder->get()
#5 C:\wamp64\www\inventory-management\vendor\codeigniter4\framework\system\BaseModel.php(584): CodeIgniter\Model->doFindAll(0, 0)
#6 C:\wamp64\www\inventory-management\Modules\Purchases\Controllers\Purchases.php(197): CodeIgniter\BaseModel->findAll()
#7 C:\wamp64\www\inventory-management\vendor\codeigniter4\framework\system\CodeIgniter.php(832): Purchases\Controllers\Purchases->searchProducts()
#8 C:\wamp64\www\inventory-management\vendor\codeigniter4\framework\system\CodeIgniter.php(419): CodeIgniter\CodeIgniter->runController(Object(Purchases\Controllers\Purchases))
#9 C:\wamp64\www\inventory-management\vendor\codeigniter4\framework\system\CodeIgniter.php(326): CodeIgniter\CodeIgniter->handleRequest(NULL, Object(Config\Cache), false)
#10 C:\wamp64\www\inventory-management\public\index.php(37): CodeIgniter\CodeIgniter->run()
#11 {main}
ERROR - 2024-06-22 18:04:29 --> Unknown column 'variation_value' in 'where clause'
CRITICAL - 2024-06-22 18:04:29 --> Unknown column 'variation_value' in 'where clause'
#0 C:\wamp64\www\inventory-management\vendor\codeigniter4\framework\system\Database\MySQLi\Connection.php(292): mysqli->query('SELECT *\nFROM `...', 0)
#1 C:\wamp64\www\inventory-management\vendor\codeigniter4\framework\system\Database\BaseConnection.php(670): CodeIgniter\Database\MySQLi\Connection->execute('SELECT *\nFROM `...')
#2 C:\wamp64\www\inventory-management\vendor\codeigniter4\framework\system\Database\BaseConnection.php(598): CodeIgniter\Database\BaseConnection->simpleQuery('SELECT *\nFROM `...')
#3 C:\wamp64\www\inventory-management\vendor\codeigniter4\framework\system\Database\BaseBuilder.php(1455): CodeIgniter\Database\BaseConnection->query('SELECT *\nFROM `...', Array, false)
#4 C:\wamp64\www\inventory-management\vendor\codeigniter4\framework\system\Model.php(183): CodeIgniter\Database\BaseBuilder->get()
#5 C:\wamp64\www\inventory-management\vendor\codeigniter4\framework\system\BaseModel.php(584): CodeIgniter\Model->doFindAll(0, 0)
#6 C:\wamp64\www\inventory-management\Modules\Purchases\Controllers\Purchases.php(197): CodeIgniter\BaseModel->findAll()
#7 C:\wamp64\www\inventory-management\vendor\codeigniter4\framework\system\CodeIgniter.php(832): Purchases\Controllers\Purchases->searchProducts()
#8 C:\wamp64\www\inventory-management\vendor\codeigniter4\framework\system\CodeIgniter.php(419): CodeIgniter\CodeIgniter->runController(Object(Purchases\Controllers\Purchases))
#9 C:\wamp64\www\inventory-management\vendor\codeigniter4\framework\system\CodeIgniter.php(326): CodeIgniter\CodeIgniter->handleRequest(NULL, Object(Config\Cache), false)
#10 C:\wamp64\www\inventory-management\public\index.php(37): CodeIgniter\CodeIgniter->run()
#11 {main}
ERROR - 2024-06-22 18:04:30 --> Unknown column 'variation_value' in 'where clause'
CRITICAL - 2024-06-22 18:04:30 --> Unknown column 'variation_value' in 'where clause'
#0 C:\wamp64\www\inventory-management\vendor\codeigniter4\framework\system\Database\MySQLi\Connection.php(292): mysqli->query('SELECT *\nFROM `...', 0)
#1 C:\wamp64\www\inventory-management\vendor\codeigniter4\framework\system\Database\BaseConnection.php(670): CodeIgniter\Database\MySQLi\Connection->execute('SELECT *\nFROM `...')
#2 C:\wamp64\www\inventory-management\vendor\codeigniter4\framework\system\Database\BaseConnection.php(598): CodeIgniter\Database\BaseConnection->simpleQuery('SELECT *\nFROM `...')
#3 C:\wamp64\www\inventory-management\vendor\codeigniter4\framework\system\Database\BaseBuilder.php(1455): CodeIgniter\Database\BaseConnection->query('SELECT *\nFROM `...', Array, false)
#4 C:\wamp64\www\inventory-management\vendor\codeigniter4\framework\system\Model.php(183): CodeIgniter\Database\BaseBuilder->get()
#5 C:\wamp64\www\inventory-management\vendor\codeigniter4\framework\system\BaseModel.php(584): CodeIgniter\Model->doFindAll(0, 0)
#6 C:\wamp64\www\inventory-management\Modules\Purchases\Controllers\Purchases.php(197): CodeIgniter\BaseModel->findAll()
#7 C:\wamp64\www\inventory-management\vendor\codeigniter4\framework\system\CodeIgniter.php(832): Purchases\Controllers\Purchases->searchProducts()
#8 C:\wamp64\www\inventory-management\vendor\codeigniter4\framework\system\CodeIgniter.php(419): CodeIgniter\CodeIgniter->runController(Object(Purchases\Controllers\Purchases))
#9 C:\wamp64\www\inventory-management\vendor\codeigniter4\framework\system\CodeIgniter.php(326): CodeIgniter\CodeIgniter->handleRequest(NULL, Object(Config\Cache), false)
#10 C:\wamp64\www\inventory-management\public\index.php(37): CodeIgniter\CodeIgniter->run()
#11 {main}
ERROR - 2024-06-22 18:04:33 --> Unknown column 'variation_value' in 'where clause'
CRITICAL - 2024-06-22 18:04:33 --> Unknown column 'variation_value' in 'where clause'
#0 C:\wamp64\www\inventory-management\vendor\codeigniter4\framework\system\Database\MySQLi\Connection.php(292): mysqli->query('SELECT *\nFROM `...', 0)
#1 C:\wamp64\www\inventory-management\vendor\codeigniter4\framework\system\Database\BaseConnection.php(670): CodeIgniter\Database\MySQLi\Connection->execute('SELECT *\nFROM `...')
#2 C:\wamp64\www\inventory-management\vendor\codeigniter4\framework\system\Database\BaseConnection.php(598): CodeIgniter\Database\BaseConnection->simpleQuery('SELECT *\nFROM `...')
#3 C:\wamp64\www\inventory-management\vendor\codeigniter4\framework\system\Database\BaseBuilder.php(1455): CodeIgniter\Database\BaseConnection->query('SELECT *\nFROM `...', Array, false)
#4 C:\wamp64\www\inventory-management\vendor\codeigniter4\framework\system\Model.php(183): CodeIgniter\Database\BaseBuilder->get()
#5 C:\wamp64\www\inventory-management\vendor\codeigniter4\framework\system\BaseModel.php(584): CodeIgniter\Model->doFindAll(0, 0)
#6 C:\wamp64\www\inventory-management\Modules\Purchases\Controllers\Purchases.php(197): CodeIgniter\BaseModel->findAll()
#7 C:\wamp64\www\inventory-management\vendor\codeigniter4\framework\system\CodeIgniter.php(832): Purchases\Controllers\Purchases->searchProducts()
#8 C:\wamp64\www\inventory-management\vendor\codeigniter4\framework\system\CodeIgniter.php(419): CodeIgniter\CodeIgniter->runController(Object(Purchases\Controllers\Purchases))
#9 C:\wamp64\www\inventory-management\vendor\codeigniter4\framework\system\CodeIgniter.php(326): CodeIgniter\CodeIgniter->handleRequest(NULL, Object(Config\Cache), false)
#10 C:\wamp64\www\inventory-management\public\index.php(37): CodeIgniter\CodeIgniter->run()
#11 {main}
ERROR - 2024-06-22 18:04:33 --> Unknown column 'variation_value' in 'where clause'
CRITICAL - 2024-06-22 18:04:33 --> Unknown column 'variation_value' in 'where clause'
#0 C:\wamp64\www\inventory-management\vendor\codeigniter4\framework\system\Database\MySQLi\Connection.php(292): mysqli->query('SELECT *\nFROM `...', 0)
#1 C:\wamp64\www\inventory-management\vendor\codeigniter4\framework\system\Database\BaseConnection.php(670): CodeIgniter\Database\MySQLi\Connection->execute('SELECT *\nFROM `...')
#2 C:\wamp64\www\inventory-management\vendor\codeigniter4\framework\system\Database\BaseConnection.php(598): CodeIgniter\Database\BaseConnection->simpleQuery('SELECT *\nFROM `...')
#3 C:\wamp64\www\inventory-management\vendor\codeigniter4\framework\system\Database\BaseBuilder.php(1455): CodeIgniter\Database\BaseConnection->query('SELECT *\nFROM `...', Array, false)
#4 C:\wamp64\www\inventory-management\vendor\codeigniter4\framework\system\Model.php(183): CodeIgniter\Database\BaseBuilder->get()
#5 C:\wamp64\www\inventory-management\vendor\codeigniter4\framework\system\BaseModel.php(584): CodeIgniter\Model->doFindAll(0, 0)
#6 C:\wamp64\www\inventory-management\Modules\Purchases\Controllers\Purchases.php(197): CodeIgniter\BaseModel->findAll()
#7 C:\wamp64\www\inventory-management\vendor\codeigniter4\framework\system\CodeIgniter.php(832): Purchases\Controllers\Purchases->searchProducts()
#8 C:\wamp64\www\inventory-management\vendor\codeigniter4\framework\system\CodeIgniter.php(419): CodeIgniter\CodeIgniter->runController(Object(Purchases\Controllers\Purchases))
#9 C:\wamp64\www\inventory-management\vendor\codeigniter4\framework\system\CodeIgniter.php(326): CodeIgniter\CodeIgniter->handleRequest(NULL, Object(Config\Cache), false)
#10 C:\wamp64\www\inventory-management\public\index.php(37): CodeIgniter\CodeIgniter->run()
#11 {main}
ERROR - 2024-06-22 18:04:33 --> Unknown column 'variation_value' in 'where clause'
CRITICAL - 2024-06-22 18:04:33 --> Unknown column 'variation_value' in 'where clause'
#0 C:\wamp64\www\inventory-management\vendor\codeigniter4\framework\system\Database\MySQLi\Connection.php(292): mysqli->query('SELECT *\nFROM `...', 0)
#1 C:\wamp64\www\inventory-management\vendor\codeigniter4\framework\system\Database\BaseConnection.php(670): CodeIgniter\Database\MySQLi\Connection->execute('SELECT *\nFROM `...')
#2 C:\wamp64\www\inventory-management\vendor\codeigniter4\framework\system\Database\BaseConnection.php(598): CodeIgniter\Database\BaseConnection->simpleQuery('SELECT *\nFROM `...')
#3 C:\wamp64\www\inventory-management\vendor\codeigniter4\framework\system\Database\BaseBuilder.php(1455): CodeIgniter\Database\BaseConnection->query('SELECT *\nFROM `...', Array, false)
#4 C:\wamp64\www\inventory-management\vendor\codeigniter4\framework\system\Model.php(183): CodeIgniter\Database\BaseBuilder->get()
#5 C:\wamp64\www\inventory-management\vendor\codeigniter4\framework\system\BaseModel.php(584): CodeIgniter\Model->doFindAll(0, 0)
#6 C:\wamp64\www\inventory-management\Modules\Purchases\Controllers\Purchases.php(197): CodeIgniter\BaseModel->findAll()
#7 C:\wamp64\www\inventory-management\vendor\codeigniter4\framework\system\CodeIgniter.php(832): Purchases\Controllers\Purchases->searchProducts()
#8 C:\wamp64\www\inventory-management\vendor\codeigniter4\framework\system\CodeIgniter.php(419): CodeIgniter\CodeIgniter->runController(Object(Purchases\Controllers\Purchases))
#9 C:\wamp64\www\inventory-management\vendor\codeigniter4\framework\system\CodeIgniter.php(326): CodeIgniter\CodeIgniter->handleRequest(NULL, Object(Config\Cache), false)
#10 C:\wamp64\www\inventory-management\public\index.php(37): CodeIgniter\CodeIgniter->run()
#11 {main}
ERROR - 2024-06-22 18:04:34 --> Unknown column 'variation_value' in 'where clause'
CRITICAL - 2024-06-22 18:04:34 --> Unknown column 'variation_value' in 'where clause'
#0 C:\wamp64\www\inventory-management\vendor\codeigniter4\framework\system\Database\MySQLi\Connection.php(292): mysqli->query('SELECT *\nFROM `...', 0)
#1 C:\wamp64\www\inventory-management\vendor\codeigniter4\framework\system\Database\BaseConnection.php(670): CodeIgniter\Database\MySQLi\Connection->execute('SELECT *\nFROM `...')
#2 C:\wamp64\www\inventory-management\vendor\codeigniter4\framework\system\Database\BaseConnection.php(598): CodeIgniter\Database\BaseConnection->simpleQuery('SELECT *\nFROM `...')
#3 C:\wamp64\www\inventory-management\vendor\codeigniter4\framework\system\Database\BaseBuilder.php(1455): CodeIgniter\Database\BaseConnection->query('SELECT *\nFROM `...', Array, false)
#4 C:\wamp64\www\inventory-management\vendor\codeigniter4\framework\system\Model.php(183): CodeIgniter\Database\BaseBuilder->get()
#5 C:\wamp64\www\inventory-management\vendor\codeigniter4\framework\system\BaseModel.php(584): CodeIgniter\Model->doFindAll(0, 0)
#6 C:\wamp64\www\inventory-management\Modules\Purchases\Controllers\Purchases.php(197): CodeIgniter\BaseModel->findAll()
#7 C:\wamp64\www\inventory-management\vendor\codeigniter4\framework\system\CodeIgniter.php(832): Purchases\Controllers\Purchases->searchProducts()
#8 C:\wamp64\www\inventory-management\vendor\codeigniter4\framework\system\CodeIgniter.php(419): CodeIgniter\CodeIgniter->runController(Object(Purchases\Controllers\Purchases))
#9 C:\wamp64\www\inventory-management\vendor\codeigniter4\framework\system\CodeIgniter.php(326): CodeIgniter\CodeIgniter->handleRequest(NULL, Object(Config\Cache), false)
#10 C:\wamp64\www\inventory-management\public\index.php(37): CodeIgniter\CodeIgniter->run()
#11 {main}
ERROR - 2024-06-22 18:04:34 --> Unknown column 'variation_value' in 'where clause'
CRITICAL - 2024-06-22 18:04:34 --> Unknown column 'variation_value' in 'where clause'
#0 C:\wamp64\www\inventory-management\vendor\codeigniter4\framework\system\Database\MySQLi\Connection.php(292): mysqli->query('SELECT *\nFROM `...', 0)
#1 C:\wamp64\www\inventory-management\vendor\codeigniter4\framework\system\Database\BaseConnection.php(670): CodeIgniter\Database\MySQLi\Connection->execute('SELECT *\nFROM `...')
#2 C:\wamp64\www\inventory-management\vendor\codeigniter4\framework\system\Database\BaseConnection.php(598): CodeIgniter\Database\BaseConnection->simpleQuery('SELECT *\nFROM `...')
#3 C:\wamp64\www\inventory-management\vendor\codeigniter4\framework\system\Database\BaseBuilder.php(1455): CodeIgniter\Database\BaseConnection->query('SELECT *\nFROM `...', Array, false)
#4 C:\wamp64\www\inventory-management\vendor\codeigniter4\framework\system\Model.php(183): CodeIgniter\Database\BaseBuilder->get()
#5 C:\wamp64\www\inventory-management\vendor\codeigniter4\framework\system\BaseModel.php(584): CodeIgniter\Model->doFindAll(0, 0)
#6 C:\wamp64\www\inventory-management\Modules\Purchases\Controllers\Purchases.php(197): CodeIgniter\BaseModel->findAll()
#7 C:\wamp64\www\inventory-management\vendor\codeigniter4\framework\system\CodeIgniter.php(832): Purchases\Controllers\Purchases->searchProducts()
#8 C:\wamp64\www\inventory-management\vendor\codeigniter4\framework\system\CodeIgniter.php(419): CodeIgniter\CodeIgniter->runController(Object(Purchases\Controllers\Purchases))
#9 C:\wamp64\www\inventory-management\vendor\codeigniter4\framework\system\CodeIgniter.php(326): CodeIgniter\CodeIgniter->handleRequest(NULL, Object(Config\Cache), false)
#10 C:\wamp64\www\inventory-management\public\index.php(37): CodeIgniter\CodeIgniter->run()
#11 {main}
ERROR - 2024-06-22 18:04:35 --> Unknown column 'variation_value' in 'where clause'
CRITICAL - 2024-06-22 18:04:35 --> Unknown column 'variation_value' in 'where clause'
#0 C:\wamp64\www\inventory-management\vendor\codeigniter4\framework\system\Database\MySQLi\Connection.php(292): mysqli->query('SELECT *\nFROM `...', 0)
#1 C:\wamp64\www\inventory-management\vendor\codeigniter4\framework\system\Database\BaseConnection.php(670): CodeIgniter\Database\MySQLi\Connection->execute('SELECT *\nFROM `...')
#2 C:\wamp64\www\inventory-management\vendor\codeigniter4\framework\system\Database\BaseConnection.php(598): CodeIgniter\Database\BaseConnection->simpleQuery('SELECT *\nFROM `...')
#3 C:\wamp64\www\inventory-management\vendor\codeigniter4\framework\system\Database\BaseBuilder.php(1455): CodeIgniter\Database\BaseConnection->query('SELECT *\nFROM `...', Array, false)
#4 C:\wamp64\www\inventory-management\vendor\codeigniter4\framework\system\Model.php(183): CodeIgniter\Database\BaseBuilder->get()
#5 C:\wamp64\www\inventory-management\vendor\codeigniter4\framework\system\BaseModel.php(584): CodeIgniter\Model->doFindAll(0, 0)
#6 C:\wamp64\www\inventory-management\Modules\Purchases\Controllers\Purchases.php(197): CodeIgniter\BaseModel->findAll()
#7 C:\wamp64\www\inventory-management\vendor\codeigniter4\framework\system\CodeIgniter.php(832): Purchases\Controllers\Purchases->searchProducts()
#8 C:\wamp64\www\inventory-management\vendor\codeigniter4\framework\system\CodeIgniter.php(419): CodeIgniter\CodeIgniter->runController(Object(Purchases\Controllers\Purchases))
#9 C:\wamp64\www\inventory-management\vendor\codeigniter4\framework\system\CodeIgniter.php(326): CodeIgniter\CodeIgniter->handleRequest(NULL, Object(Config\Cache), false)
#10 C:\wamp64\www\inventory-management\public\index.php(37): CodeIgniter\CodeIgniter->run()
#11 {main}
ERROR - 2024-06-22 18:04:36 --> Unknown column 'variation_value' in 'where clause'
CRITICAL - 2024-06-22 18:04:36 --> Unknown column 'variation_value' in 'where clause'
#0 C:\wamp64\www\inventory-management\vendor\codeigniter4\framework\system\Database\MySQLi\Connection.php(292): mysqli->query('SELECT *\nFROM `...', 0)
#1 C:\wamp64\www\inventory-management\vendor\codeigniter4\framework\system\Database\BaseConnection.php(670): CodeIgniter\Database\MySQLi\Connection->execute('SELECT *\nFROM `...')
#2 C:\wamp64\www\inventory-management\vendor\codeigniter4\framework\system\Database\BaseConnection.php(598): CodeIgniter\Database\BaseConnection->simpleQuery('SELECT *\nFROM `...')
#3 C:\wamp64\www\inventory-management\vendor\codeigniter4\framework\system\Database\BaseBuilder.php(1455): CodeIgniter\Database\BaseConnection->query('SELECT *\nFROM `...', Array, false)
#4 C:\wamp64\www\inventory-management\vendor\codeigniter4\framework\system\Model.php(183): CodeIgniter\Database\BaseBuilder->get()
#5 C:\wamp64\www\inventory-management\vendor\codeigniter4\framework\system\BaseModel.php(584): CodeIgniter\Model->doFindAll(0, 0)
#6 C:\wamp64\www\inventory-management\Modules\Purchases\Controllers\Purchases.php(197): CodeIgniter\BaseModel->findAll()
#7 C:\wamp64\www\inventory-management\vendor\codeigniter4\framework\system\CodeIgniter.php(832): Purchases\Controllers\Purchases->searchProducts()
#8 C:\wamp64\www\inventory-management\vendor\codeigniter4\framework\system\CodeIgniter.php(419): CodeIgniter\CodeIgniter->runController(Object(Purchases\Controllers\Purchases))
#9 C:\wamp64\www\inventory-management\vendor\codeigniter4\framework\system\CodeIgniter.php(326): CodeIgniter\CodeIgniter->handleRequest(NULL, Object(Config\Cache), false)
#10 C:\wamp64\www\inventory-management\public\index.php(37): CodeIgniter\CodeIgniter->run()
#11 {main}
ERROR - 2024-06-22 18:04:36 --> Unknown column 'variation_value' in 'where clause'
CRITICAL - 2024-06-22 18:04:36 --> Unknown column 'variation_value' in 'where clause'
#0 C:\wamp64\www\inventory-management\vendor\codeigniter4\framework\system\Database\MySQLi\Connection.php(292): mysqli->query('SELECT *\nFROM `...', 0)
#1 C:\wamp64\www\inventory-management\vendor\codeigniter4\framework\system\Database\BaseConnection.php(670): CodeIgniter\Database\MySQLi\Connection->execute('SELECT *\nFROM `...')
#2 C:\wamp64\www\inventory-management\vendor\codeigniter4\framework\system\Database\BaseConnection.php(598): CodeIgniter\Database\BaseConnection->simpleQuery('SELECT *\nFROM `...')
#3 C:\wamp64\www\inventory-management\vendor\codeigniter4\framework\system\Database\BaseBuilder.php(1455): CodeIgniter\Database\BaseConnection->query('SELECT *\nFROM `...', Array, false)
#4 C:\wamp64\www\inventory-management\vendor\codeigniter4\framework\system\Model.php(183): CodeIgniter\Database\BaseBuilder->get()
#5 C:\wamp64\www\inventory-management\vendor\codeigniter4\framework\system\BaseModel.php(584): CodeIgniter\Model->doFindAll(0, 0)
#6 C:\wamp64\www\inventory-management\Modules\Purchases\Controllers\Purchases.php(197): CodeIgniter\BaseModel->findAll()
#7 C:\wamp64\www\inventory-management\vendor\codeigniter4\framework\system\CodeIgniter.php(832): Purchases\Controllers\Purchases->searchProducts()
#8 C:\wamp64\www\inventory-management\vendor\codeigniter4\framework\system\CodeIgniter.php(419): CodeIgniter\CodeIgniter->runController(Object(Purchases\Controllers\Purchases))
#9 C:\wamp64\www\inventory-management\vendor\codeigniter4\framework\system\CodeIgniter.php(326): CodeIgniter\CodeIgniter->handleRequest(NULL, Object(Config\Cache), false)
#10 C:\wamp64\www\inventory-management\public\index.php(37): CodeIgniter\CodeIgniter->run()
#11 {main}
ERROR - 2024-06-22 18:04:37 --> Unknown column 'variation_value' in 'where clause'
CRITICAL - 2024-06-22 18:04:37 --> Unknown column 'variation_value' in 'where clause'
#0 C:\wamp64\www\inventory-management\vendor\codeigniter4\framework\system\Database\MySQLi\Connection.php(292): mysqli->query('SELECT *\nFROM `...', 0)
#1 C:\wamp64\www\inventory-management\vendor\codeigniter4\framework\system\Database\BaseConnection.php(670): CodeIgniter\Database\MySQLi\Connection->execute('SELECT *\nFROM `...')
#2 C:\wamp64\www\inventory-management\vendor\codeigniter4\framework\system\Database\BaseConnection.php(598): CodeIgniter\Database\BaseConnection->simpleQuery('SELECT *\nFROM `...')
#3 C:\wamp64\www\inventory-management\vendor\codeigniter4\framework\system\Database\BaseBuilder.php(1455): CodeIgniter\Database\BaseConnection->query('SELECT *\nFROM `...', Array, false)
#4 C:\wamp64\www\inventory-management\vendor\codeigniter4\framework\system\Model.php(183): CodeIgniter\Database\BaseBuilder->get()
#5 C:\wamp64\www\inventory-management\vendor\codeigniter4\framework\system\BaseModel.php(584): CodeIgniter\Model->doFindAll(0, 0)
#6 C:\wamp64\www\inventory-management\Modules\Purchases\Controllers\Purchases.php(197): CodeIgniter\BaseModel->findAll()
#7 C:\wamp64\www\inventory-management\vendor\codeigniter4\framework\system\CodeIgniter.php(832): Purchases\Controllers\Purchases->searchProducts()
#8 C:\wamp64\www\inventory-management\vendor\codeigniter4\framework\system\CodeIgniter.php(419): CodeIgniter\CodeIgniter->runController(Object(Purchases\Controllers\Purchases))
#9 C:\wamp64\www\inventory-management\vendor\codeigniter4\framework\system\CodeIgniter.php(326): CodeIgniter\CodeIgniter->handleRequest(NULL, Object(Config\Cache), false)
#10 C:\wamp64\www\inventory-management\public\index.php(37): CodeIgniter\CodeIgniter->run()
#11 {main}
ERROR - 2024-06-22 18:04:38 --> Unknown column 'variation_value' in 'where clause'
CRITICAL - 2024-06-22 18:04:38 --> Unknown column 'variation_value' in 'where clause'
#0 C:\wamp64\www\inventory-management\vendor\codeigniter4\framework\system\Database\MySQLi\Connection.php(292): mysqli->query('SELECT *\nFROM `...', 0)
#1 C:\wamp64\www\inventory-management\vendor\codeigniter4\framework\system\Database\BaseConnection.php(670): CodeIgniter\Database\MySQLi\Connection->execute('SELECT *\nFROM `...')
#2 C:\wamp64\www\inventory-management\vendor\codeigniter4\framework\system\Database\BaseConnection.php(598): CodeIgniter\Database\BaseConnection->simpleQuery('SELECT *\nFROM `...')
#3 C:\wamp64\www\inventory-management\vendor\codeigniter4\framework\system\Database\BaseBuilder.php(1455): CodeIgniter\Database\BaseConnection->query('SELECT *\nFROM `...', Array, false)
#4 C:\wamp64\www\inventory-management\vendor\codeigniter4\framework\system\Model.php(183): CodeIgniter\Database\BaseBuilder->get()
#5 C:\wamp64\www\inventory-management\vendor\codeigniter4\framework\system\BaseModel.php(584): CodeIgniter\Model->doFindAll(0, 0)
#6 C:\wamp64\www\inventory-management\Modules\Purchases\Controllers\Purchases.php(197): CodeIgniter\BaseModel->findAll()
#7 C:\wamp64\www\inventory-management\vendor\codeigniter4\framework\system\CodeIgniter.php(832): Purchases\Controllers\Purchases->searchProducts()
#8 C:\wamp64\www\inventory-management\vendor\codeigniter4\framework\system\CodeIgniter.php(419): CodeIgniter\CodeIgniter->runController(Object(Purchases\Controllers\Purchases))
#9 C:\wamp64\www\inventory-management\vendor\codeigniter4\framework\system\CodeIgniter.php(326): CodeIgniter\CodeIgniter->handleRequest(NULL, Object(Config\Cache), false)
#10 C:\wamp64\www\inventory-management\public\index.php(37): CodeIgniter\CodeIgniter->run()
#11 {main}
ERROR - 2024-06-22 18:04:39 --> Unknown column 'variation_value' in 'where clause'
CRITICAL - 2024-06-22 18:04:39 --> Unknown column 'variation_value' in 'where clause'
#0 C:\wamp64\www\inventory-management\vendor\codeigniter4\framework\system\Database\MySQLi\Connection.php(292): mysqli->query('SELECT *\nFROM `...', 0)
#1 C:\wamp64\www\inventory-management\vendor\codeigniter4\framework\system\Database\BaseConnection.php(670): CodeIgniter\Database\MySQLi\Connection->execute('SELECT *\nFROM `...')
#2 C:\wamp64\www\inventory-management\vendor\codeigniter4\framework\system\Database\BaseConnection.php(598): CodeIgniter\Database\BaseConnection->simpleQuery('SELECT *\nFROM `...')
#3 C:\wamp64\www\inventory-management\vendor\codeigniter4\framework\system\Database\BaseBuilder.php(1455): CodeIgniter\Database\BaseConnection->query('SELECT *\nFROM `...', Array, false)
#4 C:\wamp64\www\inventory-management\vendor\codeigniter4\framework\system\Model.php(183): CodeIgniter\Database\BaseBuilder->get()
#5 C:\wamp64\www\inventory-management\vendor\codeigniter4\framework\system\BaseModel.php(584): CodeIgniter\Model->doFindAll(0, 0)
#6 C:\wamp64\www\inventory-management\Modules\Purchases\Controllers\Purchases.php(197): CodeIgniter\BaseModel->findAll()
#7 C:\wamp64\www\inventory-management\vendor\codeigniter4\framework\system\CodeIgniter.php(832): Purchases\Controllers\Purchases->searchProducts()
#8 C:\wamp64\www\inventory-management\vendor\codeigniter4\framework\system\CodeIgniter.php(419): CodeIgniter\CodeIgniter->runController(Object(Purchases\Controllers\Purchases))
#9 C:\wamp64\www\inventory-management\vendor\codeigniter4\framework\system\CodeIgniter.php(326): CodeIgniter\CodeIgniter->handleRequest(NULL, Object(Config\Cache), false)
#10 C:\wamp64\www\inventory-management\public\index.php(37): CodeIgniter\CodeIgniter->run()
#11 {main}
ERROR - 2024-06-22 18:04:39 --> Unknown column 'variation_value' in 'where clause'
CRITICAL - 2024-06-22 18:04:39 --> Unknown column 'variation_value' in 'where clause'
#0 C:\wamp64\www\inventory-management\vendor\codeigniter4\framework\system\Database\MySQLi\Connection.php(292): mysqli->query('SELECT *\nFROM `...', 0)
#1 C:\wamp64\www\inventory-management\vendor\codeigniter4\framework\system\Database\BaseConnection.php(670): CodeIgniter\Database\MySQLi\Connection->execute('SELECT *\nFROM `...')
#2 C:\wamp64\www\inventory-management\vendor\codeigniter4\framework\system\Database\BaseConnection.php(598): CodeIgniter\Database\BaseConnection->simpleQuery('SELECT *\nFROM `...')
#3 C:\wamp64\www\inventory-management\vendor\codeigniter4\framework\system\Database\BaseBuilder.php(1455): CodeIgniter\Database\BaseConnection->query('SELECT *\nFROM `...', Array, false)
#4 C:\wamp64\www\inventory-management\vendor\codeigniter4\framework\system\Model.php(183): CodeIgniter\Database\BaseBuilder->get()
#5 C:\wamp64\www\inventory-management\vendor\codeigniter4\framework\system\BaseModel.php(584): CodeIgniter\Model->doFindAll(0, 0)
#6 C:\wamp64\www\inventory-management\Modules\Purchases\Controllers\Purchases.php(197): CodeIgniter\BaseModel->findAll()
#7 C:\wamp64\www\inventory-management\vendor\codeigniter4\framework\system\CodeIgniter.php(832): Purchases\Controllers\Purchases->searchProducts()
#8 C:\wamp64\www\inventory-management\vendor\codeigniter4\framework\system\CodeIgniter.php(419): CodeIgniter\CodeIgniter->runController(Object(Purchases\Controllers\Purchases))
#9 C:\wamp64\www\inventory-management\vendor\codeigniter4\framework\system\CodeIgniter.php(326): CodeIgniter\CodeIgniter->handleRequest(NULL, Object(Config\Cache), false)
#10 C:\wamp64\www\inventory-management\public\index.php(37): CodeIgniter\CodeIgniter->run()
#11 {main}
ERROR - 2024-06-22 18:19:46 --> Unknown column 'variation_product_name' in 'field list'
CRITICAL - 2024-06-22 18:19:46 --> Unknown column 'variation_product_name' in 'field list'
#0 C:\wamp64\www\inventory-management\vendor\codeigniter4\framework\system\Database\MySQLi\Connection.php(292): mysqli->query('INSERT INTO `pr...', 0)
#1 C:\wamp64\www\inventory-management\vendor\codeigniter4\framework\system\Database\BaseConnection.php(670): CodeIgniter\Database\MySQLi\Connection->execute('INSERT INTO `pr...')
#2 C:\wamp64\www\inventory-management\vendor\codeigniter4\framework\system\Database\BaseConnection.php(598): CodeIgniter\Database\BaseConnection->simpleQuery('INSERT INTO `pr...')
#3 C:\wamp64\www\inventory-management\vendor\codeigniter4\framework\system\Database\BaseBuilder.php(1771): CodeIgniter\Database\BaseConnection->query('INSERT INTO `pr...', Array, false)
#4 C:\wamp64\www\inventory-management\vendor\codeigniter4\framework\system\Model.php(239): CodeIgniter\Database\BaseBuilder->insert()
#5 C:\wamp64\www\inventory-management\vendor\codeigniter4\framework\system\BaseModel.php(738): CodeIgniter\Model->doInsert(Array)
#6 C:\wamp64\www\inventory-management\vendor\codeigniter4\framework\system\Model.php(625): CodeIgniter\BaseModel->insert(Array, true)
#7 C:\wamp64\www\inventory-management\Modules\Products\Controllers\Products.php(130): CodeIgniter\Model->insert(Array)
#8 C:\wamp64\www\inventory-management\vendor\codeigniter4\framework\system\CodeIgniter.php(832): Products\Controllers\Products->storeProducts()
#9 C:\wamp64\www\inventory-management\vendor\codeigniter4\framework\system\CodeIgniter.php(419): CodeIgniter\CodeIgniter->runController(Object(Products\Controllers\Products))
#10 C:\wamp64\www\inventory-management\vendor\codeigniter4\framework\system\CodeIgniter.php(326): CodeIgniter\CodeIgniter->handleRequest(NULL, Object(Config\Cache), false)
#11 C:\wamp64\www\inventory-management\public\index.php(37): CodeIgniter\CodeIgniter->run()
#12 {main}
