CRITICAL - 2024-07-04 12:09:32 --> Object of class CodeIgniter\HTTP\Response could not be converted to string
#0 C:\wamp64\www\inventory-management\vendor\codeigniter4\framework\system\Database\Query.php(318): strtr('INSERT INTO `pu...', Array)
#1 C:\wamp64\www\inventory-management\vendor\codeigniter4\framework\system\Database\Query.php(293): CodeIgniter\Database\Query->matchNamedBinds('INSERT INTO `pu...', Array)
#2 C:\wamp64\www\inventory-management\vendor\codeigniter4\framework\system\Database\Query.php(150): CodeIgniter\Database\Query->compileBinds()
#3 C:\wamp64\www\inventory-management\vendor\codeigniter4\framework\system\Database\BaseConnection.php(598): CodeIgniter\Database\Query->getQuery()
#4 C:\wamp64\www\inventory-management\vendor\codeigniter4\framework\system\Database\BaseBuilder.php(1771): CodeIgniter\Database\BaseConnection->query('INSERT INTO `pu...', Array, false)
#5 C:\wamp64\www\inventory-management\vendor\codeigniter4\framework\system\Model.php(239): CodeIgniter\Database\BaseBuilder->insert()
#6 C:\wamp64\www\inventory-management\vendor\codeigniter4\framework\system\BaseModel.php(738): CodeIgniter\Model->doInsert(Array)
#7 C:\wamp64\www\inventory-management\vendor\codeigniter4\framework\system\Model.php(625): CodeIgniter\BaseModel->insert(Array, true)
#8 C:\wamp64\www\inventory-management\Modules\Purchases\Controllers\Purchases.php(93): CodeIgniter\Model->insert(Array)
#9 C:\wamp64\www\inventory-management\vendor\codeigniter4\framework\system\CodeIgniter.php(832): Purchases\Controllers\Purchases->storePurchases()
#10 C:\wamp64\www\inventory-management\vendor\codeigniter4\framework\system\CodeIgniter.php(419): CodeIgniter\CodeIgniter->runController(Object(Purchases\Controllers\Purchases))
#11 C:\wamp64\www\inventory-management\vendor\codeigniter4\framework\system\CodeIgniter.php(326): CodeIgniter\CodeIgniter->handleRequest(NULL, Object(Config\Cache), false)
#12 C:\wamp64\www\inventory-management\public\index.php(37): CodeIgniter\CodeIgniter->run()
#13 {main}
CRITICAL - 2024-07-04 12:17:11 --> Object of class CodeIgniter\HTTP\Response could not be converted to string
#0 C:\wamp64\www\inventory-management\vendor\codeigniter4\framework\system\Database\Query.php(318): strtr('INSERT INTO `pu...', Array)
#1 C:\wamp64\www\inventory-management\vendor\codeigniter4\framework\system\Database\Query.php(293): CodeIgniter\Database\Query->matchNamedBinds('INSERT INTO `pu...', Array)
#2 C:\wamp64\www\inventory-management\vendor\codeigniter4\framework\system\Database\Query.php(150): CodeIgniter\Database\Query->compileBinds()
#3 C:\wamp64\www\inventory-management\vendor\codeigniter4\framework\system\Database\BaseConnection.php(598): CodeIgniter\Database\Query->getQuery()
#4 C:\wamp64\www\inventory-management\vendor\codeigniter4\framework\system\Database\BaseBuilder.php(1771): CodeIgniter\Database\BaseConnection->query('INSERT INTO `pu...', Array, false)
#5 C:\wamp64\www\inventory-management\vendor\codeigniter4\framework\system\Model.php(239): CodeIgniter\Database\BaseBuilder->insert()
#6 C:\wamp64\www\inventory-management\vendor\codeigniter4\framework\system\BaseModel.php(738): CodeIgniter\Model->doInsert(Array)
#7 C:\wamp64\www\inventory-management\vendor\codeigniter4\framework\system\Model.php(625): CodeIgniter\BaseModel->insert(Array, true)
#8 C:\wamp64\www\inventory-management\Modules\Purchases\Controllers\Purchases.php(93): CodeIgniter\Model->insert(Array)
#9 C:\wamp64\www\inventory-management\vendor\codeigniter4\framework\system\CodeIgniter.php(832): Purchases\Controllers\Purchases->storePurchases()
#10 C:\wamp64\www\inventory-management\vendor\codeigniter4\framework\system\CodeIgniter.php(419): CodeIgniter\CodeIgniter->runController(Object(Purchases\Controllers\Purchases))
#11 C:\wamp64\www\inventory-management\vendor\codeigniter4\framework\system\CodeIgniter.php(326): CodeIgniter\CodeIgniter->handleRequest(NULL, Object(Config\Cache), false)
#12 C:\wamp64\www\inventory-management\public\index.php(37): CodeIgniter\CodeIgniter->run()
#13 {main}
CRITICAL - 2024-07-04 12:26:41 --> Object of class CodeIgniter\HTTP\Response could not be converted to string
#0 C:\wamp64\www\inventory-management\vendor\codeigniter4\framework\system\Database\Query.php(318): strtr('INSERT INTO `pu...', Array)
#1 C:\wamp64\www\inventory-management\vendor\codeigniter4\framework\system\Database\Query.php(293): CodeIgniter\Database\Query->matchNamedBinds('INSERT INTO `pu...', Array)
#2 C:\wamp64\www\inventory-management\vendor\codeigniter4\framework\system\Database\Query.php(150): CodeIgniter\Database\Query->compileBinds()
#3 C:\wamp64\www\inventory-management\vendor\codeigniter4\framework\system\Database\BaseConnection.php(598): CodeIgniter\Database\Query->getQuery()
#4 C:\wamp64\www\inventory-management\vendor\codeigniter4\framework\system\Database\BaseBuilder.php(1771): CodeIgniter\Database\BaseConnection->query('INSERT INTO `pu...', Array, false)
#5 C:\wamp64\www\inventory-management\vendor\codeigniter4\framework\system\Model.php(239): CodeIgniter\Database\BaseBuilder->insert()
#6 C:\wamp64\www\inventory-management\vendor\codeigniter4\framework\system\BaseModel.php(738): CodeIgniter\Model->doInsert(Array)
#7 C:\wamp64\www\inventory-management\vendor\codeigniter4\framework\system\Model.php(625): CodeIgniter\BaseModel->insert(Array, true)
#8 C:\wamp64\www\inventory-management\Modules\Purchases\Controllers\Purchases.php(93): CodeIgniter\Model->insert(Array)
#9 C:\wamp64\www\inventory-management\vendor\codeigniter4\framework\system\CodeIgniter.php(832): Purchases\Controllers\Purchases->storePurchases()
#10 C:\wamp64\www\inventory-management\vendor\codeigniter4\framework\system\CodeIgniter.php(419): CodeIgniter\CodeIgniter->runController(Object(Purchases\Controllers\Purchases))
#11 C:\wamp64\www\inventory-management\vendor\codeigniter4\framework\system\CodeIgniter.php(326): CodeIgniter\CodeIgniter->handleRequest(NULL, Object(Config\Cache), false)
#12 C:\wamp64\www\inventory-management\public\index.php(37): CodeIgniter\CodeIgniter->run()
#13 {main}
CRITICAL - 2024-07-04 12:27:06 --> Object of class CodeIgniter\HTTP\Response could not be converted to string
#0 C:\wamp64\www\inventory-management\vendor\codeigniter4\framework\system\Database\Query.php(318): strtr('INSERT INTO `pu...', Array)
#1 C:\wamp64\www\inventory-management\vendor\codeigniter4\framework\system\Database\Query.php(293): CodeIgniter\Database\Query->matchNamedBinds('INSERT INTO `pu...', Array)
#2 C:\wamp64\www\inventory-management\vendor\codeigniter4\framework\system\Database\Query.php(150): CodeIgniter\Database\Query->compileBinds()
#3 C:\wamp64\www\inventory-management\vendor\codeigniter4\framework\system\Database\BaseConnection.php(598): CodeIgniter\Database\Query->getQuery()
#4 C:\wamp64\www\inventory-management\vendor\codeigniter4\framework\system\Database\BaseBuilder.php(1771): CodeIgniter\Database\BaseConnection->query('INSERT INTO `pu...', Array, false)
#5 C:\wamp64\www\inventory-management\vendor\codeigniter4\framework\system\Model.php(239): CodeIgniter\Database\BaseBuilder->insert()
#6 C:\wamp64\www\inventory-management\vendor\codeigniter4\framework\system\BaseModel.php(738): CodeIgniter\Model->doInsert(Array)
#7 C:\wamp64\www\inventory-management\vendor\codeigniter4\framework\system\Model.php(625): CodeIgniter\BaseModel->insert(Array, true)
#8 C:\wamp64\www\inventory-management\Modules\Purchases\Controllers\Purchases.php(93): CodeIgniter\Model->insert(Array)
#9 C:\wamp64\www\inventory-management\vendor\codeigniter4\framework\system\CodeIgniter.php(832): Purchases\Controllers\Purchases->storePurchases()
#10 C:\wamp64\www\inventory-management\vendor\codeigniter4\framework\system\CodeIgniter.php(419): CodeIgniter\CodeIgniter->runController(Object(Purchases\Controllers\Purchases))
#11 C:\wamp64\www\inventory-management\vendor\codeigniter4\framework\system\CodeIgniter.php(326): CodeIgniter\CodeIgniter->handleRequest(NULL, Object(Config\Cache), false)
#12 C:\wamp64\www\inventory-management\public\index.php(37): CodeIgniter\CodeIgniter->run()
#13 {main}
CRITICAL - 2024-07-04 12:33:08 --> Object of class CodeIgniter\HTTP\Response could not be converted to string
#0 C:\wamp64\www\inventory-management\vendor\codeigniter4\framework\system\Database\Query.php(318): strtr('INSERT INTO `pu...', Array)
#1 C:\wamp64\www\inventory-management\vendor\codeigniter4\framework\system\Database\Query.php(293): CodeIgniter\Database\Query->matchNamedBinds('INSERT INTO `pu...', Array)
#2 C:\wamp64\www\inventory-management\vendor\codeigniter4\framework\system\Database\Query.php(150): CodeIgniter\Database\Query->compileBinds()
#3 C:\wamp64\www\inventory-management\vendor\codeigniter4\framework\system\Database\BaseConnection.php(598): CodeIgniter\Database\Query->getQuery()
#4 C:\wamp64\www\inventory-management\vendor\codeigniter4\framework\system\Database\BaseBuilder.php(1771): CodeIgniter\Database\BaseConnection->query('INSERT INTO `pu...', Array, false)
#5 C:\wamp64\www\inventory-management\vendor\codeigniter4\framework\system\Model.php(239): CodeIgniter\Database\BaseBuilder->insert()
#6 C:\wamp64\www\inventory-management\vendor\codeigniter4\framework\system\BaseModel.php(738): CodeIgniter\Model->doInsert(Array)
#7 C:\wamp64\www\inventory-management\vendor\codeigniter4\framework\system\Model.php(625): CodeIgniter\BaseModel->insert(Array, true)
#8 C:\wamp64\www\inventory-management\Modules\Purchases\Controllers\Purchases.php(93): CodeIgniter\Model->insert(Array)
#9 C:\wamp64\www\inventory-management\vendor\codeigniter4\framework\system\CodeIgniter.php(832): Purchases\Controllers\Purchases->storePurchases()
#10 C:\wamp64\www\inventory-management\vendor\codeigniter4\framework\system\CodeIgniter.php(419): CodeIgniter\CodeIgniter->runController(Object(Purchases\Controllers\Purchases))
#11 C:\wamp64\www\inventory-management\vendor\codeigniter4\framework\system\CodeIgniter.php(326): CodeIgniter\CodeIgniter->handleRequest(NULL, Object(Config\Cache), false)
#12 C:\wamp64\www\inventory-management\public\index.php(37): CodeIgniter\CodeIgniter->run()
#13 {main}
CRITICAL - 2024-07-04 12:43:20 --> Object of class CodeIgniter\HTTP\Response could not be converted to string
#0 C:\wamp64\www\inventory-management\vendor\codeigniter4\framework\system\Database\Query.php(318): strtr('INSERT INTO `pu...', Array)
#1 C:\wamp64\www\inventory-management\vendor\codeigniter4\framework\system\Database\Query.php(293): CodeIgniter\Database\Query->matchNamedBinds('INSERT INTO `pu...', Array)
#2 C:\wamp64\www\inventory-management\vendor\codeigniter4\framework\system\Database\Query.php(150): CodeIgniter\Database\Query->compileBinds()
#3 C:\wamp64\www\inventory-management\vendor\codeigniter4\framework\system\Database\BaseConnection.php(598): CodeIgniter\Database\Query->getQuery()
#4 C:\wamp64\www\inventory-management\vendor\codeigniter4\framework\system\Database\BaseBuilder.php(1771): CodeIgniter\Database\BaseConnection->query('INSERT INTO `pu...', Array, false)
#5 C:\wamp64\www\inventory-management\vendor\codeigniter4\framework\system\Model.php(239): CodeIgniter\Database\BaseBuilder->insert()
#6 C:\wamp64\www\inventory-management\vendor\codeigniter4\framework\system\BaseModel.php(738): CodeIgniter\Model->doInsert(Array)
#7 C:\wamp64\www\inventory-management\vendor\codeigniter4\framework\system\Model.php(625): CodeIgniter\BaseModel->insert(Array, true)
#8 C:\wamp64\www\inventory-management\Modules\Purchases\Controllers\Purchases.php(93): CodeIgniter\Model->insert(Array)
#9 C:\wamp64\www\inventory-management\vendor\codeigniter4\framework\system\CodeIgniter.php(832): Purchases\Controllers\Purchases->storePurchases()
#10 C:\wamp64\www\inventory-management\vendor\codeigniter4\framework\system\CodeIgniter.php(419): CodeIgniter\CodeIgniter->runController(Object(Purchases\Controllers\Purchases))
#11 C:\wamp64\www\inventory-management\vendor\codeigniter4\framework\system\CodeIgniter.php(326): CodeIgniter\CodeIgniter->handleRequest(NULL, Object(Config\Cache), false)
#12 C:\wamp64\www\inventory-management\public\index.php(37): CodeIgniter\CodeIgniter->run()
#13 {main}
CRITICAL - 2024-07-04 12:45:41 --> Object of class CodeIgniter\HTTP\Response could not be converted to string
#0 C:\wamp64\www\inventory-management\vendor\codeigniter4\framework\system\Database\Query.php(318): strtr('INSERT INTO `pu...', Array)
#1 C:\wamp64\www\inventory-management\vendor\codeigniter4\framework\system\Database\Query.php(293): CodeIgniter\Database\Query->matchNamedBinds('INSERT INTO `pu...', Array)
#2 C:\wamp64\www\inventory-management\vendor\codeigniter4\framework\system\Database\Query.php(150): CodeIgniter\Database\Query->compileBinds()
#3 C:\wamp64\www\inventory-management\vendor\codeigniter4\framework\system\Database\BaseConnection.php(598): CodeIgniter\Database\Query->getQuery()
#4 C:\wamp64\www\inventory-management\vendor\codeigniter4\framework\system\Database\BaseBuilder.php(1771): CodeIgniter\Database\BaseConnection->query('INSERT INTO `pu...', Array, false)
#5 C:\wamp64\www\inventory-management\vendor\codeigniter4\framework\system\Model.php(239): CodeIgniter\Database\BaseBuilder->insert()
#6 C:\wamp64\www\inventory-management\vendor\codeigniter4\framework\system\BaseModel.php(738): CodeIgniter\Model->doInsert(Array)
#7 C:\wamp64\www\inventory-management\vendor\codeigniter4\framework\system\Model.php(625): CodeIgniter\BaseModel->insert(Array, true)
#8 C:\wamp64\www\inventory-management\Modules\Purchases\Controllers\Purchases.php(93): CodeIgniter\Model->insert(Array)
#9 C:\wamp64\www\inventory-management\vendor\codeigniter4\framework\system\CodeIgniter.php(832): Purchases\Controllers\Purchases->storePurchases()
#10 C:\wamp64\www\inventory-management\vendor\codeigniter4\framework\system\CodeIgniter.php(419): CodeIgniter\CodeIgniter->runController(Object(Purchases\Controllers\Purchases))
#11 C:\wamp64\www\inventory-management\vendor\codeigniter4\framework\system\CodeIgniter.php(326): CodeIgniter\CodeIgniter->handleRequest(NULL, Object(Config\Cache), false)
#12 C:\wamp64\www\inventory-management\public\index.php(37): CodeIgniter\CodeIgniter->run()
#13 {main}
CRITICAL - 2024-07-04 15:23:02 --> Object of class CodeIgniter\HTTP\Response could not be converted to string
#0 C:\wamp64\www\inventory-management\vendor\codeigniter4\framework\system\Database\Query.php(318): strtr('INSERT INTO `pu...', Array)
#1 C:\wamp64\www\inventory-management\vendor\codeigniter4\framework\system\Database\Query.php(293): CodeIgniter\Database\Query->matchNamedBinds('INSERT INTO `pu...', Array)
#2 C:\wamp64\www\inventory-management\vendor\codeigniter4\framework\system\Database\Query.php(150): CodeIgniter\Database\Query->compileBinds()
#3 C:\wamp64\www\inventory-management\vendor\codeigniter4\framework\system\Database\BaseConnection.php(598): CodeIgniter\Database\Query->getQuery()
#4 C:\wamp64\www\inventory-management\vendor\codeigniter4\framework\system\Database\BaseBuilder.php(1771): CodeIgniter\Database\BaseConnection->query('INSERT INTO `pu...', Array, false)
#5 C:\wamp64\www\inventory-management\vendor\codeigniter4\framework\system\Model.php(239): CodeIgniter\Database\BaseBuilder->insert()
#6 C:\wamp64\www\inventory-management\vendor\codeigniter4\framework\system\BaseModel.php(738): CodeIgniter\Model->doInsert(Array)
#7 C:\wamp64\www\inventory-management\vendor\codeigniter4\framework\system\Model.php(625): CodeIgniter\BaseModel->insert(Array, true)
#8 C:\wamp64\www\inventory-management\Modules\Purchases\Controllers\Purchases.php(97): CodeIgniter\Model->insert(Array)
#9 C:\wamp64\www\inventory-management\vendor\codeigniter4\framework\system\CodeIgniter.php(832): Purchases\Controllers\Purchases->storePurchases()
#10 C:\wamp64\www\inventory-management\vendor\codeigniter4\framework\system\CodeIgniter.php(419): CodeIgniter\CodeIgniter->runController(Object(Purchases\Controllers\Purchases))
#11 C:\wamp64\www\inventory-management\vendor\codeigniter4\framework\system\CodeIgniter.php(326): CodeIgniter\CodeIgniter->handleRequest(NULL, Object(Config\Cache), false)
#12 C:\wamp64\www\inventory-management\public\index.php(37): CodeIgniter\CodeIgniter->run()
#13 {main}
CRITICAL - 2024-07-04 15:24:42 --> Object of class CodeIgniter\HTTP\Response could not be converted to string
#0 C:\wamp64\www\inventory-management\vendor\codeigniter4\framework\system\Database\Query.php(318): strtr('INSERT INTO `pu...', Array)
#1 C:\wamp64\www\inventory-management\vendor\codeigniter4\framework\system\Database\Query.php(293): CodeIgniter\Database\Query->matchNamedBinds('INSERT INTO `pu...', Array)
#2 C:\wamp64\www\inventory-management\vendor\codeigniter4\framework\system\Database\Query.php(150): CodeIgniter\Database\Query->compileBinds()
#3 C:\wamp64\www\inventory-management\vendor\codeigniter4\framework\system\Database\BaseConnection.php(598): CodeIgniter\Database\Query->getQuery()
#4 C:\wamp64\www\inventory-management\vendor\codeigniter4\framework\system\Database\BaseBuilder.php(1771): CodeIgniter\Database\BaseConnection->query('INSERT INTO `pu...', Array, false)
#5 C:\wamp64\www\inventory-management\vendor\codeigniter4\framework\system\Model.php(239): CodeIgniter\Database\BaseBuilder->insert()
#6 C:\wamp64\www\inventory-management\vendor\codeigniter4\framework\system\BaseModel.php(738): CodeIgniter\Model->doInsert(Array)
#7 C:\wamp64\www\inventory-management\vendor\codeigniter4\framework\system\Model.php(625): CodeIgniter\BaseModel->insert(Array, true)
#8 C:\wamp64\www\inventory-management\Modules\Purchases\Controllers\Purchases.php(97): CodeIgniter\Model->insert(Array)
#9 C:\wamp64\www\inventory-management\vendor\codeigniter4\framework\system\CodeIgniter.php(832): Purchases\Controllers\Purchases->storePurchases()
#10 C:\wamp64\www\inventory-management\vendor\codeigniter4\framework\system\CodeIgniter.php(419): CodeIgniter\CodeIgniter->runController(Object(Purchases\Controllers\Purchases))
#11 C:\wamp64\www\inventory-management\vendor\codeigniter4\framework\system\CodeIgniter.php(326): CodeIgniter\CodeIgniter->handleRequest(NULL, Object(Config\Cache), false)
#12 C:\wamp64\www\inventory-management\public\index.php(37): CodeIgniter\CodeIgniter->run()
#13 {main}
CRITICAL - 2024-07-04 15:33:37 --> Object of class CodeIgniter\HTTP\Response could not be converted to string
#0 C:\wamp64\www\inventory-management\vendor\codeigniter4\framework\system\Database\Query.php(318): strtr('INSERT INTO `pu...', Array)
#1 C:\wamp64\www\inventory-management\vendor\codeigniter4\framework\system\Database\Query.php(293): CodeIgniter\Database\Query->matchNamedBinds('INSERT INTO `pu...', Array)
#2 C:\wamp64\www\inventory-management\vendor\codeigniter4\framework\system\Database\Query.php(150): CodeIgniter\Database\Query->compileBinds()
#3 C:\wamp64\www\inventory-management\vendor\codeigniter4\framework\system\Database\BaseConnection.php(598): CodeIgniter\Database\Query->getQuery()
#4 C:\wamp64\www\inventory-management\vendor\codeigniter4\framework\system\Database\BaseBuilder.php(1771): CodeIgniter\Database\BaseConnection->query('INSERT INTO `pu...', Array, false)
#5 C:\wamp64\www\inventory-management\vendor\codeigniter4\framework\system\Model.php(239): CodeIgniter\Database\BaseBuilder->insert()
#6 C:\wamp64\www\inventory-management\vendor\codeigniter4\framework\system\BaseModel.php(738): CodeIgniter\Model->doInsert(Array)
#7 C:\wamp64\www\inventory-management\vendor\codeigniter4\framework\system\Model.php(625): CodeIgniter\BaseModel->insert(Array, true)
#8 C:\wamp64\www\inventory-management\Modules\Purchases\Controllers\Purchases.php(97): CodeIgniter\Model->insert(Array)
#9 C:\wamp64\www\inventory-management\vendor\codeigniter4\framework\system\CodeIgniter.php(832): Purchases\Controllers\Purchases->storePurchases()
#10 C:\wamp64\www\inventory-management\vendor\codeigniter4\framework\system\CodeIgniter.php(419): CodeIgniter\CodeIgniter->runController(Object(Purchases\Controllers\Purchases))
#11 C:\wamp64\www\inventory-management\vendor\codeigniter4\framework\system\CodeIgniter.php(326): CodeIgniter\CodeIgniter->handleRequest(NULL, Object(Config\Cache), false)
#12 C:\wamp64\www\inventory-management\public\index.php(37): CodeIgniter\CodeIgniter->run()
#13 {main}
CRITICAL - 2024-07-04 15:42:17 --> Object of class CodeIgniter\HTTP\Response could not be converted to string
#0 C:\wamp64\www\inventory-management\vendor\codeigniter4\framework\system\Database\Query.php(318): strtr('INSERT INTO `pu...', Array)
#1 C:\wamp64\www\inventory-management\vendor\codeigniter4\framework\system\Database\Query.php(293): CodeIgniter\Database\Query->matchNamedBinds('INSERT INTO `pu...', Array)
#2 C:\wamp64\www\inventory-management\vendor\codeigniter4\framework\system\Database\Query.php(150): CodeIgniter\Database\Query->compileBinds()
#3 C:\wamp64\www\inventory-management\vendor\codeigniter4\framework\system\Database\BaseConnection.php(598): CodeIgniter\Database\Query->getQuery()
#4 C:\wamp64\www\inventory-management\vendor\codeigniter4\framework\system\Database\BaseBuilder.php(1771): CodeIgniter\Database\BaseConnection->query('INSERT INTO `pu...', Array, false)
#5 C:\wamp64\www\inventory-management\vendor\codeigniter4\framework\system\Model.php(239): CodeIgniter\Database\BaseBuilder->insert()
#6 C:\wamp64\www\inventory-management\vendor\codeigniter4\framework\system\BaseModel.php(738): CodeIgniter\Model->doInsert(Array)
#7 C:\wamp64\www\inventory-management\vendor\codeigniter4\framework\system\Model.php(625): CodeIgniter\BaseModel->insert(Array, true)
#8 C:\wamp64\www\inventory-management\Modules\Purchases\Controllers\Purchases.php(97): CodeIgniter\Model->insert(Array)
#9 C:\wamp64\www\inventory-management\vendor\codeigniter4\framework\system\CodeIgniter.php(832): Purchases\Controllers\Purchases->storePurchases()
#10 C:\wamp64\www\inventory-management\vendor\codeigniter4\framework\system\CodeIgniter.php(419): CodeIgniter\CodeIgniter->runController(Object(Purchases\Controllers\Purchases))
#11 C:\wamp64\www\inventory-management\vendor\codeigniter4\framework\system\CodeIgniter.php(326): CodeIgniter\CodeIgniter->handleRequest(NULL, Object(Config\Cache), false)
#12 C:\wamp64\www\inventory-management\public\index.php(37): CodeIgniter\CodeIgniter->run()
#13 {main}
CRITICAL - 2024-07-04 15:56:32 --> Object of class CodeIgniter\HTTP\Response could not be converted to string
#0 C:\wamp64\www\inventory-management\vendor\codeigniter4\framework\system\Database\Query.php(318): strtr('INSERT INTO `pu...', Array)
#1 C:\wamp64\www\inventory-management\vendor\codeigniter4\framework\system\Database\Query.php(293): CodeIgniter\Database\Query->matchNamedBinds('INSERT INTO `pu...', Array)
#2 C:\wamp64\www\inventory-management\vendor\codeigniter4\framework\system\Database\Query.php(150): CodeIgniter\Database\Query->compileBinds()
#3 C:\wamp64\www\inventory-management\vendor\codeigniter4\framework\system\Database\BaseConnection.php(598): CodeIgniter\Database\Query->getQuery()
#4 C:\wamp64\www\inventory-management\vendor\codeigniter4\framework\system\Database\BaseBuilder.php(1771): CodeIgniter\Database\BaseConnection->query('INSERT INTO `pu...', Array, false)
#5 C:\wamp64\www\inventory-management\vendor\codeigniter4\framework\system\Model.php(239): CodeIgniter\Database\BaseBuilder->insert()
#6 C:\wamp64\www\inventory-management\vendor\codeigniter4\framework\system\BaseModel.php(738): CodeIgniter\Model->doInsert(Array)
#7 C:\wamp64\www\inventory-management\vendor\codeigniter4\framework\system\Model.php(625): CodeIgniter\BaseModel->insert(Array, true)
#8 C:\wamp64\www\inventory-management\Modules\Purchases\Controllers\Purchases.php(97): CodeIgniter\Model->insert(Array)
#9 C:\wamp64\www\inventory-management\vendor\codeigniter4\framework\system\CodeIgniter.php(832): Purchases\Controllers\Purchases->storePurchases()
#10 C:\wamp64\www\inventory-management\vendor\codeigniter4\framework\system\CodeIgniter.php(419): CodeIgniter\CodeIgniter->runController(Object(Purchases\Controllers\Purchases))
#11 C:\wamp64\www\inventory-management\vendor\codeigniter4\framework\system\CodeIgniter.php(326): CodeIgniter\CodeIgniter->handleRequest(NULL, Object(Config\Cache), false)
#12 C:\wamp64\www\inventory-management\public\index.php(37): CodeIgniter\CodeIgniter->run()
#13 {main}
CRITICAL - 2024-07-04 17:20:18 --> Invalid file: Products\Views\purchases\add.php
#0 C:\wamp64\www\inventory-management\vendor\codeigniter4\framework\system\View\View.php(198): CodeIgniter\Exceptions\FrameworkException::forInvalidFile('Products\\Views\\...')
#1 C:\wamp64\www\inventory-management\vendor\codeigniter4\framework\system\Common.php(1089): CodeIgniter\View\View->render('Products\\Views\\...', Array, true)
#2 C:\wamp64\www\inventory-management\Modules\Purchases\Controllers\Purchases.php(67): view('Products\\Views\\...', Array)
#3 C:\wamp64\www\inventory-management\vendor\codeigniter4\framework\system\CodeIgniter.php(832): Purchases\Controllers\Purchases->storePurchases()
#4 C:\wamp64\www\inventory-management\vendor\codeigniter4\framework\system\CodeIgniter.php(419): CodeIgniter\CodeIgniter->runController(Object(Purchases\Controllers\Purchases))
#5 C:\wamp64\www\inventory-management\vendor\codeigniter4\framework\system\CodeIgniter.php(326): CodeIgniter\CodeIgniter->handleRequest(NULL, Object(Config\Cache), false)
#6 C:\wamp64\www\inventory-management\public\index.php(37): CodeIgniter\CodeIgniter->run()
#7 {main}
CRITICAL - 2024-07-04 17:23:46 --> Invalid file: Products\Views\purchases\add.php
#0 C:\wamp64\www\inventory-management\vendor\codeigniter4\framework\system\View\View.php(198): CodeIgniter\Exceptions\FrameworkException::forInvalidFile('Products\\Views\\...')
#1 C:\wamp64\www\inventory-management\vendor\codeigniter4\framework\system\Common.php(1089): CodeIgniter\View\View->render('Products\\Views\\...', Array, true)
#2 C:\wamp64\www\inventory-management\Modules\Purchases\Controllers\Purchases.php(67): view('Products\\Views\\...', Array)
#3 C:\wamp64\www\inventory-management\vendor\codeigniter4\framework\system\CodeIgniter.php(832): Purchases\Controllers\Purchases->storePurchases()
#4 C:\wamp64\www\inventory-management\vendor\codeigniter4\framework\system\CodeIgniter.php(419): CodeIgniter\CodeIgniter->runController(Object(Purchases\Controllers\Purchases))
#5 C:\wamp64\www\inventory-management\vendor\codeigniter4\framework\system\CodeIgniter.php(326): CodeIgniter\CodeIgniter->handleRequest(NULL, Object(Config\Cache), false)
#6 C:\wamp64\www\inventory-management\public\index.php(37): CodeIgniter\CodeIgniter->run()
#7 {main}
CRITICAL - 2024-07-04 17:24:43 --> Invalid file: Products\Views\purchases\add.php
#0 C:\wamp64\www\inventory-management\vendor\codeigniter4\framework\system\View\View.php(198): CodeIgniter\Exceptions\FrameworkException::forInvalidFile('Products\\Views\\...')
#1 C:\wamp64\www\inventory-management\vendor\codeigniter4\framework\system\Common.php(1089): CodeIgniter\View\View->render('Products\\Views\\...', Array, true)
#2 C:\wamp64\www\inventory-management\Modules\Purchases\Controllers\Purchases.php(67): view('Products\\Views\\...', Array)
#3 C:\wamp64\www\inventory-management\vendor\codeigniter4\framework\system\CodeIgniter.php(832): Purchases\Controllers\Purchases->storePurchases()
#4 C:\wamp64\www\inventory-management\vendor\codeigniter4\framework\system\CodeIgniter.php(419): CodeIgniter\CodeIgniter->runController(Object(Purchases\Controllers\Purchases))
#5 C:\wamp64\www\inventory-management\vendor\codeigniter4\framework\system\CodeIgniter.php(326): CodeIgniter\CodeIgniter->handleRequest(NULL, Object(Config\Cache), false)
#6 C:\wamp64\www\inventory-management\public\index.php(37): CodeIgniter\CodeIgniter->run()
#7 {main}
CRITICAL - 2024-07-04 17:29:22 --> Invalid file: Products\Views\purchases\add.php
#0 C:\wamp64\www\inventory-management\vendor\codeigniter4\framework\system\View\View.php(198): CodeIgniter\Exceptions\FrameworkException::forInvalidFile('Products\\Views\\...')
#1 C:\wamp64\www\inventory-management\vendor\codeigniter4\framework\system\Common.php(1089): CodeIgniter\View\View->render('Products\\Views\\...', Array, true)
#2 C:\wamp64\www\inventory-management\Modules\Purchases\Controllers\Purchases.php(67): view('Products\\Views\\...', Array)
#3 C:\wamp64\www\inventory-management\vendor\codeigniter4\framework\system\CodeIgniter.php(832): Purchases\Controllers\Purchases->storePurchases()
#4 C:\wamp64\www\inventory-management\vendor\codeigniter4\framework\system\CodeIgniter.php(419): CodeIgniter\CodeIgniter->runController(Object(Purchases\Controllers\Purchases))
#5 C:\wamp64\www\inventory-management\vendor\codeigniter4\framework\system\CodeIgniter.php(326): CodeIgniter\CodeIgniter->handleRequest(NULL, Object(Config\Cache), false)
#6 C:\wamp64\www\inventory-management\public\index.php(37): CodeIgniter\CodeIgniter->run()
#7 {main}
