CRITICAL - 2024-04-28 17:27:21 --> Undefined variable: sku_code
#0 C:\wamp64\www\pos\Modules\Products\Views\products\add.php(52): CodeIgniter\Debug\Exceptions->errorHandler(8, 'Undefined varia...', 'C:\\wamp64\\www\\p...', 52, Array)
#1 C:\wamp64\www\pos\vendor\codeigniter4\framework\system\View\View.php(210): include('C:\\wamp64\\www\\p...')
#2 C:\wamp64\www\pos\vendor\codeigniter4\framework\system\View\View.php(213): CodeIgniter\View\View->CodeIgniter\View\{closure}()
#3 C:\wamp64\www\pos\vendor\codeigniter4\framework\system\Common.php(1089): CodeIgniter\View\View->render('Products\\Views\\...', Array, true)
#4 C:\wamp64\www\pos\Modules\Products\Controllers\Products.php(88): view('Products\\Views\\...', Array)
#5 C:\wamp64\www\pos\vendor\codeigniter4\framework\system\CodeIgniter.php(832): Products\Controllers\Products->storeProducts()
#6 C:\wamp64\www\pos\vendor\codeigniter4\framework\system\CodeIgniter.php(419): CodeIgniter\CodeIgniter->runController(Object(Products\Controllers\Products))
#7 C:\wamp64\www\pos\vendor\codeigniter4\framework\system\CodeIgniter.php(326): CodeIgniter\CodeIgniter->handleRequest(NULL, Object(Config\Cache), false)
#8 C:\wamp64\www\pos\public\index.php(37): CodeIgniter\CodeIgniter->run()
#9 {main}
CRITICAL - 2024-04-28 17:29:18 --> Undefined variable: sku_code
#0 C:\wamp64\www\pos\Modules\Products\Views\products\add.php(52): CodeIgniter\Debug\Exceptions->errorHandler(8, 'Undefined varia...', 'C:\\wamp64\\www\\p...', 52, Array)
#1 C:\wamp64\www\pos\vendor\codeigniter4\framework\system\View\View.php(210): include('C:\\wamp64\\www\\p...')
#2 C:\wamp64\www\pos\vendor\codeigniter4\framework\system\View\View.php(213): CodeIgniter\View\View->CodeIgniter\View\{closure}()
#3 C:\wamp64\www\pos\vendor\codeigniter4\framework\system\Common.php(1089): CodeIgniter\View\View->render('Products\\Views\\...', Array, true)
#4 C:\wamp64\www\pos\Modules\Products\Controllers\Products.php(88): view('Products\\Views\\...', Array)
#5 C:\wamp64\www\pos\vendor\codeigniter4\framework\system\CodeIgniter.php(832): Products\Controllers\Products->storeProducts()
#6 C:\wamp64\www\pos\vendor\codeigniter4\framework\system\CodeIgniter.php(419): CodeIgniter\CodeIgniter->runController(Object(Products\Controllers\Products))
#7 C:\wamp64\www\pos\vendor\codeigniter4\framework\system\CodeIgniter.php(326): CodeIgniter\CodeIgniter->handleRequest(NULL, Object(Config\Cache), false)
#8 C:\wamp64\www\pos\public\index.php(37): CodeIgniter\CodeIgniter->run()
#9 {main}
CRITICAL - 2024-04-28 17:38:44 --> Undefined variable: sku_code
#0 C:\wamp64\www\pos\Modules\Products\Views\products\add.php(52): CodeIgniter\Debug\Exceptions->errorHandler(8, 'Undefined varia...', 'C:\\wamp64\\www\\p...', 52, Array)
#1 C:\wamp64\www\pos\vendor\codeigniter4\framework\system\View\View.php(210): include('C:\\wamp64\\www\\p...')
#2 C:\wamp64\www\pos\vendor\codeigniter4\framework\system\View\View.php(213): CodeIgniter\View\View->CodeIgniter\View\{closure}()
#3 C:\wamp64\www\pos\vendor\codeigniter4\framework\system\Common.php(1089): CodeIgniter\View\View->render('Products\\Views\\...', Array, true)
#4 C:\wamp64\www\pos\Modules\Products\Controllers\Products.php(88): view('Products\\Views\\...', Array)
#5 C:\wamp64\www\pos\vendor\codeigniter4\framework\system\CodeIgniter.php(832): Products\Controllers\Products->storeProducts()
#6 C:\wamp64\www\pos\vendor\codeigniter4\framework\system\CodeIgniter.php(419): CodeIgniter\CodeIgniter->runController(Object(Products\Controllers\Products))
#7 C:\wamp64\www\pos\vendor\codeigniter4\framework\system\CodeIgniter.php(326): CodeIgniter\CodeIgniter->handleRequest(NULL, Object(Config\Cache), false)
#8 C:\wamp64\www\pos\public\index.php(37): CodeIgniter\CodeIgniter->run()
#9 {main}
CRITICAL - 2024-04-28 17:40:54 --> Undefined variable: sku_code
#0 C:\wamp64\www\pos\Modules\Products\Views\products\add.php(52): CodeIgniter\Debug\Exceptions->errorHandler(8, 'Undefined varia...', 'C:\\wamp64\\www\\p...', 52, Array)
#1 C:\wamp64\www\pos\vendor\codeigniter4\framework\system\View\View.php(210): include('C:\\wamp64\\www\\p...')
#2 C:\wamp64\www\pos\vendor\codeigniter4\framework\system\View\View.php(213): CodeIgniter\View\View->CodeIgniter\View\{closure}()
#3 C:\wamp64\www\pos\vendor\codeigniter4\framework\system\Common.php(1089): CodeIgniter\View\View->render('Products\\Views\\...', Array, true)
#4 C:\wamp64\www\pos\Modules\Products\Controllers\Products.php(88): view('Products\\Views\\...', Array)
#5 C:\wamp64\www\pos\vendor\codeigniter4\framework\system\CodeIgniter.php(832): Products\Controllers\Products->storeProducts()
#6 C:\wamp64\www\pos\vendor\codeigniter4\framework\system\CodeIgniter.php(419): CodeIgniter\CodeIgniter->runController(Object(Products\Controllers\Products))
#7 C:\wamp64\www\pos\vendor\codeigniter4\framework\system\CodeIgniter.php(326): CodeIgniter\CodeIgniter->handleRequest(NULL, Object(Config\Cache), false)
#8 C:\wamp64\www\pos\public\index.php(37): CodeIgniter\CodeIgniter->run()
#9 {main}
CRITICAL - 2024-04-28 17:43:20 --> Undefined variable: brands
#0 C:\wamp64\www\pos\Modules\Products\Views\products\add.php(54): CodeIgniter\Debug\Exceptions->errorHandler(8, 'Undefined varia...', 'C:\\wamp64\\www\\p...', 54, Array)
#1 C:\wamp64\www\pos\vendor\codeigniter4\framework\system\View\View.php(210): include('C:\\wamp64\\www\\p...')
#2 C:\wamp64\www\pos\vendor\codeigniter4\framework\system\View\View.php(213): CodeIgniter\View\View->CodeIgniter\View\{closure}()
#3 C:\wamp64\www\pos\vendor\codeigniter4\framework\system\Common.php(1089): CodeIgniter\View\View->render('Products\\Views\\...', Array, true)
#4 C:\wamp64\www\pos\Modules\Products\Controllers\Products.php(88): view('Products\\Views\\...', Array)
#5 C:\wamp64\www\pos\vendor\codeigniter4\framework\system\CodeIgniter.php(832): Products\Controllers\Products->storeProducts()
#6 C:\wamp64\www\pos\vendor\codeigniter4\framework\system\CodeIgniter.php(419): CodeIgniter\CodeIgniter->runController(Object(Products\Controllers\Products))
#7 C:\wamp64\www\pos\vendor\codeigniter4\framework\system\CodeIgniter.php(326): CodeIgniter\CodeIgniter->handleRequest(NULL, Object(Config\Cache), false)
#8 C:\wamp64\www\pos\public\index.php(37): CodeIgniter\CodeIgniter->run()
#9 {main}
